2025-03=29 14:1610 INFO ====== WebDriver manager ======
2025-03=29 14:1610 INFO Get LATEST chromedriver version for google-chrome
2025-03=29 14:1611 INFO Get LATEST chromedriver version for google-chrome
2025-03=29 14:1611 INFO Driver [C:\Users\KIND\.wdm\drivers\chromedriver\win64\134.0.6998.165\chromedriver-win32/chromedriver.exe] found in cache
2025-03=29 14:1612 INFO Запустили фикстуру авторизации
2025-03=29 14:1612 INFO Send 1test_np to element Поле 'Логин'
2025-03=29 14:1612 INFO Send Test123$ to element Поле 'Пароль'
2025-03=29 14:1612 INFO Clicked Кнопка 'Войти' button
2025-03=29 14:1612 INFO We find text Доступные для работы модули: in field Текст меню после авторизации
2025-03=29 14:1612 INFO Пользователь ввел логин и пароль. Нажал кнопку входа
2025-03=29 14:1612 INFO Запустили тест проверки фильтрации на организационном уровне
2025-03=29 14:1613 INFO Clicked Иконка 'СТАТ отчетность' button
2025-03=29 14:1614 INFO Clicked Раздел 'Мониторинг здоровья' button
2025-03=29 14:1614 INFO Clicked Кнопка 'Форма №1' button
2025-03=29 14:1614 INFO Clicked Выпадающий список уровней видимости button
2025-03=29 14:1615 INFO Clicked Выбор уровня 'Организация' button
2025-03=29 14:1615 INFO We find text Организация in field Подтверждение уровня 'Организация'
2025-03=29 14:1620 INFO Clicked Регион (выпадающий список) button
2025-03=29 14:1621 INFO Clicked Москва из выпадающего списка button
2025-03=29 14:1621 INFO Clicked Район (выпадающий список) button
2025-03=29 14:1622 INFO Clicked Восточный район Москва button
2025-03=29 14:1622 INFO Clicked Выпадающий список организаций button
2025-03=29 14:1622 INFO Send альбион to element Название организации
2025-03=29 14:1622 ERROR Exception while finding element ('xpath', '//nz-option-item[contains(@title, \'ООО "АЛЬБИОН" (119021, МОСКВА\')]')
Traceback (most recent call last):
  File "C:\Users\KIND\rospotrebnadzorTest\base\BaseApp.py", line 16, in find_element
    element = WebDriverWait(self.driver, time).until(
  File "C:\Users\KIND\rospotrebnadzorTest\.venv\lib\site-packages\selenium\webdriver\support\wait.py", line 96, in until
    value = method(self._driver)
  File "C:\Users\KIND\rospotrebnadzorTest\.venv\lib\site-packages\selenium\webdriver\support\expected_conditions.py", line 363, in _predicate
    target = driver.find_element(*target)  # grab element at locator
  File "C:\Users\KIND\rospotrebnadzorTest\.venv\lib\site-packages\selenium\webdriver\remote\webdriver.py", line 770, in find_element
    return self.execute(Command.FIND_ELEMENT, {"using": by, "value": value})["value"]
  File "C:\Users\KIND\rospotrebnadzorTest\.venv\lib\site-packages\selenium\webdriver\remote\webdriver.py", line 384, in execute
    self.error_handler.check_response(response)
  File "C:\Users\KIND\rospotrebnadzorTest\.venv\lib\site-packages\selenium\webdriver\remote\errorhandler.py", line 232, in check_response
    raise exception_class(message, screen, stacktrace)
selenium.common.exceptions.InvalidSessionIdException: Message: invalid session id: session deleted as the browser has closed the connection
from disconnected: not connected to DevTools
  (Session info: chrome=134.0.6998.178)
Stacktrace:
	GetHandleVerifier [0x0120C7F3+24435]
	(No symbol) [0x01192074]
	(No symbol) [0x010606E3]
	(No symbol) [0x0104FEC0]
	(No symbol) [0x0106DFDF]
	(No symbol) [0x010D46AF]
	(No symbol) [0x010EEB19]
	(No symbol) [0x010CD5B6]
	(No symbol) [0x0109C54F]
	(No symbol) [0x0109D894]
	GetHandleVerifier [0x015170A3+3213347]
	GetHandleVerifier [0x0152B0C9+3295305]
	GetHandleVerifier [0x0152558C+3271948]
	GetHandleVerifier [0x012A7360+658144]
	(No symbol) [0x0119B27D]
	(No symbol) [0x01198208]
	(No symbol) [0x011983A9]
	(No symbol) [0x0118AAC0]
	BaseThreadInitThunk [0x768CFCC9+25]
	RtlGetAppContainerNamedObjectPath [0x779780CE+286]
	RtlGetAppContainerNamedObjectPath [0x7797809E+238]

2025-03=29 14:1622 ERROR Button Организация 'Альбион not found or not clickable
2025-03=29 14:1622 ERROR Exception while finding element ('xpath', '(//a[contains(text(), \'ООО "АЛЬБИОН"\')])[1]')
Traceback (most recent call last):
  File "C:\Users\KIND\rospotrebnadzorTest\base\BaseApp.py", line 16, in find_element
    element = WebDriverWait(self.driver, time).until(
  File "C:\Users\KIND\rospotrebnadzorTest\.venv\lib\site-packages\selenium\webdriver\support\wait.py", line 96, in until
    value = method(self._driver)
  File "C:\Users\KIND\rospotrebnadzorTest\.venv\lib\site-packages\selenium\webdriver\support\expected_conditions.py", line 156, in _predicate
    return _element_if_visible(driver.find_element(*locator))
  File "C:\Users\KIND\rospotrebnadzorTest\.venv\lib\site-packages\selenium\webdriver\remote\webdriver.py", line 770, in find_element
    return self.execute(Command.FIND_ELEMENT, {"using": by, "value": value})["value"]
  File "C:\Users\KIND\rospotrebnadzorTest\.venv\lib\site-packages\selenium\webdriver\remote\webdriver.py", line 384, in execute
    self.error_handler.check_response(response)
  File "C:\Users\KIND\rospotrebnadzorTest\.venv\lib\site-packages\selenium\webdriver\remote\errorhandler.py", line 232, in check_response
    raise exception_class(message, screen, stacktrace)
selenium.common.exceptions.InvalidSessionIdException: Message: invalid session id
Stacktrace:
	GetHandleVerifier [0x0120C7F3+24435]
	(No symbol) [0x01192074]
	(No symbol) [0x0106055E]
	(No symbol) [0x0109B9D8]
	(No symbol) [0x010CD676]
	(No symbol) [0x010C904C]
	(No symbol) [0x010C85C6]
	(No symbol) [0x01033245]
	(No symbol) [0x0103379E]
	(No symbol) [0x01033C1D]
	GetHandleVerifier [0x015170A3+3213347]
	GetHandleVerifier [0x0152B0C9+3295305]
	GetHandleVerifier [0x0152558C+3271948]
	GetHandleVerifier [0x012A7360+658144]
	(No symbol) [0x0119B27D]
	(No symbol) [0x01032F10]
	(No symbol) [0x01032ACA]
	GetHandleVerifier [0x0159E9AC+3768620]
	BaseThreadInitThunk [0x768CFCC9+25]
	RtlGetAppContainerNamedObjectPath [0x779780CE+286]
	RtlGetAppContainerNamedObjectPath [0x7797809E+238]

2025-03=29 14:1622 ERROR Exception while finding element ('xpath', "//nz-select-item[@title = 'Все']")
Traceback (most recent call last):
  File "C:\Users\KIND\rospotrebnadzorTest\base\BaseApp.py", line 16, in find_element
    element = WebDriverWait(self.driver, time).until(
  File "C:\Users\KIND\rospotrebnadzorTest\.venv\lib\site-packages\selenium\webdriver\support\wait.py", line 96, in until
    value = method(self._driver)
  File "C:\Users\KIND\rospotrebnadzorTest\.venv\lib\site-packages\selenium\webdriver\support\expected_conditions.py", line 363, in _predicate
    target = driver.find_element(*target)  # grab element at locator
  File "C:\Users\KIND\rospotrebnadzorTest\.venv\lib\site-packages\selenium\webdriver\remote\webdriver.py", line 770, in find_element
    return self.execute(Command.FIND_ELEMENT, {"using": by, "value": value})["value"]
  File "C:\Users\KIND\rospotrebnadzorTest\.venv\lib\site-packages\selenium\webdriver\remote\webdriver.py", line 384, in execute
    self.error_handler.check_response(response)
  File "C:\Users\KIND\rospotrebnadzorTest\.venv\lib\site-packages\selenium\webdriver\remote\errorhandler.py", line 232, in check_response
    raise exception_class(message, screen, stacktrace)
selenium.common.exceptions.InvalidSessionIdException: Message: invalid session id
Stacktrace:
	GetHandleVerifier [0x0120C7F3+24435]
	(No symbol) [0x01192074]
	(No symbol) [0x0106055E]
	(No symbol) [0x0109B9D8]
	(No symbol) [0x010CD676]
	(No symbol) [0x010C904C]
	(No symbol) [0x010C85C6]
	(No symbol) [0x01033245]
	(No symbol) [0x0103379E]
	(No symbol) [0x01033C1D]
	GetHandleVerifier [0x015170A3+3213347]
	GetHandleVerifier [0x0152B0C9+3295305]
	GetHandleVerifier [0x0152558C+3271948]
	GetHandleVerifier [0x012A7360+658144]
	(No symbol) [0x0119B27D]
	(No symbol) [0x01032F10]
	(No symbol) [0x01032ACA]
	GetHandleVerifier [0x0159E9AC+3768620]
	BaseThreadInitThunk [0x768CFCC9+25]
	RtlGetAppContainerNamedObjectPath [0x779780CE+286]
	RtlGetAppContainerNamedObjectPath [0x7797809E+238]

2025-03=29 14:1622 ERROR Button Поле "Состояние" в реестре отчетов not found or not clickable
2025-03=29 14:1622 ERROR Exception while finding element ('xpath', "//nz-option-item[@ng-reflect-value = 'es_signed']")
Traceback (most recent call last):
  File "C:\Users\KIND\rospotrebnadzorTest\base\BaseApp.py", line 16, in find_element
    element = WebDriverWait(self.driver, time).until(
  File "C:\Users\KIND\rospotrebnadzorTest\.venv\lib\site-packages\selenium\webdriver\support\wait.py", line 96, in until
    value = method(self._driver)
  File "C:\Users\KIND\rospotrebnadzorTest\.venv\lib\site-packages\selenium\webdriver\support\expected_conditions.py", line 363, in _predicate
    target = driver.find_element(*target)  # grab element at locator
  File "C:\Users\KIND\rospotrebnadzorTest\.venv\lib\site-packages\selenium\webdriver\remote\webdriver.py", line 770, in find_element
    return self.execute(Command.FIND_ELEMENT, {"using": by, "value": value})["value"]
  File "C:\Users\KIND\rospotrebnadzorTest\.venv\lib\site-packages\selenium\webdriver\remote\webdriver.py", line 384, in execute
    self.error_handler.check_response(response)
  File "C:\Users\KIND\rospotrebnadzorTest\.venv\lib\site-packages\selenium\webdriver\remote\errorhandler.py", line 232, in check_response
    raise exception_class(message, screen, stacktrace)
selenium.common.exceptions.InvalidSessionIdException: Message: invalid session id
Stacktrace:
	GetHandleVerifier [0x0120C7F3+24435]
	(No symbol) [0x01192074]
	(No symbol) [0x0106055E]
	(No symbol) [0x0109B9D8]
	(No symbol) [0x010CD676]
	(No symbol) [0x010C904C]
	(No symbol) [0x010C85C6]
	(No symbol) [0x01033245]
	(No symbol) [0x0103379E]
	(No symbol) [0x01033C1D]
	GetHandleVerifier [0x015170A3+3213347]
	GetHandleVerifier [0x0152B0C9+3295305]
	GetHandleVerifier [0x0152558C+3271948]
	GetHandleVerifier [0x012A7360+658144]
	(No symbol) [0x0119B27D]
	(No symbol) [0x01032F10]
	(No symbol) [0x01032ACA]
	GetHandleVerifier [0x0159E9AC+3768620]
	BaseThreadInitThunk [0x768CFCC9+25]
	RtlGetAppContainerNamedObjectPath [0x779780CE+286]
	RtlGetAppContainerNamedObjectPath [0x7797809E+238]

2025-03=29 14:1622 ERROR Button Статус 'Утверждён' not found or not clickable
2025-03=29 14:1622 ERROR Exception while finding element ('xpath', "//nz-select[@ng-reflect-is-disabled = 'false']")
Traceback (most recent call last):
  File "C:\Users\KIND\rospotrebnadzorTest\base\BaseApp.py", line 16, in find_element
    element = WebDriverWait(self.driver, time).until(
  File "C:\Users\KIND\rospotrebnadzorTest\.venv\lib\site-packages\selenium\webdriver\support\wait.py", line 96, in until
    value = method(self._driver)
  File "C:\Users\KIND\rospotrebnadzorTest\.venv\lib\site-packages\selenium\webdriver\support\expected_conditions.py", line 363, in _predicate
    target = driver.find_element(*target)  # grab element at locator
  File "C:\Users\KIND\rospotrebnadzorTest\.venv\lib\site-packages\selenium\webdriver\remote\webdriver.py", line 770, in find_element
    return self.execute(Command.FIND_ELEMENT, {"using": by, "value": value})["value"]
  File "C:\Users\KIND\rospotrebnadzorTest\.venv\lib\site-packages\selenium\webdriver\remote\webdriver.py", line 384, in execute
    self.error_handler.check_response(response)
  File "C:\Users\KIND\rospotrebnadzorTest\.venv\lib\site-packages\selenium\webdriver\remote\errorhandler.py", line 232, in check_response
    raise exception_class(message, screen, stacktrace)
selenium.common.exceptions.InvalidSessionIdException: Message: invalid session id
Stacktrace:
	GetHandleVerifier [0x0120C7F3+24435]
	(No symbol) [0x01192074]
	(No symbol) [0x0106055E]
	(No symbol) [0x0109B9D8]
	(No symbol) [0x010CD676]
	(No symbol) [0x010C904C]
	(No symbol) [0x010C85C6]
	(No symbol) [0x01033245]
	(No symbol) [0x0103379E]
	(No symbol) [0x01033C1D]
	GetHandleVerifier [0x015170A3+3213347]
	GetHandleVerifier [0x0152B0C9+3295305]
	GetHandleVerifier [0x0152558C+3271948]
	GetHandleVerifier [0x012A7360+658144]
	(No symbol) [0x0119B27D]
	(No symbol) [0x01032F10]
	(No symbol) [0x01032ACA]
	GetHandleVerifier [0x0159E9AC+3768620]
	BaseThreadInitThunk [0x768CFCC9+25]
	RtlGetAppContainerNamedObjectPath [0x779780CE+286]
	RtlGetAppContainerNamedObjectPath [0x7797809E+238]

2025-03=29 14:1622 ERROR Button Поле "Периодичность" в реестре отчетов not found or not clickable
2025-03=29 14:1622 ERROR Exception while finding element ('xpath', "//nz-option-item[@ng-reflect-value = 'monthly']")
Traceback (most recent call last):
  File "C:\Users\KIND\rospotrebnadzorTest\base\BaseApp.py", line 16, in find_element
    element = WebDriverWait(self.driver, time).until(
  File "C:\Users\KIND\rospotrebnadzorTest\.venv\lib\site-packages\selenium\webdriver\support\wait.py", line 96, in until
    value = method(self._driver)
  File "C:\Users\KIND\rospotrebnadzorTest\.venv\lib\site-packages\selenium\webdriver\support\expected_conditions.py", line 363, in _predicate
    target = driver.find_element(*target)  # grab element at locator
  File "C:\Users\KIND\rospotrebnadzorTest\.venv\lib\site-packages\selenium\webdriver\remote\webdriver.py", line 770, in find_element
    return self.execute(Command.FIND_ELEMENT, {"using": by, "value": value})["value"]
  File "C:\Users\KIND\rospotrebnadzorTest\.venv\lib\site-packages\selenium\webdriver\remote\webdriver.py", line 384, in execute
    self.error_handler.check_response(response)
  File "C:\Users\KIND\rospotrebnadzorTest\.venv\lib\site-packages\selenium\webdriver\remote\errorhandler.py", line 232, in check_response
    raise exception_class(message, screen, stacktrace)
selenium.common.exceptions.InvalidSessionIdException: Message: invalid session id
Stacktrace:
	GetHandleVerifier [0x0120C7F3+24435]
	(No symbol) [0x01192074]
	(No symbol) [0x0106055E]
	(No symbol) [0x0109B9D8]
	(No symbol) [0x010CD676]
	(No symbol) [0x010C904C]
	(No symbol) [0x010C85C6]
	(No symbol) [0x01033245]
	(No symbol) [0x0103379E]
	(No symbol) [0x01033C1D]
	GetHandleVerifier [0x015170A3+3213347]
	GetHandleVerifier [0x0152B0C9+3295305]
	GetHandleVerifier [0x0152558C+3271948]
	GetHandleVerifier [0x012A7360+658144]
	(No symbol) [0x0119B27D]
	(No symbol) [0x01032F10]
	(No symbol) [0x01032ACA]
	GetHandleVerifier [0x0159E9AC+3768620]
	BaseThreadInitThunk [0x768CFCC9+25]
	RtlGetAppContainerNamedObjectPath [0x779780CE+286]
	RtlGetAppContainerNamedObjectPath [0x7797809E+238]

2025-03=29 14:1622 ERROR Button Периодичность 'Ежемесячная' not found or not clickable
2025-03=29 14:1624 ERROR Exception while finding element ('xpath', "//input[@placeholder = 'Начальная дата']")
Traceback (most recent call last):
  File "C:\Users\KIND\rospotrebnadzorTest\base\BaseApp.py", line 16, in find_element
    element = WebDriverWait(self.driver, time).until(
  File "C:\Users\KIND\rospotrebnadzorTest\.venv\lib\site-packages\selenium\webdriver\support\wait.py", line 96, in until
    value = method(self._driver)
  File "C:\Users\KIND\rospotrebnadzorTest\.venv\lib\site-packages\selenium\webdriver\support\expected_conditions.py", line 363, in _predicate
    target = driver.find_element(*target)  # grab element at locator
  File "C:\Users\KIND\rospotrebnadzorTest\.venv\lib\site-packages\selenium\webdriver\remote\webdriver.py", line 770, in find_element
    return self.execute(Command.FIND_ELEMENT, {"using": by, "value": value})["value"]
  File "C:\Users\KIND\rospotrebnadzorTest\.venv\lib\site-packages\selenium\webdriver\remote\webdriver.py", line 384, in execute
    self.error_handler.check_response(response)
  File "C:\Users\KIND\rospotrebnadzorTest\.venv\lib\site-packages\selenium\webdriver\remote\errorhandler.py", line 232, in check_response
    raise exception_class(message, screen, stacktrace)
selenium.common.exceptions.InvalidSessionIdException: Message: invalid session id
Stacktrace:
	GetHandleVerifier [0x0120C7F3+24435]
	(No symbol) [0x01192074]
	(No symbol) [0x0106055E]
	(No symbol) [0x0109B9D8]
	(No symbol) [0x010CD676]
	(No symbol) [0x010C904C]
	(No symbol) [0x010C85C6]
	(No symbol) [0x01033245]
	(No symbol) [0x0103379E]
	(No symbol) [0x01033C1D]
	GetHandleVerifier [0x015170A3+3213347]
	GetHandleVerifier [0x0152B0C9+3295305]
	GetHandleVerifier [0x0152558C+3271948]
	GetHandleVerifier [0x012A7360+658144]
	(No symbol) [0x0119B27D]
	(No symbol) [0x01032F10]
	(No symbol) [0x01032ACA]
	GetHandleVerifier [0x0159E9AC+3768620]
	BaseThreadInitThunk [0x768CFCC9+25]
	RtlGetAppContainerNamedObjectPath [0x779780CE+286]
	RtlGetAppContainerNamedObjectPath [0x7797809E+238]

2025-03=29 14:1624 ERROR Button Поле "Период" в реестре отчетов not found or not clickable
2025-03=29 14:1624 ERROR Exception while finding element ('xpath', "//label[@ng-reflect-nz-value = 'Года']")
Traceback (most recent call last):
  File "C:\Users\KIND\rospotrebnadzorTest\base\BaseApp.py", line 16, in find_element
    element = WebDriverWait(self.driver, time).until(
  File "C:\Users\KIND\rospotrebnadzorTest\.venv\lib\site-packages\selenium\webdriver\support\wait.py", line 96, in until
    value = method(self._driver)
  File "C:\Users\KIND\rospotrebnadzorTest\.venv\lib\site-packages\selenium\webdriver\support\expected_conditions.py", line 363, in _predicate
    target = driver.find_element(*target)  # grab element at locator
  File "C:\Users\KIND\rospotrebnadzorTest\.venv\lib\site-packages\selenium\webdriver\remote\webdriver.py", line 770, in find_element
    return self.execute(Command.FIND_ELEMENT, {"using": by, "value": value})["value"]
  File "C:\Users\KIND\rospotrebnadzorTest\.venv\lib\site-packages\selenium\webdriver\remote\webdriver.py", line 384, in execute
    self.error_handler.check_response(response)
  File "C:\Users\KIND\rospotrebnadzorTest\.venv\lib\site-packages\selenium\webdriver\remote\errorhandler.py", line 232, in check_response
    raise exception_class(message, screen, stacktrace)
selenium.common.exceptions.InvalidSessionIdException: Message: invalid session id
Stacktrace:
	GetHandleVerifier [0x0120C7F3+24435]
	(No symbol) [0x01192074]
	(No symbol) [0x0106055E]
	(No symbol) [0x0109B9D8]
	(No symbol) [0x010CD676]
	(No symbol) [0x010C904C]
	(No symbol) [0x010C85C6]
	(No symbol) [0x01033245]
	(No symbol) [0x0103379E]
	(No symbol) [0x01033C1D]
	GetHandleVerifier [0x015170A3+3213347]
	GetHandleVerifier [0x0152B0C9+3295305]
	GetHandleVerifier [0x0152558C+3271948]
	GetHandleVerifier [0x012A7360+658144]
	(No symbol) [0x0119B27D]
	(No symbol) [0x01032F10]
	(No symbol) [0x01032ACA]
	GetHandleVerifier [0x0159E9AC+3768620]
	BaseThreadInitThunk [0x768CFCC9+25]
	RtlGetAppContainerNamedObjectPath [0x779780CE+286]
	RtlGetAppContainerNamedObjectPath [0x7797809E+238]

2025-03=29 14:1624 ERROR Button Календарь фильтр "Год" not found or not clickable
2025-03=29 14:1624 INFO Send 2054 to element Поле 'Начальный год'
2025-03=29 14:1624 ERROR Exception while finding element ('xpath', "//input[@placeholder = 'Начальный год']")
Traceback (most recent call last):
  File "C:\Users\KIND\rospotrebnadzorTest\base\BaseApp.py", line 16, in find_element
    element = WebDriverWait(self.driver, time).until(
  File "C:\Users\KIND\rospotrebnadzorTest\.venv\lib\site-packages\selenium\webdriver\support\wait.py", line 96, in until
    value = method(self._driver)
  File "C:\Users\KIND\rospotrebnadzorTest\.venv\lib\site-packages\selenium\webdriver\support\expected_conditions.py", line 156, in _predicate
    return _element_if_visible(driver.find_element(*locator))
  File "C:\Users\KIND\rospotrebnadzorTest\.venv\lib\site-packages\selenium\webdriver\remote\webdriver.py", line 770, in find_element
    return self.execute(Command.FIND_ELEMENT, {"using": by, "value": value})["value"]
  File "C:\Users\KIND\rospotrebnadzorTest\.venv\lib\site-packages\selenium\webdriver\remote\webdriver.py", line 384, in execute
    self.error_handler.check_response(response)
  File "C:\Users\KIND\rospotrebnadzorTest\.venv\lib\site-packages\selenium\webdriver\remote\errorhandler.py", line 232, in check_response
    raise exception_class(message, screen, stacktrace)
selenium.common.exceptions.InvalidSessionIdException: Message: invalid session id
Stacktrace:
	GetHandleVerifier [0x0120C7F3+24435]
	(No symbol) [0x01192074]
	(No symbol) [0x0106055E]
	(No symbol) [0x0109B9D8]
	(No symbol) [0x010CD676]
	(No symbol) [0x010C904C]
	(No symbol) [0x010C85C6]
	(No symbol) [0x01033245]
	(No symbol) [0x0103379E]
	(No symbol) [0x01033C1D]
	GetHandleVerifier [0x015170A3+3213347]
	GetHandleVerifier [0x0152B0C9+3295305]
	GetHandleVerifier [0x0152558C+3271948]
	GetHandleVerifier [0x012A7360+658144]
	(No symbol) [0x0119B27D]
	(No symbol) [0x01032F10]
	(No symbol) [0x01032ACA]
	GetHandleVerifier [0x0159E9AC+3768620]
	BaseThreadInitThunk [0x768CFCC9+25]
	RtlGetAppContainerNamedObjectPath [0x779780CE+286]
	RtlGetAppContainerNamedObjectPath [0x7797809E+238]

2025-03=29 14:1624 ERROR Element ('xpath', "//input[@placeholder = 'Начальный год']") not found
2025-03=29 14:1624 INFO Send 2054 to element Поле 'Конечный год'
2025-03=29 14:1624 ERROR Exception while finding element ('xpath', "//input[@placeholder = 'Год окончания']")
Traceback (most recent call last):
  File "C:\Users\KIND\rospotrebnadzorTest\base\BaseApp.py", line 16, in find_element
    element = WebDriverWait(self.driver, time).until(
  File "C:\Users\KIND\rospotrebnadzorTest\.venv\lib\site-packages\selenium\webdriver\support\wait.py", line 96, in until
    value = method(self._driver)
  File "C:\Users\KIND\rospotrebnadzorTest\.venv\lib\site-packages\selenium\webdriver\support\expected_conditions.py", line 156, in _predicate
    return _element_if_visible(driver.find_element(*locator))
  File "C:\Users\KIND\rospotrebnadzorTest\.venv\lib\site-packages\selenium\webdriver\remote\webdriver.py", line 770, in find_element
    return self.execute(Command.FIND_ELEMENT, {"using": by, "value": value})["value"]
  File "C:\Users\KIND\rospotrebnadzorTest\.venv\lib\site-packages\selenium\webdriver\remote\webdriver.py", line 384, in execute
    self.error_handler.check_response(response)
  File "C:\Users\KIND\rospotrebnadzorTest\.venv\lib\site-packages\selenium\webdriver\remote\errorhandler.py", line 232, in check_response
    raise exception_class(message, screen, stacktrace)
selenium.common.exceptions.InvalidSessionIdException: Message: invalid session id
Stacktrace:
	GetHandleVerifier [0x0120C7F3+24435]
	(No symbol) [0x01192074]
	(No symbol) [0x0106055E]
	(No symbol) [0x0109B9D8]
	(No symbol) [0x010CD676]
	(No symbol) [0x010C904C]
	(No symbol) [0x010C85C6]
	(No symbol) [0x01033245]
	(No symbol) [0x0103379E]
	(No symbol) [0x01033C1D]
	GetHandleVerifier [0x015170A3+3213347]
	GetHandleVerifier [0x0152B0C9+3295305]
	GetHandleVerifier [0x0152558C+3271948]
	GetHandleVerifier [0x012A7360+658144]
	(No symbol) [0x0119B27D]
	(No symbol) [0x01032F10]
	(No symbol) [0x01032ACA]
	GetHandleVerifier [0x0159E9AC+3768620]
	BaseThreadInitThunk [0x768CFCC9+25]
	RtlGetAppContainerNamedObjectPath [0x779780CE+286]
	RtlGetAppContainerNamedObjectPath [0x7797809E+238]

2025-03=29 14:1624 ERROR Element ('xpath', "//input[@placeholder = 'Год окончания']") not found
2025-03=29 14:1624 ERROR Exception while finding element ('xpath', '(//a[@class = "invisible_link" and contains(text(), "Утвержден")])[1]')
Traceback (most recent call last):
  File "C:\Users\KIND\rospotrebnadzorTest\base\BaseApp.py", line 16, in find_element
    element = WebDriverWait(self.driver, time).until(
  File "C:\Users\KIND\rospotrebnadzorTest\.venv\lib\site-packages\selenium\webdriver\support\wait.py", line 96, in until
    value = method(self._driver)
  File "C:\Users\KIND\rospotrebnadzorTest\.venv\lib\site-packages\selenium\webdriver\support\expected_conditions.py", line 156, in _predicate
    return _element_if_visible(driver.find_element(*locator))
  File "C:\Users\KIND\rospotrebnadzorTest\.venv\lib\site-packages\selenium\webdriver\remote\webdriver.py", line 770, in find_element
    return self.execute(Command.FIND_ELEMENT, {"using": by, "value": value})["value"]
  File "C:\Users\KIND\rospotrebnadzorTest\.venv\lib\site-packages\selenium\webdriver\remote\webdriver.py", line 384, in execute
    self.error_handler.check_response(response)
  File "C:\Users\KIND\rospotrebnadzorTest\.venv\lib\site-packages\selenium\webdriver\remote\errorhandler.py", line 232, in check_response
    raise exception_class(message, screen, stacktrace)
selenium.common.exceptions.InvalidSessionIdException: Message: invalid session id
Stacktrace:
	GetHandleVerifier [0x0120C7F3+24435]
	(No symbol) [0x01192074]
	(No symbol) [0x0106055E]
	(No symbol) [0x0109B9D8]
	(No symbol) [0x010CD676]
	(No symbol) [0x010C904C]
	(No symbol) [0x010C85C6]
	(No symbol) [0x01033245]
	(No symbol) [0x0103379E]
	(No symbol) [0x01033C1D]
	GetHandleVerifier [0x015170A3+3213347]
	GetHandleVerifier [0x0152B0C9+3295305]
	GetHandleVerifier [0x0152558C+3271948]
	GetHandleVerifier [0x012A7360+658144]
	(No symbol) [0x0119B27D]
	(No symbol) [0x01032F10]
	(No symbol) [0x01032ACA]
	GetHandleVerifier [0x0159E9AC+3768620]
	BaseThreadInitThunk [0x768CFCC9+25]
	RtlGetAppContainerNamedObjectPath [0x779780CE+286]
	RtlGetAppContainerNamedObjectPath [0x7797809E+238]

2025-03=29 14:1624 ERROR Exception while finding element ('xpath', '(//a[@class = "invisible_link" and contains(text(), "2054")])[1]')
Traceback (most recent call last):
  File "C:\Users\KIND\rospotrebnadzorTest\base\BaseApp.py", line 16, in find_element
    element = WebDriverWait(self.driver, time).until(
  File "C:\Users\KIND\rospotrebnadzorTest\.venv\lib\site-packages\selenium\webdriver\support\wait.py", line 96, in until
    value = method(self._driver)
  File "C:\Users\KIND\rospotrebnadzorTest\.venv\lib\site-packages\selenium\webdriver\support\expected_conditions.py", line 156, in _predicate
    return _element_if_visible(driver.find_element(*locator))
  File "C:\Users\KIND\rospotrebnadzorTest\.venv\lib\site-packages\selenium\webdriver\remote\webdriver.py", line 770, in find_element
    return self.execute(Command.FIND_ELEMENT, {"using": by, "value": value})["value"]
  File "C:\Users\KIND\rospotrebnadzorTest\.venv\lib\site-packages\selenium\webdriver\remote\webdriver.py", line 384, in execute
    self.error_handler.check_response(response)
  File "C:\Users\KIND\rospotrebnadzorTest\.venv\lib\site-packages\selenium\webdriver\remote\errorhandler.py", line 232, in check_response
    raise exception_class(message, screen, stacktrace)
selenium.common.exceptions.InvalidSessionIdException: Message: invalid session id
Stacktrace:
	GetHandleVerifier [0x0120C7F3+24435]
	(No symbol) [0x01192074]
	(No symbol) [0x0106055E]
	(No symbol) [0x0109B9D8]
	(No symbol) [0x010CD676]
	(No symbol) [0x010C904C]
	(No symbol) [0x010C85C6]
	(No symbol) [0x01033245]
	(No symbol) [0x0103379E]
	(No symbol) [0x01033C1D]
	GetHandleVerifier [0x015170A3+3213347]
	GetHandleVerifier [0x0152B0C9+3295305]
	GetHandleVerifier [0x0152558C+3271948]
	GetHandleVerifier [0x012A7360+658144]
	(No symbol) [0x0119B27D]
	(No symbol) [0x01032F10]
	(No symbol) [0x01032ACA]
	GetHandleVerifier [0x0159E9AC+3768620]
	BaseThreadInitThunk [0x768CFCC9+25]
	RtlGetAppContainerNamedObjectPath [0x779780CE+286]
	RtlGetAppContainerNamedObjectPath [0x7797809E+238]

2025-03=29 14:1624 INFO Запустили тест проверки фильтрации на уровне район-города
2025-03=29 14:1624 ERROR Exception while finding element ('id', 'level')
Traceback (most recent call last):
  File "C:\Users\KIND\rospotrebnadzorTest\base\BaseApp.py", line 16, in find_element
    element = WebDriverWait(self.driver, time).until(
  File "C:\Users\KIND\rospotrebnadzorTest\.venv\lib\site-packages\selenium\webdriver\support\wait.py", line 96, in until
    value = method(self._driver)
  File "C:\Users\KIND\rospotrebnadzorTest\.venv\lib\site-packages\selenium\webdriver\support\expected_conditions.py", line 363, in _predicate
    target = driver.find_element(*target)  # grab element at locator
  File "C:\Users\KIND\rospotrebnadzorTest\.venv\lib\site-packages\selenium\webdriver\remote\webdriver.py", line 770, in find_element
    return self.execute(Command.FIND_ELEMENT, {"using": by, "value": value})["value"]
  File "C:\Users\KIND\rospotrebnadzorTest\.venv\lib\site-packages\selenium\webdriver\remote\webdriver.py", line 384, in execute
    self.error_handler.check_response(response)
  File "C:\Users\KIND\rospotrebnadzorTest\.venv\lib\site-packages\selenium\webdriver\remote\errorhandler.py", line 232, in check_response
    raise exception_class(message, screen, stacktrace)
selenium.common.exceptions.InvalidSessionIdException: Message: invalid session id
Stacktrace:
	GetHandleVerifier [0x0120C7F3+24435]
	(No symbol) [0x01192074]
	(No symbol) [0x0106055E]
	(No symbol) [0x0109B9D8]
	(No symbol) [0x010CD676]
	(No symbol) [0x010C904C]
	(No symbol) [0x010C85C6]
	(No symbol) [0x01033245]
	(No symbol) [0x0103379E]
	(No symbol) [0x01033C1D]
	GetHandleVerifier [0x015170A3+3213347]
	GetHandleVerifier [0x0152B0C9+3295305]
	GetHandleVerifier [0x0152558C+3271948]
	GetHandleVerifier [0x012A7360+658144]
	(No symbol) [0x0119B27D]
	(No symbol) [0x01032F10]
	(No symbol) [0x01032ACA]
	GetHandleVerifier [0x0159E9AC+3768620]
	BaseThreadInitThunk [0x768CFCC9+25]
	RtlGetAppContainerNamedObjectPath [0x779780CE+286]
	RtlGetAppContainerNamedObjectPath [0x7797809E+238]

2025-03=29 14:1624 ERROR Button Выпадающий список уровней видимости not found or not clickable
2025-03=29 14:1624 ERROR Exception while finding element ('id', 'formLevel_district_city')
Traceback (most recent call last):
  File "C:\Users\KIND\rospotrebnadzorTest\base\BaseApp.py", line 16, in find_element
    element = WebDriverWait(self.driver, time).until(
  File "C:\Users\KIND\rospotrebnadzorTest\.venv\lib\site-packages\selenium\webdriver\support\wait.py", line 96, in until
    value = method(self._driver)
  File "C:\Users\KIND\rospotrebnadzorTest\.venv\lib\site-packages\selenium\webdriver\support\expected_conditions.py", line 363, in _predicate
    target = driver.find_element(*target)  # grab element at locator
  File "C:\Users\KIND\rospotrebnadzorTest\.venv\lib\site-packages\selenium\webdriver\remote\webdriver.py", line 770, in find_element
    return self.execute(Command.FIND_ELEMENT, {"using": by, "value": value})["value"]
  File "C:\Users\KIND\rospotrebnadzorTest\.venv\lib\site-packages\selenium\webdriver\remote\webdriver.py", line 384, in execute
    self.error_handler.check_response(response)
  File "C:\Users\KIND\rospotrebnadzorTest\.venv\lib\site-packages\selenium\webdriver\remote\errorhandler.py", line 232, in check_response
    raise exception_class(message, screen, stacktrace)
selenium.common.exceptions.InvalidSessionIdException: Message: invalid session id
Stacktrace:
	GetHandleVerifier [0x0120C7F3+24435]
	(No symbol) [0x01192074]
	(No symbol) [0x0106055E]
	(No symbol) [0x0109B9D8]
	(No symbol) [0x010CD676]
	(No symbol) [0x010C904C]
	(No symbol) [0x010C85C6]
	(No symbol) [0x01033245]
	(No symbol) [0x0103379E]
	(No symbol) [0x01033C1D]
	GetHandleVerifier [0x015170A3+3213347]
	GetHandleVerifier [0x0152B0C9+3295305]
	GetHandleVerifier [0x0152558C+3271948]
	GetHandleVerifier [0x012A7360+658144]
	(No symbol) [0x0119B27D]
	(No symbol) [0x01032F10]
	(No symbol) [0x01032ACA]
	GetHandleVerifier [0x0159E9AC+3768620]
	BaseThreadInitThunk [0x768CFCC9+25]
	RtlGetAppContainerNamedObjectPath [0x779780CE+286]
	RtlGetAppContainerNamedObjectPath [0x7797809E+238]

2025-03=29 14:1624 ERROR Button Выбор уровня 'Район-города' not found or not clickable
2025-03=29 14:1624 ERROR Exception while finding element ('xpath', '//span[@class = "ant-table-column-title" and contains(text(), " Район города ")]')
Traceback (most recent call last):
  File "C:\Users\KIND\rospotrebnadzorTest\base\BaseApp.py", line 16, in find_element
    element = WebDriverWait(self.driver, time).until(
  File "C:\Users\KIND\rospotrebnadzorTest\.venv\lib\site-packages\selenium\webdriver\support\wait.py", line 96, in until
    value = method(self._driver)
  File "C:\Users\KIND\rospotrebnadzorTest\.venv\lib\site-packages\selenium\webdriver\support\expected_conditions.py", line 156, in _predicate
    return _element_if_visible(driver.find_element(*locator))
  File "C:\Users\KIND\rospotrebnadzorTest\.venv\lib\site-packages\selenium\webdriver\remote\webdriver.py", line 770, in find_element
    return self.execute(Command.FIND_ELEMENT, {"using": by, "value": value})["value"]
  File "C:\Users\KIND\rospotrebnadzorTest\.venv\lib\site-packages\selenium\webdriver\remote\webdriver.py", line 384, in execute
    self.error_handler.check_response(response)
  File "C:\Users\KIND\rospotrebnadzorTest\.venv\lib\site-packages\selenium\webdriver\remote\errorhandler.py", line 232, in check_response
    raise exception_class(message, screen, stacktrace)
selenium.common.exceptions.InvalidSessionIdException: Message: invalid session id
Stacktrace:
	GetHandleVerifier [0x0120C7F3+24435]
	(No symbol) [0x01192074]
	(No symbol) [0x0106055E]
	(No symbol) [0x0109B9D8]
	(No symbol) [0x010CD676]
	(No symbol) [0x010C904C]
	(No symbol) [0x010C85C6]
	(No symbol) [0x01033245]
	(No symbol) [0x0103379E]
	(No symbol) [0x01033C1D]
	GetHandleVerifier [0x015170A3+3213347]
	GetHandleVerifier [0x0152B0C9+3295305]
	GetHandleVerifier [0x0152558C+3271948]
	GetHandleVerifier [0x012A7360+658144]
	(No symbol) [0x0119B27D]
	(No symbol) [0x01032F10]
	(No symbol) [0x01032ACA]
	GetHandleVerifier [0x0159E9AC+3768620]
	BaseThreadInitThunk [0x768CFCC9+25]
	RtlGetAppContainerNamedObjectPath [0x779780CE+286]
	RtlGetAppContainerNamedObjectPath [0x7797809E+238]

2025-03=29 14:1624 ERROR Exception while finding element ('xpath', '//nz-select[@ng-reflect-compare-with="(o1, o2) => o1 && o2 ? o1[\'reg"]')
Traceback (most recent call last):
  File "C:\Users\KIND\rospotrebnadzorTest\base\BaseApp.py", line 16, in find_element
    element = WebDriverWait(self.driver, time).until(
  File "C:\Users\KIND\rospotrebnadzorTest\.venv\lib\site-packages\selenium\webdriver\support\wait.py", line 96, in until
    value = method(self._driver)
  File "C:\Users\KIND\rospotrebnadzorTest\.venv\lib\site-packages\selenium\webdriver\support\expected_conditions.py", line 363, in _predicate
    target = driver.find_element(*target)  # grab element at locator
  File "C:\Users\KIND\rospotrebnadzorTest\.venv\lib\site-packages\selenium\webdriver\remote\webdriver.py", line 770, in find_element
    return self.execute(Command.FIND_ELEMENT, {"using": by, "value": value})["value"]
  File "C:\Users\KIND\rospotrebnadzorTest\.venv\lib\site-packages\selenium\webdriver\remote\webdriver.py", line 384, in execute
    self.error_handler.check_response(response)
  File "C:\Users\KIND\rospotrebnadzorTest\.venv\lib\site-packages\selenium\webdriver\remote\errorhandler.py", line 232, in check_response
    raise exception_class(message, screen, stacktrace)
selenium.common.exceptions.InvalidSessionIdException: Message: invalid session id
Stacktrace:
	GetHandleVerifier [0x0120C7F3+24435]
	(No symbol) [0x01192074]
	(No symbol) [0x0106055E]
	(No symbol) [0x0109B9D8]
	(No symbol) [0x010CD676]
	(No symbol) [0x010C904C]
	(No symbol) [0x010C85C6]
	(No symbol) [0x01033245]
	(No symbol) [0x0103379E]
	(No symbol) [0x01033C1D]
	GetHandleVerifier [0x015170A3+3213347]
	GetHandleVerifier [0x0152B0C9+3295305]
	GetHandleVerifier [0x0152558C+3271948]
	GetHandleVerifier [0x012A7360+658144]
	(No symbol) [0x0119B27D]
	(No symbol) [0x01032F10]
	(No symbol) [0x01032ACA]
	GetHandleVerifier [0x0159E9AC+3768620]
	BaseThreadInitThunk [0x768CFCC9+25]
	RtlGetAppContainerNamedObjectPath [0x779780CE+286]
	RtlGetAppContainerNamedObjectPath [0x7797809E+238]

2025-03=29 14:1624 ERROR Button Регион (выпадающий список) not found or not clickable
2025-03=29 14:1624 ERROR Exception while finding element ('xpath', '//nz-option-item[@title="г. Москва"]')
Traceback (most recent call last):
  File "C:\Users\KIND\rospotrebnadzorTest\base\BaseApp.py", line 16, in find_element
    element = WebDriverWait(self.driver, time).until(
  File "C:\Users\KIND\rospotrebnadzorTest\.venv\lib\site-packages\selenium\webdriver\support\wait.py", line 96, in until
    value = method(self._driver)
  File "C:\Users\KIND\rospotrebnadzorTest\.venv\lib\site-packages\selenium\webdriver\support\expected_conditions.py", line 363, in _predicate
    target = driver.find_element(*target)  # grab element at locator
  File "C:\Users\KIND\rospotrebnadzorTest\.venv\lib\site-packages\selenium\webdriver\remote\webdriver.py", line 770, in find_element
    return self.execute(Command.FIND_ELEMENT, {"using": by, "value": value})["value"]
  File "C:\Users\KIND\rospotrebnadzorTest\.venv\lib\site-packages\selenium\webdriver\remote\webdriver.py", line 384, in execute
    self.error_handler.check_response(response)
  File "C:\Users\KIND\rospotrebnadzorTest\.venv\lib\site-packages\selenium\webdriver\remote\errorhandler.py", line 232, in check_response
    raise exception_class(message, screen, stacktrace)
selenium.common.exceptions.InvalidSessionIdException: Message: invalid session id
Stacktrace:
	GetHandleVerifier [0x0120C7F3+24435]
	(No symbol) [0x01192074]
	(No symbol) [0x0106055E]
	(No symbol) [0x0109B9D8]
	(No symbol) [0x010CD676]
	(No symbol) [0x010C904C]
	(No symbol) [0x010C85C6]
	(No symbol) [0x01033245]
	(No symbol) [0x0103379E]
	(No symbol) [0x01033C1D]
	GetHandleVerifier [0x015170A3+3213347]
	GetHandleVerifier [0x0152B0C9+3295305]
	GetHandleVerifier [0x0152558C+3271948]
	GetHandleVerifier [0x012A7360+658144]
	(No symbol) [0x0119B27D]
	(No symbol) [0x01032F10]
	(No symbol) [0x01032ACA]
	GetHandleVerifier [0x0159E9AC+3768620]
	BaseThreadInitThunk [0x768CFCC9+25]
	RtlGetAppContainerNamedObjectPath [0x779780CE+286]
	RtlGetAppContainerNamedObjectPath [0x7797809E+238]

2025-03=29 14:1624 ERROR Button Москва из выпадающего списка not found or not clickable
2025-03=29 14:1626 ERROR Exception while finding element ('xpath', '//nz-select[@ng-reflect-compare-with="(o1, o2) => o1 && o2 ? o1[\'okt"]')
Traceback (most recent call last):
  File "C:\Users\KIND\rospotrebnadzorTest\base\BaseApp.py", line 16, in find_element
    element = WebDriverWait(self.driver, time).until(
  File "C:\Users\KIND\rospotrebnadzorTest\.venv\lib\site-packages\selenium\webdriver\support\wait.py", line 96, in until
    value = method(self._driver)
  File "C:\Users\KIND\rospotrebnadzorTest\.venv\lib\site-packages\selenium\webdriver\support\expected_conditions.py", line 363, in _predicate
    target = driver.find_element(*target)  # grab element at locator
  File "C:\Users\KIND\rospotrebnadzorTest\.venv\lib\site-packages\selenium\webdriver\remote\webdriver.py", line 770, in find_element
    return self.execute(Command.FIND_ELEMENT, {"using": by, "value": value})["value"]
  File "C:\Users\KIND\rospotrebnadzorTest\.venv\lib\site-packages\selenium\webdriver\remote\webdriver.py", line 384, in execute
    self.error_handler.check_response(response)
  File "C:\Users\KIND\rospotrebnadzorTest\.venv\lib\site-packages\selenium\webdriver\remote\errorhandler.py", line 232, in check_response
    raise exception_class(message, screen, stacktrace)
selenium.common.exceptions.InvalidSessionIdException: Message: invalid session id
Stacktrace:
	GetHandleVerifier [0x0120C7F3+24435]
	(No symbol) [0x01192074]
	(No symbol) [0x0106055E]
	(No symbol) [0x0109B9D8]
	(No symbol) [0x010CD676]
	(No symbol) [0x010C904C]
	(No symbol) [0x010C85C6]
	(No symbol) [0x01033245]
	(No symbol) [0x0103379E]
	(No symbol) [0x01033C1D]
	GetHandleVerifier [0x015170A3+3213347]
	GetHandleVerifier [0x0152B0C9+3295305]
	GetHandleVerifier [0x0152558C+3271948]
	GetHandleVerifier [0x012A7360+658144]
	(No symbol) [0x0119B27D]
	(No symbol) [0x01032F10]
	(No symbol) [0x01032ACA]
	GetHandleVerifier [0x0159E9AC+3768620]
	BaseThreadInitThunk [0x768CFCC9+25]
	RtlGetAppContainerNamedObjectPath [0x779780CE+286]
	RtlGetAppContainerNamedObjectPath [0x7797809E+238]

2025-03=29 14:1626 ERROR Button Район (выпадающий список) not found or not clickable
2025-03=29 14:1626 ERROR Exception while finding element ('xpath', "//nz-option-item[@ng-reflect-title='Восточный']")
Traceback (most recent call last):
  File "C:\Users\KIND\rospotrebnadzorTest\base\BaseApp.py", line 16, in find_element
    element = WebDriverWait(self.driver, time).until(
  File "C:\Users\KIND\rospotrebnadzorTest\.venv\lib\site-packages\selenium\webdriver\support\wait.py", line 96, in until
    value = method(self._driver)
  File "C:\Users\KIND\rospotrebnadzorTest\.venv\lib\site-packages\selenium\webdriver\support\expected_conditions.py", line 363, in _predicate
    target = driver.find_element(*target)  # grab element at locator
  File "C:\Users\KIND\rospotrebnadzorTest\.venv\lib\site-packages\selenium\webdriver\remote\webdriver.py", line 770, in find_element
    return self.execute(Command.FIND_ELEMENT, {"using": by, "value": value})["value"]
  File "C:\Users\KIND\rospotrebnadzorTest\.venv\lib\site-packages\selenium\webdriver\remote\webdriver.py", line 384, in execute
    self.error_handler.check_response(response)
  File "C:\Users\KIND\rospotrebnadzorTest\.venv\lib\site-packages\selenium\webdriver\remote\errorhandler.py", line 232, in check_response
    raise exception_class(message, screen, stacktrace)
selenium.common.exceptions.InvalidSessionIdException: Message: invalid session id
Stacktrace:
	GetHandleVerifier [0x0120C7F3+24435]
	(No symbol) [0x01192074]
	(No symbol) [0x0106055E]
	(No symbol) [0x0109B9D8]
	(No symbol) [0x010CD676]
	(No symbol) [0x010C904C]
	(No symbol) [0x010C85C6]
	(No symbol) [0x01033245]
	(No symbol) [0x0103379E]
	(No symbol) [0x01033C1D]
	GetHandleVerifier [0x015170A3+3213347]
	GetHandleVerifier [0x0152B0C9+3295305]
	GetHandleVerifier [0x0152558C+3271948]
	GetHandleVerifier [0x012A7360+658144]
	(No symbol) [0x0119B27D]
	(No symbol) [0x01032F10]
	(No symbol) [0x01032ACA]
	GetHandleVerifier [0x0159E9AC+3768620]
	BaseThreadInitThunk [0x768CFCC9+25]
	RtlGetAppContainerNamedObjectPath [0x779780CE+286]
	RtlGetAppContainerNamedObjectPath [0x7797809E+238]

2025-03=29 14:1626 ERROR Button Восточный район Москва not found or not clickable
2025-03=29 14:1626 ERROR Exception while finding element ('xpath', '//nz-select[@ng-reflect-compare-with="(o1, o2) => o1 && o2 ? o1[\'oka"]')
Traceback (most recent call last):
  File "C:\Users\KIND\rospotrebnadzorTest\base\BaseApp.py", line 16, in find_element
    element = WebDriverWait(self.driver, time).until(
  File "C:\Users\KIND\rospotrebnadzorTest\.venv\lib\site-packages\selenium\webdriver\support\wait.py", line 96, in until
    value = method(self._driver)
  File "C:\Users\KIND\rospotrebnadzorTest\.venv\lib\site-packages\selenium\webdriver\support\expected_conditions.py", line 363, in _predicate
    target = driver.find_element(*target)  # grab element at locator
  File "C:\Users\KIND\rospotrebnadzorTest\.venv\lib\site-packages\selenium\webdriver\remote\webdriver.py", line 770, in find_element
    return self.execute(Command.FIND_ELEMENT, {"using": by, "value": value})["value"]
  File "C:\Users\KIND\rospotrebnadzorTest\.venv\lib\site-packages\selenium\webdriver\remote\webdriver.py", line 384, in execute
    self.error_handler.check_response(response)
  File "C:\Users\KIND\rospotrebnadzorTest\.venv\lib\site-packages\selenium\webdriver\remote\errorhandler.py", line 232, in check_response
    raise exception_class(message, screen, stacktrace)
selenium.common.exceptions.InvalidSessionIdException: Message: invalid session id
Stacktrace:
	GetHandleVerifier [0x0120C7F3+24435]
	(No symbol) [0x01192074]
	(No symbol) [0x0106055E]
	(No symbol) [0x0109B9D8]
	(No symbol) [0x010CD676]
	(No symbol) [0x010C904C]
	(No symbol) [0x010C85C6]
	(No symbol) [0x01033245]
	(No symbol) [0x0103379E]
	(No symbol) [0x01033C1D]
	GetHandleVerifier [0x015170A3+3213347]
	GetHandleVerifier [0x0152B0C9+3295305]
	GetHandleVerifier [0x0152558C+3271948]
	GetHandleVerifier [0x012A7360+658144]
	(No symbol) [0x0119B27D]
	(No symbol) [0x01032F10]
	(No symbol) [0x01032ACA]
	GetHandleVerifier [0x0159E9AC+3768620]
	BaseThreadInitThunk [0x768CFCC9+25]
	RtlGetAppContainerNamedObjectPath [0x779780CE+286]
	RtlGetAppContainerNamedObjectPath [0x7797809E+238]

2025-03=29 14:1626 ERROR Button Выпадающий список район-города not found or not clickable
2025-03=29 14:1626 ERROR Exception while finding element ('xpath', "//nz-option-item[contains(@title, 'муниципальный округ Вешняки')]")
Traceback (most recent call last):
  File "C:\Users\KIND\rospotrebnadzorTest\base\BaseApp.py", line 16, in find_element
    element = WebDriverWait(self.driver, time).until(
  File "C:\Users\KIND\rospotrebnadzorTest\.venv\lib\site-packages\selenium\webdriver\support\wait.py", line 96, in until
    value = method(self._driver)
  File "C:\Users\KIND\rospotrebnadzorTest\.venv\lib\site-packages\selenium\webdriver\support\expected_conditions.py", line 363, in _predicate
    target = driver.find_element(*target)  # grab element at locator
  File "C:\Users\KIND\rospotrebnadzorTest\.venv\lib\site-packages\selenium\webdriver\remote\webdriver.py", line 770, in find_element
    return self.execute(Command.FIND_ELEMENT, {"using": by, "value": value})["value"]
  File "C:\Users\KIND\rospotrebnadzorTest\.venv\lib\site-packages\selenium\webdriver\remote\webdriver.py", line 384, in execute
    self.error_handler.check_response(response)
  File "C:\Users\KIND\rospotrebnadzorTest\.venv\lib\site-packages\selenium\webdriver\remote\errorhandler.py", line 232, in check_response
    raise exception_class(message, screen, stacktrace)
selenium.common.exceptions.InvalidSessionIdException: Message: invalid session id
Stacktrace:
	GetHandleVerifier [0x0120C7F3+24435]
	(No symbol) [0x01192074]
	(No symbol) [0x0106055E]
	(No symbol) [0x0109B9D8]
	(No symbol) [0x010CD676]
	(No symbol) [0x010C904C]
	(No symbol) [0x010C85C6]
	(No symbol) [0x01033245]
	(No symbol) [0x0103379E]
	(No symbol) [0x01033C1D]
	GetHandleVerifier [0x015170A3+3213347]
	GetHandleVerifier [0x0152B0C9+3295305]
	GetHandleVerifier [0x0152558C+3271948]
	GetHandleVerifier [0x012A7360+658144]
	(No symbol) [0x0119B27D]
	(No symbol) [0x01032F10]
	(No symbol) [0x01032ACA]
	GetHandleVerifier [0x0159E9AC+3768620]
	BaseThreadInitThunk [0x768CFCC9+25]
	RtlGetAppContainerNamedObjectPath [0x779780CE+286]
	RtlGetAppContainerNamedObjectPath [0x7797809E+238]

2025-03=29 14:1626 ERROR Button Район-города 'муниципальный округ Вешняки' not found or not clickable
2025-03=29 14:1626 ERROR Exception while finding element ('xpath', "//nz-option-item[contains(@title, 'муниципальный округ Вешняки')]")
Traceback (most recent call last):
  File "C:\Users\KIND\rospotrebnadzorTest\base\BaseApp.py", line 16, in find_element
    element = WebDriverWait(self.driver, time).until(
  File "C:\Users\KIND\rospotrebnadzorTest\.venv\lib\site-packages\selenium\webdriver\support\wait.py", line 96, in until
    value = method(self._driver)
  File "C:\Users\KIND\rospotrebnadzorTest\.venv\lib\site-packages\selenium\webdriver\support\expected_conditions.py", line 156, in _predicate
    return _element_if_visible(driver.find_element(*locator))
  File "C:\Users\KIND\rospotrebnadzorTest\.venv\lib\site-packages\selenium\webdriver\remote\webdriver.py", line 770, in find_element
    return self.execute(Command.FIND_ELEMENT, {"using": by, "value": value})["value"]
  File "C:\Users\KIND\rospotrebnadzorTest\.venv\lib\site-packages\selenium\webdriver\remote\webdriver.py", line 384, in execute
    self.error_handler.check_response(response)
  File "C:\Users\KIND\rospotrebnadzorTest\.venv\lib\site-packages\selenium\webdriver\remote\errorhandler.py", line 232, in check_response
    raise exception_class(message, screen, stacktrace)
selenium.common.exceptions.InvalidSessionIdException: Message: invalid session id
Stacktrace:
	GetHandleVerifier [0x0120C7F3+24435]
	(No symbol) [0x01192074]
	(No symbol) [0x0106055E]
	(No symbol) [0x0109B9D8]
	(No symbol) [0x010CD676]
	(No symbol) [0x010C904C]
	(No symbol) [0x010C85C6]
	(No symbol) [0x01033245]
	(No symbol) [0x0103379E]
	(No symbol) [0x01033C1D]
	GetHandleVerifier [0x015170A3+3213347]
	GetHandleVerifier [0x0152B0C9+3295305]
	GetHandleVerifier [0x0152558C+3271948]
	GetHandleVerifier [0x012A7360+658144]
	(No symbol) [0x0119B27D]
	(No symbol) [0x01032F10]
	(No symbol) [0x01032ACA]
	GetHandleVerifier [0x0159E9AC+3768620]
	BaseThreadInitThunk [0x768CFCC9+25]
	RtlGetAppContainerNamedObjectPath [0x779780CE+286]
	RtlGetAppContainerNamedObjectPath [0x7797809E+238]

2025-03=29 14:1626 ERROR Exception while finding element ('xpath', "//nz-select-item[@title = 'Все']")
Traceback (most recent call last):
  File "C:\Users\KIND\rospotrebnadzorTest\base\BaseApp.py", line 16, in find_element
    element = WebDriverWait(self.driver, time).until(
  File "C:\Users\KIND\rospotrebnadzorTest\.venv\lib\site-packages\selenium\webdriver\support\wait.py", line 96, in until
    value = method(self._driver)
  File "C:\Users\KIND\rospotrebnadzorTest\.venv\lib\site-packages\selenium\webdriver\support\expected_conditions.py", line 363, in _predicate
    target = driver.find_element(*target)  # grab element at locator
  File "C:\Users\KIND\rospotrebnadzorTest\.venv\lib\site-packages\selenium\webdriver\remote\webdriver.py", line 770, in find_element
    return self.execute(Command.FIND_ELEMENT, {"using": by, "value": value})["value"]
  File "C:\Users\KIND\rospotrebnadzorTest\.venv\lib\site-packages\selenium\webdriver\remote\webdriver.py", line 384, in execute
    self.error_handler.check_response(response)
  File "C:\Users\KIND\rospotrebnadzorTest\.venv\lib\site-packages\selenium\webdriver\remote\errorhandler.py", line 232, in check_response
    raise exception_class(message, screen, stacktrace)
selenium.common.exceptions.InvalidSessionIdException: Message: invalid session id
Stacktrace:
	GetHandleVerifier [0x0120C7F3+24435]
	(No symbol) [0x01192074]
	(No symbol) [0x0106055E]
	(No symbol) [0x0109B9D8]
	(No symbol) [0x010CD676]
	(No symbol) [0x010C904C]
	(No symbol) [0x010C85C6]
	(No symbol) [0x01033245]
	(No symbol) [0x0103379E]
	(No symbol) [0x01033C1D]
	GetHandleVerifier [0x015170A3+3213347]
	GetHandleVerifier [0x0152B0C9+3295305]
	GetHandleVerifier [0x0152558C+3271948]
	GetHandleVerifier [0x012A7360+658144]
	(No symbol) [0x0119B27D]
	(No symbol) [0x01032F10]
	(No symbol) [0x01032ACA]
	GetHandleVerifier [0x0159E9AC+3768620]
	BaseThreadInitThunk [0x768CFCC9+25]
	RtlGetAppContainerNamedObjectPath [0x779780CE+286]
	RtlGetAppContainerNamedObjectPath [0x7797809E+238]

2025-03=29 14:1626 ERROR Button Поле "Состояние" в реестре отчетов not found or not clickable
2025-03=29 14:1626 ERROR Exception while finding element ('xpath', "//nz-option-item[@ng-reflect-value = 'es_signed']")
Traceback (most recent call last):
  File "C:\Users\KIND\rospotrebnadzorTest\base\BaseApp.py", line 16, in find_element
    element = WebDriverWait(self.driver, time).until(
  File "C:\Users\KIND\rospotrebnadzorTest\.venv\lib\site-packages\selenium\webdriver\support\wait.py", line 96, in until
    value = method(self._driver)
  File "C:\Users\KIND\rospotrebnadzorTest\.venv\lib\site-packages\selenium\webdriver\support\expected_conditions.py", line 363, in _predicate
    target = driver.find_element(*target)  # grab element at locator
  File "C:\Users\KIND\rospotrebnadzorTest\.venv\lib\site-packages\selenium\webdriver\remote\webdriver.py", line 770, in find_element
    return self.execute(Command.FIND_ELEMENT, {"using": by, "value": value})["value"]
  File "C:\Users\KIND\rospotrebnadzorTest\.venv\lib\site-packages\selenium\webdriver\remote\webdriver.py", line 384, in execute
    self.error_handler.check_response(response)
  File "C:\Users\KIND\rospotrebnadzorTest\.venv\lib\site-packages\selenium\webdriver\remote\errorhandler.py", line 232, in check_response
    raise exception_class(message, screen, stacktrace)
selenium.common.exceptions.InvalidSessionIdException: Message: invalid session id
Stacktrace:
	GetHandleVerifier [0x0120C7F3+24435]
	(No symbol) [0x01192074]
	(No symbol) [0x0106055E]
	(No symbol) [0x0109B9D8]
	(No symbol) [0x010CD676]
	(No symbol) [0x010C904C]
	(No symbol) [0x010C85C6]
	(No symbol) [0x01033245]
	(No symbol) [0x0103379E]
	(No symbol) [0x01033C1D]
	GetHandleVerifier [0x015170A3+3213347]
	GetHandleVerifier [0x0152B0C9+3295305]
	GetHandleVerifier [0x0152558C+3271948]
	GetHandleVerifier [0x012A7360+658144]
	(No symbol) [0x0119B27D]
	(No symbol) [0x01032F10]
	(No symbol) [0x01032ACA]
	GetHandleVerifier [0x0159E9AC+3768620]
	BaseThreadInitThunk [0x768CFCC9+25]
	RtlGetAppContainerNamedObjectPath [0x779780CE+286]
	RtlGetAppContainerNamedObjectPath [0x7797809E+238]

2025-03=29 14:1626 ERROR Button Статус 'Утверждён' not found or not clickable
2025-03=29 14:1626 ERROR Exception while finding element ('xpath', "//nz-select[@ng-reflect-is-disabled = 'false']")
Traceback (most recent call last):
  File "C:\Users\KIND\rospotrebnadzorTest\base\BaseApp.py", line 16, in find_element
    element = WebDriverWait(self.driver, time).until(
  File "C:\Users\KIND\rospotrebnadzorTest\.venv\lib\site-packages\selenium\webdriver\support\wait.py", line 96, in until
    value = method(self._driver)
  File "C:\Users\KIND\rospotrebnadzorTest\.venv\lib\site-packages\selenium\webdriver\support\expected_conditions.py", line 363, in _predicate
    target = driver.find_element(*target)  # grab element at locator
  File "C:\Users\KIND\rospotrebnadzorTest\.venv\lib\site-packages\selenium\webdriver\remote\webdriver.py", line 770, in find_element
    return self.execute(Command.FIND_ELEMENT, {"using": by, "value": value})["value"]
  File "C:\Users\KIND\rospotrebnadzorTest\.venv\lib\site-packages\selenium\webdriver\remote\webdriver.py", line 384, in execute
    self.error_handler.check_response(response)
  File "C:\Users\KIND\rospotrebnadzorTest\.venv\lib\site-packages\selenium\webdriver\remote\errorhandler.py", line 232, in check_response
    raise exception_class(message, screen, stacktrace)
selenium.common.exceptions.InvalidSessionIdException: Message: invalid session id
Stacktrace:
	GetHandleVerifier [0x0120C7F3+24435]
	(No symbol) [0x01192074]
	(No symbol) [0x0106055E]
	(No symbol) [0x0109B9D8]
	(No symbol) [0x010CD676]
	(No symbol) [0x010C904C]
	(No symbol) [0x010C85C6]
	(No symbol) [0x01033245]
	(No symbol) [0x0103379E]
	(No symbol) [0x01033C1D]
	GetHandleVerifier [0x015170A3+3213347]
	GetHandleVerifier [0x0152B0C9+3295305]
	GetHandleVerifier [0x0152558C+3271948]
	GetHandleVerifier [0x012A7360+658144]
	(No symbol) [0x0119B27D]
	(No symbol) [0x01032F10]
	(No symbol) [0x01032ACA]
	GetHandleVerifier [0x0159E9AC+3768620]
	BaseThreadInitThunk [0x768CFCC9+25]
	RtlGetAppContainerNamedObjectPath [0x779780CE+286]
	RtlGetAppContainerNamedObjectPath [0x7797809E+238]

2025-03=29 14:1626 ERROR Button Поле "Периодичность" в реестре отчетов not found or not clickable
2025-03=29 14:1626 ERROR Exception while finding element ('xpath', "//nz-option-item[@ng-reflect-value = 'monthly']")
Traceback (most recent call last):
  File "C:\Users\KIND\rospotrebnadzorTest\base\BaseApp.py", line 16, in find_element
    element = WebDriverWait(self.driver, time).until(
  File "C:\Users\KIND\rospotrebnadzorTest\.venv\lib\site-packages\selenium\webdriver\support\wait.py", line 96, in until
    value = method(self._driver)
  File "C:\Users\KIND\rospotrebnadzorTest\.venv\lib\site-packages\selenium\webdriver\support\expected_conditions.py", line 363, in _predicate
    target = driver.find_element(*target)  # grab element at locator
  File "C:\Users\KIND\rospotrebnadzorTest\.venv\lib\site-packages\selenium\webdriver\remote\webdriver.py", line 770, in find_element
    return self.execute(Command.FIND_ELEMENT, {"using": by, "value": value})["value"]
  File "C:\Users\KIND\rospotrebnadzorTest\.venv\lib\site-packages\selenium\webdriver\remote\webdriver.py", line 384, in execute
    self.error_handler.check_response(response)
  File "C:\Users\KIND\rospotrebnadzorTest\.venv\lib\site-packages\selenium\webdriver\remote\errorhandler.py", line 232, in check_response
    raise exception_class(message, screen, stacktrace)
selenium.common.exceptions.InvalidSessionIdException: Message: invalid session id
Stacktrace:
	GetHandleVerifier [0x0120C7F3+24435]
	(No symbol) [0x01192074]
	(No symbol) [0x0106055E]
	(No symbol) [0x0109B9D8]
	(No symbol) [0x010CD676]
	(No symbol) [0x010C904C]
	(No symbol) [0x010C85C6]
	(No symbol) [0x01033245]
	(No symbol) [0x0103379E]
	(No symbol) [0x01033C1D]
	GetHandleVerifier [0x015170A3+3213347]
	GetHandleVerifier [0x0152B0C9+3295305]
	GetHandleVerifier [0x0152558C+3271948]
	GetHandleVerifier [0x012A7360+658144]
	(No symbol) [0x0119B27D]
	(No symbol) [0x01032F10]
	(No symbol) [0x01032ACA]
	GetHandleVerifier [0x0159E9AC+3768620]
	BaseThreadInitThunk [0x768CFCC9+25]
	RtlGetAppContainerNamedObjectPath [0x779780CE+286]
	RtlGetAppContainerNamedObjectPath [0x7797809E+238]

2025-03=29 14:1626 ERROR Button Периодичность 'Ежемесячная' not found or not clickable
2025-03=29 14:1628 ERROR Exception while finding element ('xpath', "//input[@placeholder = 'Начальный год']")
Traceback (most recent call last):
  File "C:\Users\KIND\rospotrebnadzorTest\base\BaseApp.py", line 16, in find_element
    element = WebDriverWait(self.driver, time).until(
  File "C:\Users\KIND\rospotrebnadzorTest\.venv\lib\site-packages\selenium\webdriver\support\wait.py", line 96, in until
    value = method(self._driver)
  File "C:\Users\KIND\rospotrebnadzorTest\.venv\lib\site-packages\selenium\webdriver\support\expected_conditions.py", line 363, in _predicate
    target = driver.find_element(*target)  # grab element at locator
  File "C:\Users\KIND\rospotrebnadzorTest\.venv\lib\site-packages\selenium\webdriver\remote\webdriver.py", line 770, in find_element
    return self.execute(Command.FIND_ELEMENT, {"using": by, "value": value})["value"]
  File "C:\Users\KIND\rospotrebnadzorTest\.venv\lib\site-packages\selenium\webdriver\remote\webdriver.py", line 384, in execute
    self.error_handler.check_response(response)
  File "C:\Users\KIND\rospotrebnadzorTest\.venv\lib\site-packages\selenium\webdriver\remote\errorhandler.py", line 232, in check_response
    raise exception_class(message, screen, stacktrace)
selenium.common.exceptions.InvalidSessionIdException: Message: invalid session id
Stacktrace:
	GetHandleVerifier [0x0120C7F3+24435]
	(No symbol) [0x01192074]
	(No symbol) [0x0106055E]
	(No symbol) [0x0109B9D8]
	(No symbol) [0x010CD676]
	(No symbol) [0x010C904C]
	(No symbol) [0x010C85C6]
	(No symbol) [0x01033245]
	(No symbol) [0x0103379E]
	(No symbol) [0x01033C1D]
	GetHandleVerifier [0x015170A3+3213347]
	GetHandleVerifier [0x0152B0C9+3295305]
	GetHandleVerifier [0x0152558C+3271948]
	GetHandleVerifier [0x012A7360+658144]
	(No symbol) [0x0119B27D]
	(No symbol) [0x01032F10]
	(No symbol) [0x01032ACA]
	GetHandleVerifier [0x0159E9AC+3768620]
	BaseThreadInitThunk [0x768CFCC9+25]
	RtlGetAppContainerNamedObjectPath [0x779780CE+286]
	RtlGetAppContainerNamedObjectPath [0x7797809E+238]

2025-03=29 14:1628 ERROR Button Поле "Период" в реестре отчетов-год not found or not clickable
2025-03=29 14:1628 ERROR Exception while finding element ('xpath', "//label[@ng-reflect-nz-value = 'Года']")
Traceback (most recent call last):
  File "C:\Users\KIND\rospotrebnadzorTest\base\BaseApp.py", line 16, in find_element
    element = WebDriverWait(self.driver, time).until(
  File "C:\Users\KIND\rospotrebnadzorTest\.venv\lib\site-packages\selenium\webdriver\support\wait.py", line 96, in until
    value = method(self._driver)
  File "C:\Users\KIND\rospotrebnadzorTest\.venv\lib\site-packages\selenium\webdriver\support\expected_conditions.py", line 363, in _predicate
    target = driver.find_element(*target)  # grab element at locator
  File "C:\Users\KIND\rospotrebnadzorTest\.venv\lib\site-packages\selenium\webdriver\remote\webdriver.py", line 770, in find_element
    return self.execute(Command.FIND_ELEMENT, {"using": by, "value": value})["value"]
  File "C:\Users\KIND\rospotrebnadzorTest\.venv\lib\site-packages\selenium\webdriver\remote\webdriver.py", line 384, in execute
    self.error_handler.check_response(response)
  File "C:\Users\KIND\rospotrebnadzorTest\.venv\lib\site-packages\selenium\webdriver\remote\errorhandler.py", line 232, in check_response
    raise exception_class(message, screen, stacktrace)
selenium.common.exceptions.InvalidSessionIdException: Message: invalid session id
Stacktrace:
	GetHandleVerifier [0x0120C7F3+24435]
	(No symbol) [0x01192074]
	(No symbol) [0x0106055E]
	(No symbol) [0x0109B9D8]
	(No symbol) [0x010CD676]
	(No symbol) [0x010C904C]
	(No symbol) [0x010C85C6]
	(No symbol) [0x01033245]
	(No symbol) [0x0103379E]
	(No symbol) [0x01033C1D]
	GetHandleVerifier [0x015170A3+3213347]
	GetHandleVerifier [0x0152B0C9+3295305]
	GetHandleVerifier [0x0152558C+3271948]
	GetHandleVerifier [0x012A7360+658144]
	(No symbol) [0x0119B27D]
	(No symbol) [0x01032F10]
	(No symbol) [0x01032ACA]
	GetHandleVerifier [0x0159E9AC+3768620]
	BaseThreadInitThunk [0x768CFCC9+25]
	RtlGetAppContainerNamedObjectPath [0x779780CE+286]
	RtlGetAppContainerNamedObjectPath [0x7797809E+238]

2025-03=29 14:1628 ERROR Button Календарь фильтр "Год" not found or not clickable
2025-03=29 14:1628 INFO Send 2054 to element Поле 'Начальный год'
2025-03=29 14:1628 ERROR Exception while finding element ('xpath', "//input[@placeholder = 'Начальный год']")
Traceback (most recent call last):
  File "C:\Users\KIND\rospotrebnadzorTest\base\BaseApp.py", line 16, in find_element
    element = WebDriverWait(self.driver, time).until(
  File "C:\Users\KIND\rospotrebnadzorTest\.venv\lib\site-packages\selenium\webdriver\support\wait.py", line 96, in until
    value = method(self._driver)
  File "C:\Users\KIND\rospotrebnadzorTest\.venv\lib\site-packages\selenium\webdriver\support\expected_conditions.py", line 156, in _predicate
    return _element_if_visible(driver.find_element(*locator))
  File "C:\Users\KIND\rospotrebnadzorTest\.venv\lib\site-packages\selenium\webdriver\remote\webdriver.py", line 770, in find_element
    return self.execute(Command.FIND_ELEMENT, {"using": by, "value": value})["value"]
  File "C:\Users\KIND\rospotrebnadzorTest\.venv\lib\site-packages\selenium\webdriver\remote\webdriver.py", line 384, in execute
    self.error_handler.check_response(response)
  File "C:\Users\KIND\rospotrebnadzorTest\.venv\lib\site-packages\selenium\webdriver\remote\errorhandler.py", line 232, in check_response
    raise exception_class(message, screen, stacktrace)
selenium.common.exceptions.InvalidSessionIdException: Message: invalid session id
Stacktrace:
	GetHandleVerifier [0x0120C7F3+24435]
	(No symbol) [0x01192074]
	(No symbol) [0x0106055E]
	(No symbol) [0x0109B9D8]
	(No symbol) [0x010CD676]
	(No symbol) [0x010C904C]
	(No symbol) [0x010C85C6]
	(No symbol) [0x01033245]
	(No symbol) [0x0103379E]
	(No symbol) [0x01033C1D]
	GetHandleVerifier [0x015170A3+3213347]
	GetHandleVerifier [0x0152B0C9+3295305]
	GetHandleVerifier [0x0152558C+3271948]
	GetHandleVerifier [0x012A7360+658144]
	(No symbol) [0x0119B27D]
	(No symbol) [0x01032F10]
	(No symbol) [0x01032ACA]
	GetHandleVerifier [0x0159E9AC+3768620]
	BaseThreadInitThunk [0x768CFCC9+25]
	RtlGetAppContainerNamedObjectPath [0x779780CE+286]
	RtlGetAppContainerNamedObjectPath [0x7797809E+238]

2025-03=29 14:1628 ERROR Element ('xpath', "//input[@placeholder = 'Начальный год']") not found
2025-03=29 14:1628 INFO Send 2054 to element Поле 'Конечный год'
2025-03=29 14:1628 ERROR Exception while finding element ('xpath', "//input[@placeholder = 'Год окончания']")
Traceback (most recent call last):
  File "C:\Users\KIND\rospotrebnadzorTest\base\BaseApp.py", line 16, in find_element
    element = WebDriverWait(self.driver, time).until(
  File "C:\Users\KIND\rospotrebnadzorTest\.venv\lib\site-packages\selenium\webdriver\support\wait.py", line 96, in until
    value = method(self._driver)
  File "C:\Users\KIND\rospotrebnadzorTest\.venv\lib\site-packages\selenium\webdriver\support\expected_conditions.py", line 156, in _predicate
    return _element_if_visible(driver.find_element(*locator))
  File "C:\Users\KIND\rospotrebnadzorTest\.venv\lib\site-packages\selenium\webdriver\remote\webdriver.py", line 770, in find_element
    return self.execute(Command.FIND_ELEMENT, {"using": by, "value": value})["value"]
  File "C:\Users\KIND\rospotrebnadzorTest\.venv\lib\site-packages\selenium\webdriver\remote\webdriver.py", line 384, in execute
    self.error_handler.check_response(response)
  File "C:\Users\KIND\rospotrebnadzorTest\.venv\lib\site-packages\selenium\webdriver\remote\errorhandler.py", line 232, in check_response
    raise exception_class(message, screen, stacktrace)
selenium.common.exceptions.InvalidSessionIdException: Message: invalid session id
Stacktrace:
	GetHandleVerifier [0x0120C7F3+24435]
	(No symbol) [0x01192074]
	(No symbol) [0x0106055E]
	(No symbol) [0x0109B9D8]
	(No symbol) [0x010CD676]
	(No symbol) [0x010C904C]
	(No symbol) [0x010C85C6]
	(No symbol) [0x01033245]
	(No symbol) [0x0103379E]
	(No symbol) [0x01033C1D]
	GetHandleVerifier [0x015170A3+3213347]
	GetHandleVerifier [0x0152B0C9+3295305]
	GetHandleVerifier [0x0152558C+3271948]
	GetHandleVerifier [0x012A7360+658144]
	(No symbol) [0x0119B27D]
	(No symbol) [0x01032F10]
	(No symbol) [0x01032ACA]
	GetHandleVerifier [0x0159E9AC+3768620]
	BaseThreadInitThunk [0x768CFCC9+25]
	RtlGetAppContainerNamedObjectPath [0x779780CE+286]
	RtlGetAppContainerNamedObjectPath [0x7797809E+238]

2025-03=29 14:1628 ERROR Element ('xpath', "//input[@placeholder = 'Год окончания']") not found
2025-03=29 14:1628 ERROR Exception while finding element ('xpath', '(//a[@class = "invisible_link" and contains(text(), "Утвержден")])[1]')
Traceback (most recent call last):
  File "C:\Users\KIND\rospotrebnadzorTest\base\BaseApp.py", line 16, in find_element
    element = WebDriverWait(self.driver, time).until(
  File "C:\Users\KIND\rospotrebnadzorTest\.venv\lib\site-packages\selenium\webdriver\support\wait.py", line 96, in until
    value = method(self._driver)
  File "C:\Users\KIND\rospotrebnadzorTest\.venv\lib\site-packages\selenium\webdriver\support\expected_conditions.py", line 156, in _predicate
    return _element_if_visible(driver.find_element(*locator))
  File "C:\Users\KIND\rospotrebnadzorTest\.venv\lib\site-packages\selenium\webdriver\remote\webdriver.py", line 770, in find_element
    return self.execute(Command.FIND_ELEMENT, {"using": by, "value": value})["value"]
  File "C:\Users\KIND\rospotrebnadzorTest\.venv\lib\site-packages\selenium\webdriver\remote\webdriver.py", line 384, in execute
    self.error_handler.check_response(response)
  File "C:\Users\KIND\rospotrebnadzorTest\.venv\lib\site-packages\selenium\webdriver\remote\errorhandler.py", line 232, in check_response
    raise exception_class(message, screen, stacktrace)
selenium.common.exceptions.InvalidSessionIdException: Message: invalid session id
Stacktrace:
	GetHandleVerifier [0x0120C7F3+24435]
	(No symbol) [0x01192074]
	(No symbol) [0x0106055E]
	(No symbol) [0x0109B9D8]
	(No symbol) [0x010CD676]
	(No symbol) [0x010C904C]
	(No symbol) [0x010C85C6]
	(No symbol) [0x01033245]
	(No symbol) [0x0103379E]
	(No symbol) [0x01033C1D]
	GetHandleVerifier [0x015170A3+3213347]
	GetHandleVerifier [0x0152B0C9+3295305]
	GetHandleVerifier [0x0152558C+3271948]
	GetHandleVerifier [0x012A7360+658144]
	(No symbol) [0x0119B27D]
	(No symbol) [0x01032F10]
	(No symbol) [0x01032ACA]
	GetHandleVerifier [0x0159E9AC+3768620]
	BaseThreadInitThunk [0x768CFCC9+25]
	RtlGetAppContainerNamedObjectPath [0x779780CE+286]
	RtlGetAppContainerNamedObjectPath [0x7797809E+238]

2025-03=29 14:1628 ERROR Exception while finding element ('xpath', '(//a[@class = "invisible_link" and contains(text(), "2054")])[1]')
Traceback (most recent call last):
  File "C:\Users\KIND\rospotrebnadzorTest\base\BaseApp.py", line 16, in find_element
    element = WebDriverWait(self.driver, time).until(
  File "C:\Users\KIND\rospotrebnadzorTest\.venv\lib\site-packages\selenium\webdriver\support\wait.py", line 96, in until
    value = method(self._driver)
  File "C:\Users\KIND\rospotrebnadzorTest\.venv\lib\site-packages\selenium\webdriver\support\expected_conditions.py", line 156, in _predicate
    return _element_if_visible(driver.find_element(*locator))
  File "C:\Users\KIND\rospotrebnadzorTest\.venv\lib\site-packages\selenium\webdriver\remote\webdriver.py", line 770, in find_element
    return self.execute(Command.FIND_ELEMENT, {"using": by, "value": value})["value"]
  File "C:\Users\KIND\rospotrebnadzorTest\.venv\lib\site-packages\selenium\webdriver\remote\webdriver.py", line 384, in execute
    self.error_handler.check_response(response)
  File "C:\Users\KIND\rospotrebnadzorTest\.venv\lib\site-packages\selenium\webdriver\remote\errorhandler.py", line 232, in check_response
    raise exception_class(message, screen, stacktrace)
selenium.common.exceptions.InvalidSessionIdException: Message: invalid session id
Stacktrace:
	GetHandleVerifier [0x0120C7F3+24435]
	(No symbol) [0x01192074]
	(No symbol) [0x0106055E]
	(No symbol) [0x0109B9D8]
	(No symbol) [0x010CD676]
	(No symbol) [0x010C904C]
	(No symbol) [0x010C85C6]
	(No symbol) [0x01033245]
	(No symbol) [0x0103379E]
	(No symbol) [0x01033C1D]
	GetHandleVerifier [0x015170A3+3213347]
	GetHandleVerifier [0x0152B0C9+3295305]
	GetHandleVerifier [0x0152558C+3271948]
	GetHandleVerifier [0x012A7360+658144]
	(No symbol) [0x0119B27D]
	(No symbol) [0x01032F10]
	(No symbol) [0x01032ACA]
	GetHandleVerifier [0x0159E9AC+3768620]
	BaseThreadInitThunk [0x768CFCC9+25]
	RtlGetAppContainerNamedObjectPath [0x779780CE+286]
	RtlGetAppContainerNamedObjectPath [0x7797809E+238]

2025-03=29 14:1628 INFO Запустили тест проверки фильтрации на районном уровне
2025-03=29 14:1628 ERROR Exception while finding element ('id', 'level')
Traceback (most recent call last):
  File "C:\Users\KIND\rospotrebnadzorTest\base\BaseApp.py", line 16, in find_element
    element = WebDriverWait(self.driver, time).until(
  File "C:\Users\KIND\rospotrebnadzorTest\.venv\lib\site-packages\selenium\webdriver\support\wait.py", line 96, in until
    value = method(self._driver)
  File "C:\Users\KIND\rospotrebnadzorTest\.venv\lib\site-packages\selenium\webdriver\support\expected_conditions.py", line 363, in _predicate
    target = driver.find_element(*target)  # grab element at locator
  File "C:\Users\KIND\rospotrebnadzorTest\.venv\lib\site-packages\selenium\webdriver\remote\webdriver.py", line 770, in find_element
    return self.execute(Command.FIND_ELEMENT, {"using": by, "value": value})["value"]
  File "C:\Users\KIND\rospotrebnadzorTest\.venv\lib\site-packages\selenium\webdriver\remote\webdriver.py", line 384, in execute
    self.error_handler.check_response(response)
  File "C:\Users\KIND\rospotrebnadzorTest\.venv\lib\site-packages\selenium\webdriver\remote\errorhandler.py", line 232, in check_response
    raise exception_class(message, screen, stacktrace)
selenium.common.exceptions.InvalidSessionIdException: Message: invalid session id
Stacktrace:
	GetHandleVerifier [0x0120C7F3+24435]
	(No symbol) [0x01192074]
	(No symbol) [0x0106055E]
	(No symbol) [0x0109B9D8]
	(No symbol) [0x010CD676]
	(No symbol) [0x010C904C]
	(No symbol) [0x010C85C6]
	(No symbol) [0x01033245]
	(No symbol) [0x0103379E]
	(No symbol) [0x01033C1D]
	GetHandleVerifier [0x015170A3+3213347]
	GetHandleVerifier [0x0152B0C9+3295305]
	GetHandleVerifier [0x0152558C+3271948]
	GetHandleVerifier [0x012A7360+658144]
	(No symbol) [0x0119B27D]
	(No symbol) [0x01032F10]
	(No symbol) [0x01032ACA]
	GetHandleVerifier [0x0159E9AC+3768620]
	BaseThreadInitThunk [0x768CFCC9+25]
	RtlGetAppContainerNamedObjectPath [0x779780CE+286]
	RtlGetAppContainerNamedObjectPath [0x7797809E+238]

2025-03=29 14:1628 ERROR Button Выпадающий список уровней видимости not found or not clickable
2025-03=29 14:1628 ERROR Exception while finding element ('id', 'formLevel_district')
Traceback (most recent call last):
  File "C:\Users\KIND\rospotrebnadzorTest\base\BaseApp.py", line 16, in find_element
    element = WebDriverWait(self.driver, time).until(
  File "C:\Users\KIND\rospotrebnadzorTest\.venv\lib\site-packages\selenium\webdriver\support\wait.py", line 96, in until
    value = method(self._driver)
  File "C:\Users\KIND\rospotrebnadzorTest\.venv\lib\site-packages\selenium\webdriver\support\expected_conditions.py", line 363, in _predicate
    target = driver.find_element(*target)  # grab element at locator
  File "C:\Users\KIND\rospotrebnadzorTest\.venv\lib\site-packages\selenium\webdriver\remote\webdriver.py", line 770, in find_element
    return self.execute(Command.FIND_ELEMENT, {"using": by, "value": value})["value"]
  File "C:\Users\KIND\rospotrebnadzorTest\.venv\lib\site-packages\selenium\webdriver\remote\webdriver.py", line 384, in execute
    self.error_handler.check_response(response)
  File "C:\Users\KIND\rospotrebnadzorTest\.venv\lib\site-packages\selenium\webdriver\remote\errorhandler.py", line 232, in check_response
    raise exception_class(message, screen, stacktrace)
selenium.common.exceptions.InvalidSessionIdException: Message: invalid session id
Stacktrace:
	GetHandleVerifier [0x0120C7F3+24435]
	(No symbol) [0x01192074]
	(No symbol) [0x0106055E]
	(No symbol) [0x0109B9D8]
	(No symbol) [0x010CD676]
	(No symbol) [0x010C904C]
	(No symbol) [0x010C85C6]
	(No symbol) [0x01033245]
	(No symbol) [0x0103379E]
	(No symbol) [0x01033C1D]
	GetHandleVerifier [0x015170A3+3213347]
	GetHandleVerifier [0x0152B0C9+3295305]
	GetHandleVerifier [0x0152558C+3271948]
	GetHandleVerifier [0x012A7360+658144]
	(No symbol) [0x0119B27D]
	(No symbol) [0x01032F10]
	(No symbol) [0x01032ACA]
	GetHandleVerifier [0x0159E9AC+3768620]
	BaseThreadInitThunk [0x768CFCC9+25]
	RtlGetAppContainerNamedObjectPath [0x779780CE+286]
	RtlGetAppContainerNamedObjectPath [0x7797809E+238]

2025-03=29 14:1628 ERROR Button Выбор уровня 'Районный' not found or not clickable
2025-03=29 14:1629 ERROR Exception while finding element ('xpath', '//span[@class = "ant-table-column-title" and contains(text(), "Район")]')
Traceback (most recent call last):
  File "C:\Users\KIND\rospotrebnadzorTest\base\BaseApp.py", line 16, in find_element
    element = WebDriverWait(self.driver, time).until(
  File "C:\Users\KIND\rospotrebnadzorTest\.venv\lib\site-packages\selenium\webdriver\support\wait.py", line 96, in until
    value = method(self._driver)
  File "C:\Users\KIND\rospotrebnadzorTest\.venv\lib\site-packages\selenium\webdriver\support\expected_conditions.py", line 156, in _predicate
    return _element_if_visible(driver.find_element(*locator))
  File "C:\Users\KIND\rospotrebnadzorTest\.venv\lib\site-packages\selenium\webdriver\remote\webdriver.py", line 770, in find_element
    return self.execute(Command.FIND_ELEMENT, {"using": by, "value": value})["value"]
  File "C:\Users\KIND\rospotrebnadzorTest\.venv\lib\site-packages\selenium\webdriver\remote\webdriver.py", line 384, in execute
    self.error_handler.check_response(response)
  File "C:\Users\KIND\rospotrebnadzorTest\.venv\lib\site-packages\selenium\webdriver\remote\errorhandler.py", line 232, in check_response
    raise exception_class(message, screen, stacktrace)
selenium.common.exceptions.InvalidSessionIdException: Message: invalid session id
Stacktrace:
	GetHandleVerifier [0x0120C7F3+24435]
	(No symbol) [0x01192074]
	(No symbol) [0x0106055E]
	(No symbol) [0x0109B9D8]
	(No symbol) [0x010CD676]
	(No symbol) [0x010C904C]
	(No symbol) [0x010C85C6]
	(No symbol) [0x01033245]
	(No symbol) [0x0103379E]
	(No symbol) [0x01033C1D]
	GetHandleVerifier [0x015170A3+3213347]
	GetHandleVerifier [0x0152B0C9+3295305]
	GetHandleVerifier [0x0152558C+3271948]
	GetHandleVerifier [0x012A7360+658144]
	(No symbol) [0x0119B27D]
	(No symbol) [0x01032F10]
	(No symbol) [0x01032ACA]
	GetHandleVerifier [0x0159E9AC+3768620]
	BaseThreadInitThunk [0x768CFCC9+25]
	RtlGetAppContainerNamedObjectPath [0x779780CE+286]
	RtlGetAppContainerNamedObjectPath [0x7797809E+238]

2025-03=29 14:1629 ERROR Exception while finding element ('xpath', '//nz-select[@ng-reflect-compare-with="(o1, o2) => o1 && o2 ? o1[\'reg"]')
Traceback (most recent call last):
  File "C:\Users\KIND\rospotrebnadzorTest\base\BaseApp.py", line 16, in find_element
    element = WebDriverWait(self.driver, time).until(
  File "C:\Users\KIND\rospotrebnadzorTest\.venv\lib\site-packages\selenium\webdriver\support\wait.py", line 96, in until
    value = method(self._driver)
  File "C:\Users\KIND\rospotrebnadzorTest\.venv\lib\site-packages\selenium\webdriver\support\expected_conditions.py", line 363, in _predicate
    target = driver.find_element(*target)  # grab element at locator
  File "C:\Users\KIND\rospotrebnadzorTest\.venv\lib\site-packages\selenium\webdriver\remote\webdriver.py", line 770, in find_element
    return self.execute(Command.FIND_ELEMENT, {"using": by, "value": value})["value"]
  File "C:\Users\KIND\rospotrebnadzorTest\.venv\lib\site-packages\selenium\webdriver\remote\webdriver.py", line 384, in execute
    self.error_handler.check_response(response)
  File "C:\Users\KIND\rospotrebnadzorTest\.venv\lib\site-packages\selenium\webdriver\remote\errorhandler.py", line 232, in check_response
    raise exception_class(message, screen, stacktrace)
selenium.common.exceptions.InvalidSessionIdException: Message: invalid session id
Stacktrace:
	GetHandleVerifier [0x0120C7F3+24435]
	(No symbol) [0x01192074]
	(No symbol) [0x0106055E]
	(No symbol) [0x0109B9D8]
	(No symbol) [0x010CD676]
	(No symbol) [0x010C904C]
	(No symbol) [0x010C85C6]
	(No symbol) [0x01033245]
	(No symbol) [0x0103379E]
	(No symbol) [0x01033C1D]
	GetHandleVerifier [0x015170A3+3213347]
	GetHandleVerifier [0x0152B0C9+3295305]
	GetHandleVerifier [0x0152558C+3271948]
	GetHandleVerifier [0x012A7360+658144]
	(No symbol) [0x0119B27D]
	(No symbol) [0x01032F10]
	(No symbol) [0x01032ACA]
	GetHandleVerifier [0x0159E9AC+3768620]
	BaseThreadInitThunk [0x768CFCC9+25]
	RtlGetAppContainerNamedObjectPath [0x779780CE+286]
	RtlGetAppContainerNamedObjectPath [0x7797809E+238]

2025-03=29 14:1629 ERROR Button Регион (выпадающий список) not found or not clickable
2025-03=29 14:1629 ERROR Exception while finding element ('xpath', '//nz-option-item[@title="г. Москва"]')
Traceback (most recent call last):
  File "C:\Users\KIND\rospotrebnadzorTest\base\BaseApp.py", line 16, in find_element
    element = WebDriverWait(self.driver, time).until(
  File "C:\Users\KIND\rospotrebnadzorTest\.venv\lib\site-packages\selenium\webdriver\support\wait.py", line 96, in until
    value = method(self._driver)
  File "C:\Users\KIND\rospotrebnadzorTest\.venv\lib\site-packages\selenium\webdriver\support\expected_conditions.py", line 363, in _predicate
    target = driver.find_element(*target)  # grab element at locator
  File "C:\Users\KIND\rospotrebnadzorTest\.venv\lib\site-packages\selenium\webdriver\remote\webdriver.py", line 770, in find_element
    return self.execute(Command.FIND_ELEMENT, {"using": by, "value": value})["value"]
  File "C:\Users\KIND\rospotrebnadzorTest\.venv\lib\site-packages\selenium\webdriver\remote\webdriver.py", line 384, in execute
    self.error_handler.check_response(response)
  File "C:\Users\KIND\rospotrebnadzorTest\.venv\lib\site-packages\selenium\webdriver\remote\errorhandler.py", line 232, in check_response
    raise exception_class(message, screen, stacktrace)
selenium.common.exceptions.InvalidSessionIdException: Message: invalid session id
Stacktrace:
	GetHandleVerifier [0x0120C7F3+24435]
	(No symbol) [0x01192074]
	(No symbol) [0x0106055E]
	(No symbol) [0x0109B9D8]
	(No symbol) [0x010CD676]
	(No symbol) [0x010C904C]
	(No symbol) [0x010C85C6]
	(No symbol) [0x01033245]
	(No symbol) [0x0103379E]
	(No symbol) [0x01033C1D]
	GetHandleVerifier [0x015170A3+3213347]
	GetHandleVerifier [0x0152B0C9+3295305]
	GetHandleVerifier [0x0152558C+3271948]
	GetHandleVerifier [0x012A7360+658144]
	(No symbol) [0x0119B27D]
	(No symbol) [0x01032F10]
	(No symbol) [0x01032ACA]
	GetHandleVerifier [0x0159E9AC+3768620]
	BaseThreadInitThunk [0x768CFCC9+25]
	RtlGetAppContainerNamedObjectPath [0x779780CE+286]
	RtlGetAppContainerNamedObjectPath [0x7797809E+238]

2025-03=29 14:1629 ERROR Button Москва из выпадающего списка not found or not clickable
2025-03=29 14:1632 ERROR Exception while finding element ('xpath', '//nz-select[@ng-reflect-compare-with="(o1, o2) => o1 && o2 ? o1[\'okt"]')
Traceback (most recent call last):
  File "C:\Users\KIND\rospotrebnadzorTest\base\BaseApp.py", line 16, in find_element
    element = WebDriverWait(self.driver, time).until(
  File "C:\Users\KIND\rospotrebnadzorTest\.venv\lib\site-packages\selenium\webdriver\support\wait.py", line 96, in until
    value = method(self._driver)
  File "C:\Users\KIND\rospotrebnadzorTest\.venv\lib\site-packages\selenium\webdriver\support\expected_conditions.py", line 363, in _predicate
    target = driver.find_element(*target)  # grab element at locator
  File "C:\Users\KIND\rospotrebnadzorTest\.venv\lib\site-packages\selenium\webdriver\remote\webdriver.py", line 770, in find_element
    return self.execute(Command.FIND_ELEMENT, {"using": by, "value": value})["value"]
  File "C:\Users\KIND\rospotrebnadzorTest\.venv\lib\site-packages\selenium\webdriver\remote\webdriver.py", line 384, in execute
    self.error_handler.check_response(response)
  File "C:\Users\KIND\rospotrebnadzorTest\.venv\lib\site-packages\selenium\webdriver\remote\errorhandler.py", line 232, in check_response
    raise exception_class(message, screen, stacktrace)
selenium.common.exceptions.InvalidSessionIdException: Message: invalid session id
Stacktrace:
	GetHandleVerifier [0x0120C7F3+24435]
	(No symbol) [0x01192074]
	(No symbol) [0x0106055E]
	(No symbol) [0x0109B9D8]
	(No symbol) [0x010CD676]
	(No symbol) [0x010C904C]
	(No symbol) [0x010C85C6]
	(No symbol) [0x01033245]
	(No symbol) [0x0103379E]
	(No symbol) [0x01033C1D]
	GetHandleVerifier [0x015170A3+3213347]
	GetHandleVerifier [0x0152B0C9+3295305]
	GetHandleVerifier [0x0152558C+3271948]
	GetHandleVerifier [0x012A7360+658144]
	(No symbol) [0x0119B27D]
	(No symbol) [0x01032F10]
	(No symbol) [0x01032ACA]
	GetHandleVerifier [0x0159E9AC+3768620]
	BaseThreadInitThunk [0x768CFCC9+25]
	RtlGetAppContainerNamedObjectPath [0x779780CE+286]
	RtlGetAppContainerNamedObjectPath [0x7797809E+238]

2025-03=29 14:1632 ERROR Button Район (выпадающий список) not found or not clickable
2025-03=29 14:1632 ERROR Exception while finding element ('xpath', "//nz-option-item[@ng-reflect-title='Восточный']")
Traceback (most recent call last):
  File "C:\Users\KIND\rospotrebnadzorTest\base\BaseApp.py", line 16, in find_element
    element = WebDriverWait(self.driver, time).until(
  File "C:\Users\KIND\rospotrebnadzorTest\.venv\lib\site-packages\selenium\webdriver\support\wait.py", line 96, in until
    value = method(self._driver)
  File "C:\Users\KIND\rospotrebnadzorTest\.venv\lib\site-packages\selenium\webdriver\support\expected_conditions.py", line 363, in _predicate
    target = driver.find_element(*target)  # grab element at locator
  File "C:\Users\KIND\rospotrebnadzorTest\.venv\lib\site-packages\selenium\webdriver\remote\webdriver.py", line 770, in find_element
    return self.execute(Command.FIND_ELEMENT, {"using": by, "value": value})["value"]
  File "C:\Users\KIND\rospotrebnadzorTest\.venv\lib\site-packages\selenium\webdriver\remote\webdriver.py", line 384, in execute
    self.error_handler.check_response(response)
  File "C:\Users\KIND\rospotrebnadzorTest\.venv\lib\site-packages\selenium\webdriver\remote\errorhandler.py", line 232, in check_response
    raise exception_class(message, screen, stacktrace)
selenium.common.exceptions.InvalidSessionIdException: Message: invalid session id
Stacktrace:
	GetHandleVerifier [0x0120C7F3+24435]
	(No symbol) [0x01192074]
	(No symbol) [0x0106055E]
	(No symbol) [0x0109B9D8]
	(No symbol) [0x010CD676]
	(No symbol) [0x010C904C]
	(No symbol) [0x010C85C6]
	(No symbol) [0x01033245]
	(No symbol) [0x0103379E]
	(No symbol) [0x01033C1D]
	GetHandleVerifier [0x015170A3+3213347]
	GetHandleVerifier [0x0152B0C9+3295305]
	GetHandleVerifier [0x0152558C+3271948]
	GetHandleVerifier [0x012A7360+658144]
	(No symbol) [0x0119B27D]
	(No symbol) [0x01032F10]
	(No symbol) [0x01032ACA]
	GetHandleVerifier [0x0159E9AC+3768620]
	BaseThreadInitThunk [0x768CFCC9+25]
	RtlGetAppContainerNamedObjectPath [0x779780CE+286]
	RtlGetAppContainerNamedObjectPath [0x7797809E+238]

2025-03=29 14:1632 ERROR Button Восточный район Москва not found or not clickable
2025-03=29 14:1632 ERROR Exception while finding element ('xpath', '(//a[@class = "invisible_link" and contains(text(), "Восточный")])[1]')
Traceback (most recent call last):
  File "C:\Users\KIND\rospotrebnadzorTest\base\BaseApp.py", line 16, in find_element
    element = WebDriverWait(self.driver, time).until(
  File "C:\Users\KIND\rospotrebnadzorTest\.venv\lib\site-packages\selenium\webdriver\support\wait.py", line 96, in until
    value = method(self._driver)
  File "C:\Users\KIND\rospotrebnadzorTest\.venv\lib\site-packages\selenium\webdriver\support\expected_conditions.py", line 156, in _predicate
    return _element_if_visible(driver.find_element(*locator))
  File "C:\Users\KIND\rospotrebnadzorTest\.venv\lib\site-packages\selenium\webdriver\remote\webdriver.py", line 770, in find_element
    return self.execute(Command.FIND_ELEMENT, {"using": by, "value": value})["value"]
  File "C:\Users\KIND\rospotrebnadzorTest\.venv\lib\site-packages\selenium\webdriver\remote\webdriver.py", line 384, in execute
    self.error_handler.check_response(response)
  File "C:\Users\KIND\rospotrebnadzorTest\.venv\lib\site-packages\selenium\webdriver\remote\errorhandler.py", line 232, in check_response
    raise exception_class(message, screen, stacktrace)
selenium.common.exceptions.InvalidSessionIdException: Message: invalid session id
Stacktrace:
	GetHandleVerifier [0x0120C7F3+24435]
	(No symbol) [0x01192074]
	(No symbol) [0x0106055E]
	(No symbol) [0x0109B9D8]
	(No symbol) [0x010CD676]
	(No symbol) [0x010C904C]
	(No symbol) [0x010C85C6]
	(No symbol) [0x01033245]
	(No symbol) [0x0103379E]
	(No symbol) [0x01033C1D]
	GetHandleVerifier [0x015170A3+3213347]
	GetHandleVerifier [0x0152B0C9+3295305]
	GetHandleVerifier [0x0152558C+3271948]
	GetHandleVerifier [0x012A7360+658144]
	(No symbol) [0x0119B27D]
	(No symbol) [0x01032F10]
	(No symbol) [0x01032ACA]
	GetHandleVerifier [0x0159E9AC+3768620]
	BaseThreadInitThunk [0x768CFCC9+25]
	RtlGetAppContainerNamedObjectPath [0x779780CE+286]
	RtlGetAppContainerNamedObjectPath [0x7797809E+238]

2025-03=29 14:1632 ERROR Exception while finding element ('xpath', "//nz-select-item[@title = 'Все']")
Traceback (most recent call last):
  File "C:\Users\KIND\rospotrebnadzorTest\base\BaseApp.py", line 16, in find_element
    element = WebDriverWait(self.driver, time).until(
  File "C:\Users\KIND\rospotrebnadzorTest\.venv\lib\site-packages\selenium\webdriver\support\wait.py", line 96, in until
    value = method(self._driver)
  File "C:\Users\KIND\rospotrebnadzorTest\.venv\lib\site-packages\selenium\webdriver\support\expected_conditions.py", line 363, in _predicate
    target = driver.find_element(*target)  # grab element at locator
  File "C:\Users\KIND\rospotrebnadzorTest\.venv\lib\site-packages\selenium\webdriver\remote\webdriver.py", line 770, in find_element
    return self.execute(Command.FIND_ELEMENT, {"using": by, "value": value})["value"]
  File "C:\Users\KIND\rospotrebnadzorTest\.venv\lib\site-packages\selenium\webdriver\remote\webdriver.py", line 384, in execute
    self.error_handler.check_response(response)
  File "C:\Users\KIND\rospotrebnadzorTest\.venv\lib\site-packages\selenium\webdriver\remote\errorhandler.py", line 232, in check_response
    raise exception_class(message, screen, stacktrace)
selenium.common.exceptions.InvalidSessionIdException: Message: invalid session id
Stacktrace:
	GetHandleVerifier [0x0120C7F3+24435]
	(No symbol) [0x01192074]
	(No symbol) [0x0106055E]
	(No symbol) [0x0109B9D8]
	(No symbol) [0x010CD676]
	(No symbol) [0x010C904C]
	(No symbol) [0x010C85C6]
	(No symbol) [0x01033245]
	(No symbol) [0x0103379E]
	(No symbol) [0x01033C1D]
	GetHandleVerifier [0x015170A3+3213347]
	GetHandleVerifier [0x0152B0C9+3295305]
	GetHandleVerifier [0x0152558C+3271948]
	GetHandleVerifier [0x012A7360+658144]
	(No symbol) [0x0119B27D]
	(No symbol) [0x01032F10]
	(No symbol) [0x01032ACA]
	GetHandleVerifier [0x0159E9AC+3768620]
	BaseThreadInitThunk [0x768CFCC9+25]
	RtlGetAppContainerNamedObjectPath [0x779780CE+286]
	RtlGetAppContainerNamedObjectPath [0x7797809E+238]

2025-03=29 14:1632 ERROR Button Поле "Состояние" в реестре отчетов not found or not clickable
2025-03=29 14:1632 ERROR Exception while finding element ('xpath', "//nz-option-item[@ng-reflect-value = 'es_signed']")
Traceback (most recent call last):
  File "C:\Users\KIND\rospotrebnadzorTest\base\BaseApp.py", line 16, in find_element
    element = WebDriverWait(self.driver, time).until(
  File "C:\Users\KIND\rospotrebnadzorTest\.venv\lib\site-packages\selenium\webdriver\support\wait.py", line 96, in until
    value = method(self._driver)
  File "C:\Users\KIND\rospotrebnadzorTest\.venv\lib\site-packages\selenium\webdriver\support\expected_conditions.py", line 363, in _predicate
    target = driver.find_element(*target)  # grab element at locator
  File "C:\Users\KIND\rospotrebnadzorTest\.venv\lib\site-packages\selenium\webdriver\remote\webdriver.py", line 770, in find_element
    return self.execute(Command.FIND_ELEMENT, {"using": by, "value": value})["value"]
  File "C:\Users\KIND\rospotrebnadzorTest\.venv\lib\site-packages\selenium\webdriver\remote\webdriver.py", line 384, in execute
    self.error_handler.check_response(response)
  File "C:\Users\KIND\rospotrebnadzorTest\.venv\lib\site-packages\selenium\webdriver\remote\errorhandler.py", line 232, in check_response
    raise exception_class(message, screen, stacktrace)
selenium.common.exceptions.InvalidSessionIdException: Message: invalid session id
Stacktrace:
	GetHandleVerifier [0x0120C7F3+24435]
	(No symbol) [0x01192074]
	(No symbol) [0x0106055E]
	(No symbol) [0x0109B9D8]
	(No symbol) [0x010CD676]
	(No symbol) [0x010C904C]
	(No symbol) [0x010C85C6]
	(No symbol) [0x01033245]
	(No symbol) [0x0103379E]
	(No symbol) [0x01033C1D]
	GetHandleVerifier [0x015170A3+3213347]
	GetHandleVerifier [0x0152B0C9+3295305]
	GetHandleVerifier [0x0152558C+3271948]
	GetHandleVerifier [0x012A7360+658144]
	(No symbol) [0x0119B27D]
	(No symbol) [0x01032F10]
	(No symbol) [0x01032ACA]
	GetHandleVerifier [0x0159E9AC+3768620]
	BaseThreadInitThunk [0x768CFCC9+25]
	RtlGetAppContainerNamedObjectPath [0x779780CE+286]
	RtlGetAppContainerNamedObjectPath [0x7797809E+238]

2025-03=29 14:1632 ERROR Button Статус 'Утверждён' not found or not clickable
2025-03=29 14:1632 ERROR Exception while finding element ('xpath', "//nz-select[@ng-reflect-is-disabled = 'false']")
Traceback (most recent call last):
  File "C:\Users\KIND\rospotrebnadzorTest\base\BaseApp.py", line 16, in find_element
    element = WebDriverWait(self.driver, time).until(
  File "C:\Users\KIND\rospotrebnadzorTest\.venv\lib\site-packages\selenium\webdriver\support\wait.py", line 96, in until
    value = method(self._driver)
  File "C:\Users\KIND\rospotrebnadzorTest\.venv\lib\site-packages\selenium\webdriver\support\expected_conditions.py", line 363, in _predicate
    target = driver.find_element(*target)  # grab element at locator
  File "C:\Users\KIND\rospotrebnadzorTest\.venv\lib\site-packages\selenium\webdriver\remote\webdriver.py", line 770, in find_element
    return self.execute(Command.FIND_ELEMENT, {"using": by, "value": value})["value"]
  File "C:\Users\KIND\rospotrebnadzorTest\.venv\lib\site-packages\selenium\webdriver\remote\webdriver.py", line 384, in execute
    self.error_handler.check_response(response)
  File "C:\Users\KIND\rospotrebnadzorTest\.venv\lib\site-packages\selenium\webdriver\remote\errorhandler.py", line 232, in check_response
    raise exception_class(message, screen, stacktrace)
selenium.common.exceptions.InvalidSessionIdException: Message: invalid session id
Stacktrace:
	GetHandleVerifier [0x0120C7F3+24435]
	(No symbol) [0x01192074]
	(No symbol) [0x0106055E]
	(No symbol) [0x0109B9D8]
	(No symbol) [0x010CD676]
	(No symbol) [0x010C904C]
	(No symbol) [0x010C85C6]
	(No symbol) [0x01033245]
	(No symbol) [0x0103379E]
	(No symbol) [0x01033C1D]
	GetHandleVerifier [0x015170A3+3213347]
	GetHandleVerifier [0x0152B0C9+3295305]
	GetHandleVerifier [0x0152558C+3271948]
	GetHandleVerifier [0x012A7360+658144]
	(No symbol) [0x0119B27D]
	(No symbol) [0x01032F10]
	(No symbol) [0x01032ACA]
	GetHandleVerifier [0x0159E9AC+3768620]
	BaseThreadInitThunk [0x768CFCC9+25]
	RtlGetAppContainerNamedObjectPath [0x779780CE+286]
	RtlGetAppContainerNamedObjectPath [0x7797809E+238]

2025-03=29 14:1632 ERROR Button Поле "Периодичность" в реестре отчетов not found or not clickable
2025-03=29 14:1632 ERROR Exception while finding element ('xpath', "//nz-option-item[@ng-reflect-value = 'monthly']")
Traceback (most recent call last):
  File "C:\Users\KIND\rospotrebnadzorTest\base\BaseApp.py", line 16, in find_element
    element = WebDriverWait(self.driver, time).until(
  File "C:\Users\KIND\rospotrebnadzorTest\.venv\lib\site-packages\selenium\webdriver\support\wait.py", line 96, in until
    value = method(self._driver)
  File "C:\Users\KIND\rospotrebnadzorTest\.venv\lib\site-packages\selenium\webdriver\support\expected_conditions.py", line 363, in _predicate
    target = driver.find_element(*target)  # grab element at locator
  File "C:\Users\KIND\rospotrebnadzorTest\.venv\lib\site-packages\selenium\webdriver\remote\webdriver.py", line 770, in find_element
    return self.execute(Command.FIND_ELEMENT, {"using": by, "value": value})["value"]
  File "C:\Users\KIND\rospotrebnadzorTest\.venv\lib\site-packages\selenium\webdriver\remote\webdriver.py", line 384, in execute
    self.error_handler.check_response(response)
  File "C:\Users\KIND\rospotrebnadzorTest\.venv\lib\site-packages\selenium\webdriver\remote\errorhandler.py", line 232, in check_response
    raise exception_class(message, screen, stacktrace)
selenium.common.exceptions.InvalidSessionIdException: Message: invalid session id
Stacktrace:
	GetHandleVerifier [0x0120C7F3+24435]
	(No symbol) [0x01192074]
	(No symbol) [0x0106055E]
	(No symbol) [0x0109B9D8]
	(No symbol) [0x010CD676]
	(No symbol) [0x010C904C]
	(No symbol) [0x010C85C6]
	(No symbol) [0x01033245]
	(No symbol) [0x0103379E]
	(No symbol) [0x01033C1D]
	GetHandleVerifier [0x015170A3+3213347]
	GetHandleVerifier [0x0152B0C9+3295305]
	GetHandleVerifier [0x0152558C+3271948]
	GetHandleVerifier [0x012A7360+658144]
	(No symbol) [0x0119B27D]
	(No symbol) [0x01032F10]
	(No symbol) [0x01032ACA]
	GetHandleVerifier [0x0159E9AC+3768620]
	BaseThreadInitThunk [0x768CFCC9+25]
	RtlGetAppContainerNamedObjectPath [0x779780CE+286]
	RtlGetAppContainerNamedObjectPath [0x7797809E+238]

2025-03=29 14:1632 ERROR Button Периодичность 'Ежемесячная' not found or not clickable
2025-03=29 14:1634 ERROR Exception while finding element ('xpath', "//input[@placeholder = 'Начальный год']")
Traceback (most recent call last):
  File "C:\Users\KIND\rospotrebnadzorTest\base\BaseApp.py", line 16, in find_element
    element = WebDriverWait(self.driver, time).until(
  File "C:\Users\KIND\rospotrebnadzorTest\.venv\lib\site-packages\selenium\webdriver\support\wait.py", line 96, in until
    value = method(self._driver)
  File "C:\Users\KIND\rospotrebnadzorTest\.venv\lib\site-packages\selenium\webdriver\support\expected_conditions.py", line 363, in _predicate
    target = driver.find_element(*target)  # grab element at locator
  File "C:\Users\KIND\rospotrebnadzorTest\.venv\lib\site-packages\selenium\webdriver\remote\webdriver.py", line 770, in find_element
    return self.execute(Command.FIND_ELEMENT, {"using": by, "value": value})["value"]
  File "C:\Users\KIND\rospotrebnadzorTest\.venv\lib\site-packages\selenium\webdriver\remote\webdriver.py", line 384, in execute
    self.error_handler.check_response(response)
  File "C:\Users\KIND\rospotrebnadzorTest\.venv\lib\site-packages\selenium\webdriver\remote\errorhandler.py", line 232, in check_response
    raise exception_class(message, screen, stacktrace)
selenium.common.exceptions.InvalidSessionIdException: Message: invalid session id
Stacktrace:
	GetHandleVerifier [0x0120C7F3+24435]
	(No symbol) [0x01192074]
	(No symbol) [0x0106055E]
	(No symbol) [0x0109B9D8]
	(No symbol) [0x010CD676]
	(No symbol) [0x010C904C]
	(No symbol) [0x010C85C6]
	(No symbol) [0x01033245]
	(No symbol) [0x0103379E]
	(No symbol) [0x01033C1D]
	GetHandleVerifier [0x015170A3+3213347]
	GetHandleVerifier [0x0152B0C9+3295305]
	GetHandleVerifier [0x0152558C+3271948]
	GetHandleVerifier [0x012A7360+658144]
	(No symbol) [0x0119B27D]
	(No symbol) [0x01032F10]
	(No symbol) [0x01032ACA]
	GetHandleVerifier [0x0159E9AC+3768620]
	BaseThreadInitThunk [0x768CFCC9+25]
	RtlGetAppContainerNamedObjectPath [0x779780CE+286]
	RtlGetAppContainerNamedObjectPath [0x7797809E+238]

2025-03=29 14:1634 ERROR Button Поле "Период" в реестре отчетов-год not found or not clickable
2025-03=29 14:1634 ERROR Exception while finding element ('xpath', "//label[@ng-reflect-nz-value = 'Года']")
Traceback (most recent call last):
  File "C:\Users\KIND\rospotrebnadzorTest\base\BaseApp.py", line 16, in find_element
    element = WebDriverWait(self.driver, time).until(
  File "C:\Users\KIND\rospotrebnadzorTest\.venv\lib\site-packages\selenium\webdriver\support\wait.py", line 96, in until
    value = method(self._driver)
  File "C:\Users\KIND\rospotrebnadzorTest\.venv\lib\site-packages\selenium\webdriver\support\expected_conditions.py", line 363, in _predicate
    target = driver.find_element(*target)  # grab element at locator
  File "C:\Users\KIND\rospotrebnadzorTest\.venv\lib\site-packages\selenium\webdriver\remote\webdriver.py", line 770, in find_element
    return self.execute(Command.FIND_ELEMENT, {"using": by, "value": value})["value"]
  File "C:\Users\KIND\rospotrebnadzorTest\.venv\lib\site-packages\selenium\webdriver\remote\webdriver.py", line 384, in execute
    self.error_handler.check_response(response)
  File "C:\Users\KIND\rospotrebnadzorTest\.venv\lib\site-packages\selenium\webdriver\remote\errorhandler.py", line 232, in check_response
    raise exception_class(message, screen, stacktrace)
selenium.common.exceptions.InvalidSessionIdException: Message: invalid session id
Stacktrace:
	GetHandleVerifier [0x0120C7F3+24435]
	(No symbol) [0x01192074]
	(No symbol) [0x0106055E]
	(No symbol) [0x0109B9D8]
	(No symbol) [0x010CD676]
	(No symbol) [0x010C904C]
	(No symbol) [0x010C85C6]
	(No symbol) [0x01033245]
	(No symbol) [0x0103379E]
	(No symbol) [0x01033C1D]
	GetHandleVerifier [0x015170A3+3213347]
	GetHandleVerifier [0x0152B0C9+3295305]
	GetHandleVerifier [0x0152558C+3271948]
	GetHandleVerifier [0x012A7360+658144]
	(No symbol) [0x0119B27D]
	(No symbol) [0x01032F10]
	(No symbol) [0x01032ACA]
	GetHandleVerifier [0x0159E9AC+3768620]
	BaseThreadInitThunk [0x768CFCC9+25]
	RtlGetAppContainerNamedObjectPath [0x779780CE+286]
	RtlGetAppContainerNamedObjectPath [0x7797809E+238]

2025-03=29 14:1634 ERROR Button Календарь фильтр "Год" not found or not clickable
2025-03=29 14:1634 INFO Send 2054 to element Поле 'Начальный год'
2025-03=29 14:1634 ERROR Exception while finding element ('xpath', "//input[@placeholder = 'Начальный год']")
Traceback (most recent call last):
  File "C:\Users\KIND\rospotrebnadzorTest\base\BaseApp.py", line 16, in find_element
    element = WebDriverWait(self.driver, time).until(
  File "C:\Users\KIND\rospotrebnadzorTest\.venv\lib\site-packages\selenium\webdriver\support\wait.py", line 96, in until
    value = method(self._driver)
  File "C:\Users\KIND\rospotrebnadzorTest\.venv\lib\site-packages\selenium\webdriver\support\expected_conditions.py", line 156, in _predicate
    return _element_if_visible(driver.find_element(*locator))
  File "C:\Users\KIND\rospotrebnadzorTest\.venv\lib\site-packages\selenium\webdriver\remote\webdriver.py", line 770, in find_element
    return self.execute(Command.FIND_ELEMENT, {"using": by, "value": value})["value"]
  File "C:\Users\KIND\rospotrebnadzorTest\.venv\lib\site-packages\selenium\webdriver\remote\webdriver.py", line 384, in execute
    self.error_handler.check_response(response)
  File "C:\Users\KIND\rospotrebnadzorTest\.venv\lib\site-packages\selenium\webdriver\remote\errorhandler.py", line 232, in check_response
    raise exception_class(message, screen, stacktrace)
selenium.common.exceptions.InvalidSessionIdException: Message: invalid session id
Stacktrace:
	GetHandleVerifier [0x0120C7F3+24435]
	(No symbol) [0x01192074]
	(No symbol) [0x0106055E]
	(No symbol) [0x0109B9D8]
	(No symbol) [0x010CD676]
	(No symbol) [0x010C904C]
	(No symbol) [0x010C85C6]
	(No symbol) [0x01033245]
	(No symbol) [0x0103379E]
	(No symbol) [0x01033C1D]
	GetHandleVerifier [0x015170A3+3213347]
	GetHandleVerifier [0x0152B0C9+3295305]
	GetHandleVerifier [0x0152558C+3271948]
	GetHandleVerifier [0x012A7360+658144]
	(No symbol) [0x0119B27D]
	(No symbol) [0x01032F10]
	(No symbol) [0x01032ACA]
	GetHandleVerifier [0x0159E9AC+3768620]
	BaseThreadInitThunk [0x768CFCC9+25]
	RtlGetAppContainerNamedObjectPath [0x779780CE+286]
	RtlGetAppContainerNamedObjectPath [0x7797809E+238]

2025-03=29 14:1634 ERROR Element ('xpath', "//input[@placeholder = 'Начальный год']") not found
2025-03=29 14:1634 INFO Send 2054 to element Поле 'Конечный год'
2025-03=29 14:1634 ERROR Exception while finding element ('xpath', "//input[@placeholder = 'Год окончания']")
Traceback (most recent call last):
  File "C:\Users\KIND\rospotrebnadzorTest\base\BaseApp.py", line 16, in find_element
    element = WebDriverWait(self.driver, time).until(
  File "C:\Users\KIND\rospotrebnadzorTest\.venv\lib\site-packages\selenium\webdriver\support\wait.py", line 96, in until
    value = method(self._driver)
  File "C:\Users\KIND\rospotrebnadzorTest\.venv\lib\site-packages\selenium\webdriver\support\expected_conditions.py", line 156, in _predicate
    return _element_if_visible(driver.find_element(*locator))
  File "C:\Users\KIND\rospotrebnadzorTest\.venv\lib\site-packages\selenium\webdriver\remote\webdriver.py", line 770, in find_element
    return self.execute(Command.FIND_ELEMENT, {"using": by, "value": value})["value"]
  File "C:\Users\KIND\rospotrebnadzorTest\.venv\lib\site-packages\selenium\webdriver\remote\webdriver.py", line 384, in execute
    self.error_handler.check_response(response)
  File "C:\Users\KIND\rospotrebnadzorTest\.venv\lib\site-packages\selenium\webdriver\remote\errorhandler.py", line 232, in check_response
    raise exception_class(message, screen, stacktrace)
selenium.common.exceptions.InvalidSessionIdException: Message: invalid session id
Stacktrace:
	GetHandleVerifier [0x0120C7F3+24435]
	(No symbol) [0x01192074]
	(No symbol) [0x0106055E]
	(No symbol) [0x0109B9D8]
	(No symbol) [0x010CD676]
	(No symbol) [0x010C904C]
	(No symbol) [0x010C85C6]
	(No symbol) [0x01033245]
	(No symbol) [0x0103379E]
	(No symbol) [0x01033C1D]
	GetHandleVerifier [0x015170A3+3213347]
	GetHandleVerifier [0x0152B0C9+3295305]
	GetHandleVerifier [0x0152558C+3271948]
	GetHandleVerifier [0x012A7360+658144]
	(No symbol) [0x0119B27D]
	(No symbol) [0x01032F10]
	(No symbol) [0x01032ACA]
	GetHandleVerifier [0x0159E9AC+3768620]
	BaseThreadInitThunk [0x768CFCC9+25]
	RtlGetAppContainerNamedObjectPath [0x779780CE+286]
	RtlGetAppContainerNamedObjectPath [0x7797809E+238]

2025-03=29 14:1634 ERROR Element ('xpath', "//input[@placeholder = 'Год окончания']") not found
2025-03=29 14:1634 ERROR Exception while finding element ('xpath', '(//a[@class = "invisible_link" and contains(text(), "Утвержден")])[1]')
Traceback (most recent call last):
  File "C:\Users\KIND\rospotrebnadzorTest\base\BaseApp.py", line 16, in find_element
    element = WebDriverWait(self.driver, time).until(
  File "C:\Users\KIND\rospotrebnadzorTest\.venv\lib\site-packages\selenium\webdriver\support\wait.py", line 96, in until
    value = method(self._driver)
  File "C:\Users\KIND\rospotrebnadzorTest\.venv\lib\site-packages\selenium\webdriver\support\expected_conditions.py", line 156, in _predicate
    return _element_if_visible(driver.find_element(*locator))
  File "C:\Users\KIND\rospotrebnadzorTest\.venv\lib\site-packages\selenium\webdriver\remote\webdriver.py", line 770, in find_element
    return self.execute(Command.FIND_ELEMENT, {"using": by, "value": value})["value"]
  File "C:\Users\KIND\rospotrebnadzorTest\.venv\lib\site-packages\selenium\webdriver\remote\webdriver.py", line 384, in execute
    self.error_handler.check_response(response)
  File "C:\Users\KIND\rospotrebnadzorTest\.venv\lib\site-packages\selenium\webdriver\remote\errorhandler.py", line 232, in check_response
    raise exception_class(message, screen, stacktrace)
selenium.common.exceptions.InvalidSessionIdException: Message: invalid session id
Stacktrace:
	GetHandleVerifier [0x0120C7F3+24435]
	(No symbol) [0x01192074]
	(No symbol) [0x0106055E]
	(No symbol) [0x0109B9D8]
	(No symbol) [0x010CD676]
	(No symbol) [0x010C904C]
	(No symbol) [0x010C85C6]
	(No symbol) [0x01033245]
	(No symbol) [0x0103379E]
	(No symbol) [0x01033C1D]
	GetHandleVerifier [0x015170A3+3213347]
	GetHandleVerifier [0x0152B0C9+3295305]
	GetHandleVerifier [0x0152558C+3271948]
	GetHandleVerifier [0x012A7360+658144]
	(No symbol) [0x0119B27D]
	(No symbol) [0x01032F10]
	(No symbol) [0x01032ACA]
	GetHandleVerifier [0x0159E9AC+3768620]
	BaseThreadInitThunk [0x768CFCC9+25]
	RtlGetAppContainerNamedObjectPath [0x779780CE+286]
	RtlGetAppContainerNamedObjectPath [0x7797809E+238]

2025-03=29 14:1634 ERROR Exception while finding element ('xpath', '(//a[@class = "invisible_link" and contains(text(), "2054")])[1]')
Traceback (most recent call last):
  File "C:\Users\KIND\rospotrebnadzorTest\base\BaseApp.py", line 16, in find_element
    element = WebDriverWait(self.driver, time).until(
  File "C:\Users\KIND\rospotrebnadzorTest\.venv\lib\site-packages\selenium\webdriver\support\wait.py", line 96, in until
    value = method(self._driver)
  File "C:\Users\KIND\rospotrebnadzorTest\.venv\lib\site-packages\selenium\webdriver\support\expected_conditions.py", line 156, in _predicate
    return _element_if_visible(driver.find_element(*locator))
  File "C:\Users\KIND\rospotrebnadzorTest\.venv\lib\site-packages\selenium\webdriver\remote\webdriver.py", line 770, in find_element
    return self.execute(Command.FIND_ELEMENT, {"using": by, "value": value})["value"]
  File "C:\Users\KIND\rospotrebnadzorTest\.venv\lib\site-packages\selenium\webdriver\remote\webdriver.py", line 384, in execute
    self.error_handler.check_response(response)
  File "C:\Users\KIND\rospotrebnadzorTest\.venv\lib\site-packages\selenium\webdriver\remote\errorhandler.py", line 232, in check_response
    raise exception_class(message, screen, stacktrace)
selenium.common.exceptions.InvalidSessionIdException: Message: invalid session id
Stacktrace:
	GetHandleVerifier [0x0120C7F3+24435]
	(No symbol) [0x01192074]
	(No symbol) [0x0106055E]
	(No symbol) [0x0109B9D8]
	(No symbol) [0x010CD676]
	(No symbol) [0x010C904C]
	(No symbol) [0x010C85C6]
	(No symbol) [0x01033245]
	(No symbol) [0x0103379E]
	(No symbol) [0x01033C1D]
	GetHandleVerifier [0x015170A3+3213347]
	GetHandleVerifier [0x0152B0C9+3295305]
	GetHandleVerifier [0x0152558C+3271948]
	GetHandleVerifier [0x012A7360+658144]
	(No symbol) [0x0119B27D]
	(No symbol) [0x01032F10]
	(No symbol) [0x01032ACA]
	GetHandleVerifier [0x0159E9AC+3768620]
	BaseThreadInitThunk [0x768CFCC9+25]
	RtlGetAppContainerNamedObjectPath [0x779780CE+286]
	RtlGetAppContainerNamedObjectPath [0x7797809E+238]

2025-03=29 14:1634 INFO Запустили тест проверки фильтрации на региональном уровне
2025-03=29 14:1634 ERROR Exception while finding element ('id', 'level')
Traceback (most recent call last):
  File "C:\Users\KIND\rospotrebnadzorTest\base\BaseApp.py", line 16, in find_element
    element = WebDriverWait(self.driver, time).until(
  File "C:\Users\KIND\rospotrebnadzorTest\.venv\lib\site-packages\selenium\webdriver\support\wait.py", line 96, in until
    value = method(self._driver)
  File "C:\Users\KIND\rospotrebnadzorTest\.venv\lib\site-packages\selenium\webdriver\support\expected_conditions.py", line 363, in _predicate
    target = driver.find_element(*target)  # grab element at locator
  File "C:\Users\KIND\rospotrebnadzorTest\.venv\lib\site-packages\selenium\webdriver\remote\webdriver.py", line 770, in find_element
    return self.execute(Command.FIND_ELEMENT, {"using": by, "value": value})["value"]
  File "C:\Users\KIND\rospotrebnadzorTest\.venv\lib\site-packages\selenium\webdriver\remote\webdriver.py", line 384, in execute
    self.error_handler.check_response(response)
  File "C:\Users\KIND\rospotrebnadzorTest\.venv\lib\site-packages\selenium\webdriver\remote\errorhandler.py", line 232, in check_response
    raise exception_class(message, screen, stacktrace)
selenium.common.exceptions.InvalidSessionIdException: Message: invalid session id
Stacktrace:
	GetHandleVerifier [0x0120C7F3+24435]
	(No symbol) [0x01192074]
	(No symbol) [0x0106055E]
	(No symbol) [0x0109B9D8]
	(No symbol) [0x010CD676]
	(No symbol) [0x010C904C]
	(No symbol) [0x010C85C6]
	(No symbol) [0x01033245]
	(No symbol) [0x0103379E]
	(No symbol) [0x01033C1D]
	GetHandleVerifier [0x015170A3+3213347]
	GetHandleVerifier [0x0152B0C9+3295305]
	GetHandleVerifier [0x0152558C+3271948]
	GetHandleVerifier [0x012A7360+658144]
	(No symbol) [0x0119B27D]
	(No symbol) [0x01032F10]
	(No symbol) [0x01032ACA]
	GetHandleVerifier [0x0159E9AC+3768620]
	BaseThreadInitThunk [0x768CFCC9+25]
	RtlGetAppContainerNamedObjectPath [0x779780CE+286]
	RtlGetAppContainerNamedObjectPath [0x7797809E+238]

2025-03=29 14:1634 ERROR Button Выпадающий список уровней видимости not found or not clickable
2025-03=29 14:1634 ERROR Exception while finding element ('id', 'formLevel_regional')
Traceback (most recent call last):
  File "C:\Users\KIND\rospotrebnadzorTest\base\BaseApp.py", line 16, in find_element
    element = WebDriverWait(self.driver, time).until(
  File "C:\Users\KIND\rospotrebnadzorTest\.venv\lib\site-packages\selenium\webdriver\support\wait.py", line 96, in until
    value = method(self._driver)
  File "C:\Users\KIND\rospotrebnadzorTest\.venv\lib\site-packages\selenium\webdriver\support\expected_conditions.py", line 363, in _predicate
    target = driver.find_element(*target)  # grab element at locator
  File "C:\Users\KIND\rospotrebnadzorTest\.venv\lib\site-packages\selenium\webdriver\remote\webdriver.py", line 770, in find_element
    return self.execute(Command.FIND_ELEMENT, {"using": by, "value": value})["value"]
  File "C:\Users\KIND\rospotrebnadzorTest\.venv\lib\site-packages\selenium\webdriver\remote\webdriver.py", line 384, in execute
    self.error_handler.check_response(response)
  File "C:\Users\KIND\rospotrebnadzorTest\.venv\lib\site-packages\selenium\webdriver\remote\errorhandler.py", line 232, in check_response
    raise exception_class(message, screen, stacktrace)
selenium.common.exceptions.InvalidSessionIdException: Message: invalid session id
Stacktrace:
	GetHandleVerifier [0x0120C7F3+24435]
	(No symbol) [0x01192074]
	(No symbol) [0x0106055E]
	(No symbol) [0x0109B9D8]
	(No symbol) [0x010CD676]
	(No symbol) [0x010C904C]
	(No symbol) [0x010C85C6]
	(No symbol) [0x01033245]
	(No symbol) [0x0103379E]
	(No symbol) [0x01033C1D]
	GetHandleVerifier [0x015170A3+3213347]
	GetHandleVerifier [0x0152B0C9+3295305]
	GetHandleVerifier [0x0152558C+3271948]
	GetHandleVerifier [0x012A7360+658144]
	(No symbol) [0x0119B27D]
	(No symbol) [0x01032F10]
	(No symbol) [0x01032ACA]
	GetHandleVerifier [0x0159E9AC+3768620]
	BaseThreadInitThunk [0x768CFCC9+25]
	RtlGetAppContainerNamedObjectPath [0x779780CE+286]
	RtlGetAppContainerNamedObjectPath [0x7797809E+238]

2025-03=29 14:1634 ERROR Button Выбор уровня 'Региональный' not found or not clickable
2025-03=29 14:1634 ERROR Exception while finding element ('xpath', '//span[@class = "ant-table-column-title" and contains(text(), "Регион")]')
Traceback (most recent call last):
  File "C:\Users\KIND\rospotrebnadzorTest\base\BaseApp.py", line 16, in find_element
    element = WebDriverWait(self.driver, time).until(
  File "C:\Users\KIND\rospotrebnadzorTest\.venv\lib\site-packages\selenium\webdriver\support\wait.py", line 96, in until
    value = method(self._driver)
  File "C:\Users\KIND\rospotrebnadzorTest\.venv\lib\site-packages\selenium\webdriver\support\expected_conditions.py", line 156, in _predicate
    return _element_if_visible(driver.find_element(*locator))
  File "C:\Users\KIND\rospotrebnadzorTest\.venv\lib\site-packages\selenium\webdriver\remote\webdriver.py", line 770, in find_element
    return self.execute(Command.FIND_ELEMENT, {"using": by, "value": value})["value"]
  File "C:\Users\KIND\rospotrebnadzorTest\.venv\lib\site-packages\selenium\webdriver\remote\webdriver.py", line 384, in execute
    self.error_handler.check_response(response)
  File "C:\Users\KIND\rospotrebnadzorTest\.venv\lib\site-packages\selenium\webdriver\remote\errorhandler.py", line 232, in check_response
    raise exception_class(message, screen, stacktrace)
selenium.common.exceptions.InvalidSessionIdException: Message: invalid session id
Stacktrace:
	GetHandleVerifier [0x0120C7F3+24435]
	(No symbol) [0x01192074]
	(No symbol) [0x0106055E]
	(No symbol) [0x0109B9D8]
	(No symbol) [0x010CD676]
	(No symbol) [0x010C904C]
	(No symbol) [0x010C85C6]
	(No symbol) [0x01033245]
	(No symbol) [0x0103379E]
	(No symbol) [0x01033C1D]
	GetHandleVerifier [0x015170A3+3213347]
	GetHandleVerifier [0x0152B0C9+3295305]
	GetHandleVerifier [0x0152558C+3271948]
	GetHandleVerifier [0x012A7360+658144]
	(No symbol) [0x0119B27D]
	(No symbol) [0x01032F10]
	(No symbol) [0x01032ACA]
	GetHandleVerifier [0x0159E9AC+3768620]
	BaseThreadInitThunk [0x768CFCC9+25]
	RtlGetAppContainerNamedObjectPath [0x779780CE+286]
	RtlGetAppContainerNamedObjectPath [0x7797809E+238]

2025-03=29 14:1636 ERROR Exception while finding element ('xpath', '//nz-select[@ng-reflect-compare-with="(o1, o2) => o1 && o2 ? o1[\'reg"]')
Traceback (most recent call last):
  File "C:\Users\KIND\rospotrebnadzorTest\base\BaseApp.py", line 16, in find_element
    element = WebDriverWait(self.driver, time).until(
  File "C:\Users\KIND\rospotrebnadzorTest\.venv\lib\site-packages\selenium\webdriver\support\wait.py", line 96, in until
    value = method(self._driver)
  File "C:\Users\KIND\rospotrebnadzorTest\.venv\lib\site-packages\selenium\webdriver\support\expected_conditions.py", line 363, in _predicate
    target = driver.find_element(*target)  # grab element at locator
  File "C:\Users\KIND\rospotrebnadzorTest\.venv\lib\site-packages\selenium\webdriver\remote\webdriver.py", line 770, in find_element
    return self.execute(Command.FIND_ELEMENT, {"using": by, "value": value})["value"]
  File "C:\Users\KIND\rospotrebnadzorTest\.venv\lib\site-packages\selenium\webdriver\remote\webdriver.py", line 384, in execute
    self.error_handler.check_response(response)
  File "C:\Users\KIND\rospotrebnadzorTest\.venv\lib\site-packages\selenium\webdriver\remote\errorhandler.py", line 232, in check_response
    raise exception_class(message, screen, stacktrace)
selenium.common.exceptions.InvalidSessionIdException: Message: invalid session id
Stacktrace:
	GetHandleVerifier [0x0120C7F3+24435]
	(No symbol) [0x01192074]
	(No symbol) [0x0106055E]
	(No symbol) [0x0109B9D8]
	(No symbol) [0x010CD676]
	(No symbol) [0x010C904C]
	(No symbol) [0x010C85C6]
	(No symbol) [0x01033245]
	(No symbol) [0x0103379E]
	(No symbol) [0x01033C1D]
	GetHandleVerifier [0x015170A3+3213347]
	GetHandleVerifier [0x0152B0C9+3295305]
	GetHandleVerifier [0x0152558C+3271948]
	GetHandleVerifier [0x012A7360+658144]
	(No symbol) [0x0119B27D]
	(No symbol) [0x01032F10]
	(No symbol) [0x01032ACA]
	GetHandleVerifier [0x0159E9AC+3768620]
	BaseThreadInitThunk [0x768CFCC9+25]
	RtlGetAppContainerNamedObjectPath [0x779780CE+286]
	RtlGetAppContainerNamedObjectPath [0x7797809E+238]

2025-03=29 14:1636 ERROR Button Регион (выпадающий список) not found or not clickable
2025-03=29 14:1636 ERROR Exception while finding element ('xpath', '//nz-option-item[@title="г. Москва"]')
Traceback (most recent call last):
  File "C:\Users\KIND\rospotrebnadzorTest\base\BaseApp.py", line 16, in find_element
    element = WebDriverWait(self.driver, time).until(
  File "C:\Users\KIND\rospotrebnadzorTest\.venv\lib\site-packages\selenium\webdriver\support\wait.py", line 96, in until
    value = method(self._driver)
  File "C:\Users\KIND\rospotrebnadzorTest\.venv\lib\site-packages\selenium\webdriver\support\expected_conditions.py", line 363, in _predicate
    target = driver.find_element(*target)  # grab element at locator
  File "C:\Users\KIND\rospotrebnadzorTest\.venv\lib\site-packages\selenium\webdriver\remote\webdriver.py", line 770, in find_element
    return self.execute(Command.FIND_ELEMENT, {"using": by, "value": value})["value"]
  File "C:\Users\KIND\rospotrebnadzorTest\.venv\lib\site-packages\selenium\webdriver\remote\webdriver.py", line 384, in execute
    self.error_handler.check_response(response)
  File "C:\Users\KIND\rospotrebnadzorTest\.venv\lib\site-packages\selenium\webdriver\remote\errorhandler.py", line 232, in check_response
    raise exception_class(message, screen, stacktrace)
selenium.common.exceptions.InvalidSessionIdException: Message: invalid session id
Stacktrace:
	GetHandleVerifier [0x0120C7F3+24435]
	(No symbol) [0x01192074]
	(No symbol) [0x0106055E]
	(No symbol) [0x0109B9D8]
	(No symbol) [0x010CD676]
	(No symbol) [0x010C904C]
	(No symbol) [0x010C85C6]
	(No symbol) [0x01033245]
	(No symbol) [0x0103379E]
	(No symbol) [0x01033C1D]
	GetHandleVerifier [0x015170A3+3213347]
	GetHandleVerifier [0x0152B0C9+3295305]
	GetHandleVerifier [0x0152558C+3271948]
	GetHandleVerifier [0x012A7360+658144]
	(No symbol) [0x0119B27D]
	(No symbol) [0x01032F10]
	(No symbol) [0x01032ACA]
	GetHandleVerifier [0x0159E9AC+3768620]
	BaseThreadInitThunk [0x768CFCC9+25]
	RtlGetAppContainerNamedObjectPath [0x779780CE+286]
	RtlGetAppContainerNamedObjectPath [0x7797809E+238]

2025-03=29 14:1636 ERROR Button Москва из выпадающего списка not found or not clickable
2025-03=29 14:1638 ERROR Exception while finding element ('xpath', '(//a[@class = "invisible_link" and contains(text(), "г. Москва")])[1]')
Traceback (most recent call last):
  File "C:\Users\KIND\rospotrebnadzorTest\base\BaseApp.py", line 16, in find_element
    element = WebDriverWait(self.driver, time).until(
  File "C:\Users\KIND\rospotrebnadzorTest\.venv\lib\site-packages\selenium\webdriver\support\wait.py", line 96, in until
    value = method(self._driver)
  File "C:\Users\KIND\rospotrebnadzorTest\.venv\lib\site-packages\selenium\webdriver\support\expected_conditions.py", line 156, in _predicate
    return _element_if_visible(driver.find_element(*locator))
  File "C:\Users\KIND\rospotrebnadzorTest\.venv\lib\site-packages\selenium\webdriver\remote\webdriver.py", line 770, in find_element
    return self.execute(Command.FIND_ELEMENT, {"using": by, "value": value})["value"]
  File "C:\Users\KIND\rospotrebnadzorTest\.venv\lib\site-packages\selenium\webdriver\remote\webdriver.py", line 384, in execute
    self.error_handler.check_response(response)
  File "C:\Users\KIND\rospotrebnadzorTest\.venv\lib\site-packages\selenium\webdriver\remote\errorhandler.py", line 232, in check_response
    raise exception_class(message, screen, stacktrace)
selenium.common.exceptions.InvalidSessionIdException: Message: invalid session id
Stacktrace:
	GetHandleVerifier [0x0120C7F3+24435]
	(No symbol) [0x01192074]
	(No symbol) [0x0106055E]
	(No symbol) [0x0109B9D8]
	(No symbol) [0x010CD676]
	(No symbol) [0x010C904C]
	(No symbol) [0x010C85C6]
	(No symbol) [0x01033245]
	(No symbol) [0x0103379E]
	(No symbol) [0x01033C1D]
	GetHandleVerifier [0x015170A3+3213347]
	GetHandleVerifier [0x0152B0C9+3295305]
	GetHandleVerifier [0x0152558C+3271948]
	GetHandleVerifier [0x012A7360+658144]
	(No symbol) [0x0119B27D]
	(No symbol) [0x01032F10]
	(No symbol) [0x01032ACA]
	GetHandleVerifier [0x0159E9AC+3768620]
	BaseThreadInitThunk [0x768CFCC9+25]
	RtlGetAppContainerNamedObjectPath [0x779780CE+286]
	RtlGetAppContainerNamedObjectPath [0x7797809E+238]

2025-03=29 14:1638 ERROR Exception while finding element ('xpath', "//nz-select-item[@title = 'Все']")
Traceback (most recent call last):
  File "C:\Users\KIND\rospotrebnadzorTest\base\BaseApp.py", line 16, in find_element
    element = WebDriverWait(self.driver, time).until(
  File "C:\Users\KIND\rospotrebnadzorTest\.venv\lib\site-packages\selenium\webdriver\support\wait.py", line 96, in until
    value = method(self._driver)
  File "C:\Users\KIND\rospotrebnadzorTest\.venv\lib\site-packages\selenium\webdriver\support\expected_conditions.py", line 363, in _predicate
    target = driver.find_element(*target)  # grab element at locator
  File "C:\Users\KIND\rospotrebnadzorTest\.venv\lib\site-packages\selenium\webdriver\remote\webdriver.py", line 770, in find_element
    return self.execute(Command.FIND_ELEMENT, {"using": by, "value": value})["value"]
  File "C:\Users\KIND\rospotrebnadzorTest\.venv\lib\site-packages\selenium\webdriver\remote\webdriver.py", line 384, in execute
    self.error_handler.check_response(response)
  File "C:\Users\KIND\rospotrebnadzorTest\.venv\lib\site-packages\selenium\webdriver\remote\errorhandler.py", line 232, in check_response
    raise exception_class(message, screen, stacktrace)
selenium.common.exceptions.InvalidSessionIdException: Message: invalid session id
Stacktrace:
	GetHandleVerifier [0x0120C7F3+24435]
	(No symbol) [0x01192074]
	(No symbol) [0x0106055E]
	(No symbol) [0x0109B9D8]
	(No symbol) [0x010CD676]
	(No symbol) [0x010C904C]
	(No symbol) [0x010C85C6]
	(No symbol) [0x01033245]
	(No symbol) [0x0103379E]
	(No symbol) [0x01033C1D]
	GetHandleVerifier [0x015170A3+3213347]
	GetHandleVerifier [0x0152B0C9+3295305]
	GetHandleVerifier [0x0152558C+3271948]
	GetHandleVerifier [0x012A7360+658144]
	(No symbol) [0x0119B27D]
	(No symbol) [0x01032F10]
	(No symbol) [0x01032ACA]
	GetHandleVerifier [0x0159E9AC+3768620]
	BaseThreadInitThunk [0x768CFCC9+25]
	RtlGetAppContainerNamedObjectPath [0x779780CE+286]
	RtlGetAppContainerNamedObjectPath [0x7797809E+238]

2025-03=29 14:1638 ERROR Button Поле "Состояние" в реестре отчетов not found or not clickable
2025-03=29 14:1638 ERROR Exception while finding element ('xpath', "//nz-option-item[@ng-reflect-value = 'es_signed']")
Traceback (most recent call last):
  File "C:\Users\KIND\rospotrebnadzorTest\base\BaseApp.py", line 16, in find_element
    element = WebDriverWait(self.driver, time).until(
  File "C:\Users\KIND\rospotrebnadzorTest\.venv\lib\site-packages\selenium\webdriver\support\wait.py", line 96, in until
    value = method(self._driver)
  File "C:\Users\KIND\rospotrebnadzorTest\.venv\lib\site-packages\selenium\webdriver\support\expected_conditions.py", line 363, in _predicate
    target = driver.find_element(*target)  # grab element at locator
  File "C:\Users\KIND\rospotrebnadzorTest\.venv\lib\site-packages\selenium\webdriver\remote\webdriver.py", line 770, in find_element
    return self.execute(Command.FIND_ELEMENT, {"using": by, "value": value})["value"]
  File "C:\Users\KIND\rospotrebnadzorTest\.venv\lib\site-packages\selenium\webdriver\remote\webdriver.py", line 384, in execute
    self.error_handler.check_response(response)
  File "C:\Users\KIND\rospotrebnadzorTest\.venv\lib\site-packages\selenium\webdriver\remote\errorhandler.py", line 232, in check_response
    raise exception_class(message, screen, stacktrace)
selenium.common.exceptions.InvalidSessionIdException: Message: invalid session id
Stacktrace:
	GetHandleVerifier [0x0120C7F3+24435]
	(No symbol) [0x01192074]
	(No symbol) [0x0106055E]
	(No symbol) [0x0109B9D8]
	(No symbol) [0x010CD676]
	(No symbol) [0x010C904C]
	(No symbol) [0x010C85C6]
	(No symbol) [0x01033245]
	(No symbol) [0x0103379E]
	(No symbol) [0x01033C1D]
	GetHandleVerifier [0x015170A3+3213347]
	GetHandleVerifier [0x0152B0C9+3295305]
	GetHandleVerifier [0x0152558C+3271948]
	GetHandleVerifier [0x012A7360+658144]
	(No symbol) [0x0119B27D]
	(No symbol) [0x01032F10]
	(No symbol) [0x01032ACA]
	GetHandleVerifier [0x0159E9AC+3768620]
	BaseThreadInitThunk [0x768CFCC9+25]
	RtlGetAppContainerNamedObjectPath [0x779780CE+286]
	RtlGetAppContainerNamedObjectPath [0x7797809E+238]

2025-03=29 14:1638 ERROR Button Статус 'Утверждён' not found or not clickable
2025-03=29 14:1638 ERROR Exception while finding element ('xpath', "//nz-select[@ng-reflect-is-disabled = 'false']")
Traceback (most recent call last):
  File "C:\Users\KIND\rospotrebnadzorTest\base\BaseApp.py", line 16, in find_element
    element = WebDriverWait(self.driver, time).until(
  File "C:\Users\KIND\rospotrebnadzorTest\.venv\lib\site-packages\selenium\webdriver\support\wait.py", line 96, in until
    value = method(self._driver)
  File "C:\Users\KIND\rospotrebnadzorTest\.venv\lib\site-packages\selenium\webdriver\support\expected_conditions.py", line 363, in _predicate
    target = driver.find_element(*target)  # grab element at locator
  File "C:\Users\KIND\rospotrebnadzorTest\.venv\lib\site-packages\selenium\webdriver\remote\webdriver.py", line 770, in find_element
    return self.execute(Command.FIND_ELEMENT, {"using": by, "value": value})["value"]
  File "C:\Users\KIND\rospotrebnadzorTest\.venv\lib\site-packages\selenium\webdriver\remote\webdriver.py", line 384, in execute
    self.error_handler.check_response(response)
  File "C:\Users\KIND\rospotrebnadzorTest\.venv\lib\site-packages\selenium\webdriver\remote\errorhandler.py", line 232, in check_response
    raise exception_class(message, screen, stacktrace)
selenium.common.exceptions.InvalidSessionIdException: Message: invalid session id
Stacktrace:
	GetHandleVerifier [0x0120C7F3+24435]
	(No symbol) [0x01192074]
	(No symbol) [0x0106055E]
	(No symbol) [0x0109B9D8]
	(No symbol) [0x010CD676]
	(No symbol) [0x010C904C]
	(No symbol) [0x010C85C6]
	(No symbol) [0x01033245]
	(No symbol) [0x0103379E]
	(No symbol) [0x01033C1D]
	GetHandleVerifier [0x015170A3+3213347]
	GetHandleVerifier [0x0152B0C9+3295305]
	GetHandleVerifier [0x0152558C+3271948]
	GetHandleVerifier [0x012A7360+658144]
	(No symbol) [0x0119B27D]
	(No symbol) [0x01032F10]
	(No symbol) [0x01032ACA]
	GetHandleVerifier [0x0159E9AC+3768620]
	BaseThreadInitThunk [0x768CFCC9+25]
	RtlGetAppContainerNamedObjectPath [0x779780CE+286]
	RtlGetAppContainerNamedObjectPath [0x7797809E+238]

2025-03=29 14:1638 ERROR Button Поле "Периодичность" в реестре отчетов not found or not clickable
2025-03=29 14:1638 ERROR Exception while finding element ('xpath', "//nz-option-item[@ng-reflect-value = 'monthly']")
Traceback (most recent call last):
  File "C:\Users\KIND\rospotrebnadzorTest\base\BaseApp.py", line 16, in find_element
    element = WebDriverWait(self.driver, time).until(
  File "C:\Users\KIND\rospotrebnadzorTest\.venv\lib\site-packages\selenium\webdriver\support\wait.py", line 96, in until
    value = method(self._driver)
  File "C:\Users\KIND\rospotrebnadzorTest\.venv\lib\site-packages\selenium\webdriver\support\expected_conditions.py", line 363, in _predicate
    target = driver.find_element(*target)  # grab element at locator
  File "C:\Users\KIND\rospotrebnadzorTest\.venv\lib\site-packages\selenium\webdriver\remote\webdriver.py", line 770, in find_element
    return self.execute(Command.FIND_ELEMENT, {"using": by, "value": value})["value"]
  File "C:\Users\KIND\rospotrebnadzorTest\.venv\lib\site-packages\selenium\webdriver\remote\webdriver.py", line 384, in execute
    self.error_handler.check_response(response)
  File "C:\Users\KIND\rospotrebnadzorTest\.venv\lib\site-packages\selenium\webdriver\remote\errorhandler.py", line 232, in check_response
    raise exception_class(message, screen, stacktrace)
selenium.common.exceptions.InvalidSessionIdException: Message: invalid session id
Stacktrace:
	GetHandleVerifier [0x0120C7F3+24435]
	(No symbol) [0x01192074]
	(No symbol) [0x0106055E]
	(No symbol) [0x0109B9D8]
	(No symbol) [0x010CD676]
	(No symbol) [0x010C904C]
	(No symbol) [0x010C85C6]
	(No symbol) [0x01033245]
	(No symbol) [0x0103379E]
	(No symbol) [0x01033C1D]
	GetHandleVerifier [0x015170A3+3213347]
	GetHandleVerifier [0x0152B0C9+3295305]
	GetHandleVerifier [0x0152558C+3271948]
	GetHandleVerifier [0x012A7360+658144]
	(No symbol) [0x0119B27D]
	(No symbol) [0x01032F10]
	(No symbol) [0x01032ACA]
	GetHandleVerifier [0x0159E9AC+3768620]
	BaseThreadInitThunk [0x768CFCC9+25]
	RtlGetAppContainerNamedObjectPath [0x779780CE+286]
	RtlGetAppContainerNamedObjectPath [0x7797809E+238]

2025-03=29 14:1638 ERROR Button Периодичность 'Ежемесячная' not found or not clickable
2025-03=29 14:1640 ERROR Exception while finding element ('xpath', "//input[@placeholder = 'Начальный год']")
Traceback (most recent call last):
  File "C:\Users\KIND\rospotrebnadzorTest\base\BaseApp.py", line 16, in find_element
    element = WebDriverWait(self.driver, time).until(
  File "C:\Users\KIND\rospotrebnadzorTest\.venv\lib\site-packages\selenium\webdriver\support\wait.py", line 96, in until
    value = method(self._driver)
  File "C:\Users\KIND\rospotrebnadzorTest\.venv\lib\site-packages\selenium\webdriver\support\expected_conditions.py", line 363, in _predicate
    target = driver.find_element(*target)  # grab element at locator
  File "C:\Users\KIND\rospotrebnadzorTest\.venv\lib\site-packages\selenium\webdriver\remote\webdriver.py", line 770, in find_element
    return self.execute(Command.FIND_ELEMENT, {"using": by, "value": value})["value"]
  File "C:\Users\KIND\rospotrebnadzorTest\.venv\lib\site-packages\selenium\webdriver\remote\webdriver.py", line 384, in execute
    self.error_handler.check_response(response)
  File "C:\Users\KIND\rospotrebnadzorTest\.venv\lib\site-packages\selenium\webdriver\remote\errorhandler.py", line 232, in check_response
    raise exception_class(message, screen, stacktrace)
selenium.common.exceptions.InvalidSessionIdException: Message: invalid session id
Stacktrace:
	GetHandleVerifier [0x0120C7F3+24435]
	(No symbol) [0x01192074]
	(No symbol) [0x0106055E]
	(No symbol) [0x0109B9D8]
	(No symbol) [0x010CD676]
	(No symbol) [0x010C904C]
	(No symbol) [0x010C85C6]
	(No symbol) [0x01033245]
	(No symbol) [0x0103379E]
	(No symbol) [0x01033C1D]
	GetHandleVerifier [0x015170A3+3213347]
	GetHandleVerifier [0x0152B0C9+3295305]
	GetHandleVerifier [0x0152558C+3271948]
	GetHandleVerifier [0x012A7360+658144]
	(No symbol) [0x0119B27D]
	(No symbol) [0x01032F10]
	(No symbol) [0x01032ACA]
	GetHandleVerifier [0x0159E9AC+3768620]
	BaseThreadInitThunk [0x768CFCC9+25]
	RtlGetAppContainerNamedObjectPath [0x779780CE+286]
	RtlGetAppContainerNamedObjectPath [0x7797809E+238]

2025-03=29 14:1640 ERROR Button Поле "Период" в реестре отчетов-год not found or not clickable
2025-03=29 14:1640 ERROR Exception while finding element ('xpath', "//label[@ng-reflect-nz-value = 'Года']")
Traceback (most recent call last):
  File "C:\Users\KIND\rospotrebnadzorTest\base\BaseApp.py", line 16, in find_element
    element = WebDriverWait(self.driver, time).until(
  File "C:\Users\KIND\rospotrebnadzorTest\.venv\lib\site-packages\selenium\webdriver\support\wait.py", line 96, in until
    value = method(self._driver)
  File "C:\Users\KIND\rospotrebnadzorTest\.venv\lib\site-packages\selenium\webdriver\support\expected_conditions.py", line 363, in _predicate
    target = driver.find_element(*target)  # grab element at locator
  File "C:\Users\KIND\rospotrebnadzorTest\.venv\lib\site-packages\selenium\webdriver\remote\webdriver.py", line 770, in find_element
    return self.execute(Command.FIND_ELEMENT, {"using": by, "value": value})["value"]
  File "C:\Users\KIND\rospotrebnadzorTest\.venv\lib\site-packages\selenium\webdriver\remote\webdriver.py", line 384, in execute
    self.error_handler.check_response(response)
  File "C:\Users\KIND\rospotrebnadzorTest\.venv\lib\site-packages\selenium\webdriver\remote\errorhandler.py", line 232, in check_response
    raise exception_class(message, screen, stacktrace)
selenium.common.exceptions.InvalidSessionIdException: Message: invalid session id
Stacktrace:
	GetHandleVerifier [0x0120C7F3+24435]
	(No symbol) [0x01192074]
	(No symbol) [0x0106055E]
	(No symbol) [0x0109B9D8]
	(No symbol) [0x010CD676]
	(No symbol) [0x010C904C]
	(No symbol) [0x010C85C6]
	(No symbol) [0x01033245]
	(No symbol) [0x0103379E]
	(No symbol) [0x01033C1D]
	GetHandleVerifier [0x015170A3+3213347]
	GetHandleVerifier [0x0152B0C9+3295305]
	GetHandleVerifier [0x0152558C+3271948]
	GetHandleVerifier [0x012A7360+658144]
	(No symbol) [0x0119B27D]
	(No symbol) [0x01032F10]
	(No symbol) [0x01032ACA]
	GetHandleVerifier [0x0159E9AC+3768620]
	BaseThreadInitThunk [0x768CFCC9+25]
	RtlGetAppContainerNamedObjectPath [0x779780CE+286]
	RtlGetAppContainerNamedObjectPath [0x7797809E+238]

2025-03=29 14:1640 ERROR Button Календарь фильтр "Год" not found or not clickable
2025-03=29 14:1640 INFO Send 2054 to element Поле 'Начальный год'
2025-03=29 14:1640 ERROR Exception while finding element ('xpath', "//input[@placeholder = 'Начальный год']")
Traceback (most recent call last):
  File "C:\Users\KIND\rospotrebnadzorTest\base\BaseApp.py", line 16, in find_element
    element = WebDriverWait(self.driver, time).until(
  File "C:\Users\KIND\rospotrebnadzorTest\.venv\lib\site-packages\selenium\webdriver\support\wait.py", line 96, in until
    value = method(self._driver)
  File "C:\Users\KIND\rospotrebnadzorTest\.venv\lib\site-packages\selenium\webdriver\support\expected_conditions.py", line 156, in _predicate
    return _element_if_visible(driver.find_element(*locator))
  File "C:\Users\KIND\rospotrebnadzorTest\.venv\lib\site-packages\selenium\webdriver\remote\webdriver.py", line 770, in find_element
    return self.execute(Command.FIND_ELEMENT, {"using": by, "value": value})["value"]
  File "C:\Users\KIND\rospotrebnadzorTest\.venv\lib\site-packages\selenium\webdriver\remote\webdriver.py", line 384, in execute
    self.error_handler.check_response(response)
  File "C:\Users\KIND\rospotrebnadzorTest\.venv\lib\site-packages\selenium\webdriver\remote\errorhandler.py", line 232, in check_response
    raise exception_class(message, screen, stacktrace)
selenium.common.exceptions.InvalidSessionIdException: Message: invalid session id
Stacktrace:
	GetHandleVerifier [0x0120C7F3+24435]
	(No symbol) [0x01192074]
	(No symbol) [0x0106055E]
	(No symbol) [0x0109B9D8]
	(No symbol) [0x010CD676]
	(No symbol) [0x010C904C]
	(No symbol) [0x010C85C6]
	(No symbol) [0x01033245]
	(No symbol) [0x0103379E]
	(No symbol) [0x01033C1D]
	GetHandleVerifier [0x015170A3+3213347]
	GetHandleVerifier [0x0152B0C9+3295305]
	GetHandleVerifier [0x0152558C+3271948]
	GetHandleVerifier [0x012A7360+658144]
	(No symbol) [0x0119B27D]
	(No symbol) [0x01032F10]
	(No symbol) [0x01032ACA]
	GetHandleVerifier [0x0159E9AC+3768620]
	BaseThreadInitThunk [0x768CFCC9+25]
	RtlGetAppContainerNamedObjectPath [0x779780CE+286]
	RtlGetAppContainerNamedObjectPath [0x7797809E+238]

2025-03=29 14:1640 ERROR Element ('xpath', "//input[@placeholder = 'Начальный год']") not found
2025-03=29 14:1640 INFO Send 2054 to element Поле 'Конечный год'
2025-03=29 14:1640 ERROR Exception while finding element ('xpath', "//input[@placeholder = 'Год окончания']")
Traceback (most recent call last):
  File "C:\Users\KIND\rospotrebnadzorTest\base\BaseApp.py", line 16, in find_element
    element = WebDriverWait(self.driver, time).until(
  File "C:\Users\KIND\rospotrebnadzorTest\.venv\lib\site-packages\selenium\webdriver\support\wait.py", line 96, in until
    value = method(self._driver)
  File "C:\Users\KIND\rospotrebnadzorTest\.venv\lib\site-packages\selenium\webdriver\support\expected_conditions.py", line 156, in _predicate
    return _element_if_visible(driver.find_element(*locator))
  File "C:\Users\KIND\rospotrebnadzorTest\.venv\lib\site-packages\selenium\webdriver\remote\webdriver.py", line 770, in find_element
    return self.execute(Command.FIND_ELEMENT, {"using": by, "value": value})["value"]
  File "C:\Users\KIND\rospotrebnadzorTest\.venv\lib\site-packages\selenium\webdriver\remote\webdriver.py", line 384, in execute
    self.error_handler.check_response(response)
  File "C:\Users\KIND\rospotrebnadzorTest\.venv\lib\site-packages\selenium\webdriver\remote\errorhandler.py", line 232, in check_response
    raise exception_class(message, screen, stacktrace)
selenium.common.exceptions.InvalidSessionIdException: Message: invalid session id
Stacktrace:
	GetHandleVerifier [0x0120C7F3+24435]
	(No symbol) [0x01192074]
	(No symbol) [0x0106055E]
	(No symbol) [0x0109B9D8]
	(No symbol) [0x010CD676]
	(No symbol) [0x010C904C]
	(No symbol) [0x010C85C6]
	(No symbol) [0x01033245]
	(No symbol) [0x0103379E]
	(No symbol) [0x01033C1D]
	GetHandleVerifier [0x015170A3+3213347]
	GetHandleVerifier [0x0152B0C9+3295305]
	GetHandleVerifier [0x0152558C+3271948]
	GetHandleVerifier [0x012A7360+658144]
	(No symbol) [0x0119B27D]
	(No symbol) [0x01032F10]
	(No symbol) [0x01032ACA]
	GetHandleVerifier [0x0159E9AC+3768620]
	BaseThreadInitThunk [0x768CFCC9+25]
	RtlGetAppContainerNamedObjectPath [0x779780CE+286]
	RtlGetAppContainerNamedObjectPath [0x7797809E+238]

2025-03=29 14:1640 ERROR Element ('xpath', "//input[@placeholder = 'Год окончания']") not found
2025-03=29 14:1640 ERROR Exception while finding element ('xpath', '(//a[@class = "invisible_link" and contains(text(), "Утвержден")])[1]')
Traceback (most recent call last):
  File "C:\Users\KIND\rospotrebnadzorTest\base\BaseApp.py", line 16, in find_element
    element = WebDriverWait(self.driver, time).until(
  File "C:\Users\KIND\rospotrebnadzorTest\.venv\lib\site-packages\selenium\webdriver\support\wait.py", line 96, in until
    value = method(self._driver)
  File "C:\Users\KIND\rospotrebnadzorTest\.venv\lib\site-packages\selenium\webdriver\support\expected_conditions.py", line 156, in _predicate
    return _element_if_visible(driver.find_element(*locator))
  File "C:\Users\KIND\rospotrebnadzorTest\.venv\lib\site-packages\selenium\webdriver\remote\webdriver.py", line 770, in find_element
    return self.execute(Command.FIND_ELEMENT, {"using": by, "value": value})["value"]
  File "C:\Users\KIND\rospotrebnadzorTest\.venv\lib\site-packages\selenium\webdriver\remote\webdriver.py", line 384, in execute
    self.error_handler.check_response(response)
  File "C:\Users\KIND\rospotrebnadzorTest\.venv\lib\site-packages\selenium\webdriver\remote\errorhandler.py", line 232, in check_response
    raise exception_class(message, screen, stacktrace)
selenium.common.exceptions.InvalidSessionIdException: Message: invalid session id
Stacktrace:
	GetHandleVerifier [0x0120C7F3+24435]
	(No symbol) [0x01192074]
	(No symbol) [0x0106055E]
	(No symbol) [0x0109B9D8]
	(No symbol) [0x010CD676]
	(No symbol) [0x010C904C]
	(No symbol) [0x010C85C6]
	(No symbol) [0x01033245]
	(No symbol) [0x0103379E]
	(No symbol) [0x01033C1D]
	GetHandleVerifier [0x015170A3+3213347]
	GetHandleVerifier [0x0152B0C9+3295305]
	GetHandleVerifier [0x0152558C+3271948]
	GetHandleVerifier [0x012A7360+658144]
	(No symbol) [0x0119B27D]
	(No symbol) [0x01032F10]
	(No symbol) [0x01032ACA]
	GetHandleVerifier [0x0159E9AC+3768620]
	BaseThreadInitThunk [0x768CFCC9+25]
	RtlGetAppContainerNamedObjectPath [0x779780CE+286]
	RtlGetAppContainerNamedObjectPath [0x7797809E+238]

2025-03=29 14:1640 ERROR Exception while finding element ('xpath', '(//a[@class = "invisible_link" and contains(text(), "2054")])[1]')
Traceback (most recent call last):
  File "C:\Users\KIND\rospotrebnadzorTest\base\BaseApp.py", line 16, in find_element
    element = WebDriverWait(self.driver, time).until(
  File "C:\Users\KIND\rospotrebnadzorTest\.venv\lib\site-packages\selenium\webdriver\support\wait.py", line 96, in until
    value = method(self._driver)
  File "C:\Users\KIND\rospotrebnadzorTest\.venv\lib\site-packages\selenium\webdriver\support\expected_conditions.py", line 156, in _predicate
    return _element_if_visible(driver.find_element(*locator))
  File "C:\Users\KIND\rospotrebnadzorTest\.venv\lib\site-packages\selenium\webdriver\remote\webdriver.py", line 770, in find_element
    return self.execute(Command.FIND_ELEMENT, {"using": by, "value": value})["value"]
  File "C:\Users\KIND\rospotrebnadzorTest\.venv\lib\site-packages\selenium\webdriver\remote\webdriver.py", line 384, in execute
    self.error_handler.check_response(response)
  File "C:\Users\KIND\rospotrebnadzorTest\.venv\lib\site-packages\selenium\webdriver\remote\errorhandler.py", line 232, in check_response
    raise exception_class(message, screen, stacktrace)
selenium.common.exceptions.InvalidSessionIdException: Message: invalid session id
Stacktrace:
	GetHandleVerifier [0x0120C7F3+24435]
	(No symbol) [0x01192074]
	(No symbol) [0x0106055E]
	(No symbol) [0x0109B9D8]
	(No symbol) [0x010CD676]
	(No symbol) [0x010C904C]
	(No symbol) [0x010C85C6]
	(No symbol) [0x01033245]
	(No symbol) [0x0103379E]
	(No symbol) [0x01033C1D]
	GetHandleVerifier [0x015170A3+3213347]
	GetHandleVerifier [0x0152B0C9+3295305]
	GetHandleVerifier [0x0152558C+3271948]
	GetHandleVerifier [0x012A7360+658144]
	(No symbol) [0x0119B27D]
	(No symbol) [0x01032F10]
	(No symbol) [0x01032ACA]
	GetHandleVerifier [0x0159E9AC+3768620]
	BaseThreadInitThunk [0x768CFCC9+25]
	RtlGetAppContainerNamedObjectPath [0x779780CE+286]
	RtlGetAppContainerNamedObjectPath [0x7797809E+238]

2025-03=29 14:1640 INFO Запустили тест проверки фильтрации на федеральном уровне
2025-03=29 14:1640 ERROR Exception while finding element ('id', 'level')
Traceback (most recent call last):
  File "C:\Users\KIND\rospotrebnadzorTest\base\BaseApp.py", line 16, in find_element
    element = WebDriverWait(self.driver, time).until(
  File "C:\Users\KIND\rospotrebnadzorTest\.venv\lib\site-packages\selenium\webdriver\support\wait.py", line 96, in until
    value = method(self._driver)
  File "C:\Users\KIND\rospotrebnadzorTest\.venv\lib\site-packages\selenium\webdriver\support\expected_conditions.py", line 363, in _predicate
    target = driver.find_element(*target)  # grab element at locator
  File "C:\Users\KIND\rospotrebnadzorTest\.venv\lib\site-packages\selenium\webdriver\remote\webdriver.py", line 770, in find_element
    return self.execute(Command.FIND_ELEMENT, {"using": by, "value": value})["value"]
  File "C:\Users\KIND\rospotrebnadzorTest\.venv\lib\site-packages\selenium\webdriver\remote\webdriver.py", line 384, in execute
    self.error_handler.check_response(response)
  File "C:\Users\KIND\rospotrebnadzorTest\.venv\lib\site-packages\selenium\webdriver\remote\errorhandler.py", line 232, in check_response
    raise exception_class(message, screen, stacktrace)
selenium.common.exceptions.InvalidSessionIdException: Message: invalid session id
Stacktrace:
	GetHandleVerifier [0x0120C7F3+24435]
	(No symbol) [0x01192074]
	(No symbol) [0x0106055E]
	(No symbol) [0x0109B9D8]
	(No symbol) [0x010CD676]
	(No symbol) [0x010C904C]
	(No symbol) [0x010C85C6]
	(No symbol) [0x01033245]
	(No symbol) [0x0103379E]
	(No symbol) [0x01033C1D]
	GetHandleVerifier [0x015170A3+3213347]
	GetHandleVerifier [0x0152B0C9+3295305]
	GetHandleVerifier [0x0152558C+3271948]
	GetHandleVerifier [0x012A7360+658144]
	(No symbol) [0x0119B27D]
	(No symbol) [0x01032F10]
	(No symbol) [0x01032ACA]
	GetHandleVerifier [0x0159E9AC+3768620]
	BaseThreadInitThunk [0x768CFCC9+25]
	RtlGetAppContainerNamedObjectPath [0x779780CE+286]
	RtlGetAppContainerNamedObjectPath [0x7797809E+238]

2025-03=29 14:1640 ERROR Button Выпадающий список уровней видимости not found or not clickable
2025-03=29 14:1640 ERROR Exception while finding element ('id', 'formLevel_consolidated')
Traceback (most recent call last):
  File "C:\Users\KIND\rospotrebnadzorTest\base\BaseApp.py", line 16, in find_element
    element = WebDriverWait(self.driver, time).until(
  File "C:\Users\KIND\rospotrebnadzorTest\.venv\lib\site-packages\selenium\webdriver\support\wait.py", line 96, in until
    value = method(self._driver)
  File "C:\Users\KIND\rospotrebnadzorTest\.venv\lib\site-packages\selenium\webdriver\support\expected_conditions.py", line 363, in _predicate
    target = driver.find_element(*target)  # grab element at locator
  File "C:\Users\KIND\rospotrebnadzorTest\.venv\lib\site-packages\selenium\webdriver\remote\webdriver.py", line 770, in find_element
    return self.execute(Command.FIND_ELEMENT, {"using": by, "value": value})["value"]
  File "C:\Users\KIND\rospotrebnadzorTest\.venv\lib\site-packages\selenium\webdriver\remote\webdriver.py", line 384, in execute
    self.error_handler.check_response(response)
  File "C:\Users\KIND\rospotrebnadzorTest\.venv\lib\site-packages\selenium\webdriver\remote\errorhandler.py", line 232, in check_response
    raise exception_class(message, screen, stacktrace)
selenium.common.exceptions.InvalidSessionIdException: Message: invalid session id
Stacktrace:
	GetHandleVerifier [0x0120C7F3+24435]
	(No symbol) [0x01192074]
	(No symbol) [0x0106055E]
	(No symbol) [0x0109B9D8]
	(No symbol) [0x010CD676]
	(No symbol) [0x010C904C]
	(No symbol) [0x010C85C6]
	(No symbol) [0x01033245]
	(No symbol) [0x0103379E]
	(No symbol) [0x01033C1D]
	GetHandleVerifier [0x015170A3+3213347]
	GetHandleVerifier [0x0152B0C9+3295305]
	GetHandleVerifier [0x0152558C+3271948]
	GetHandleVerifier [0x012A7360+658144]
	(No symbol) [0x0119B27D]
	(No symbol) [0x01032F10]
	(No symbol) [0x01032ACA]
	GetHandleVerifier [0x0159E9AC+3768620]
	BaseThreadInitThunk [0x768CFCC9+25]
	RtlGetAppContainerNamedObjectPath [0x779780CE+286]
	RtlGetAppContainerNamedObjectPath [0x7797809E+238]

2025-03=29 14:1640 ERROR Button Выбор уровня 'Федеральный' not found or not clickable
2025-03=29 14:1640 ERROR Exception while finding element ('xpath', '//nz-select-item[@title = "РФ"]')
Traceback (most recent call last):
  File "C:\Users\KIND\rospotrebnadzorTest\base\BaseApp.py", line 16, in find_element
    element = WebDriverWait(self.driver, time).until(
  File "C:\Users\KIND\rospotrebnadzorTest\.venv\lib\site-packages\selenium\webdriver\support\wait.py", line 96, in until
    value = method(self._driver)
  File "C:\Users\KIND\rospotrebnadzorTest\.venv\lib\site-packages\selenium\webdriver\support\expected_conditions.py", line 156, in _predicate
    return _element_if_visible(driver.find_element(*locator))
  File "C:\Users\KIND\rospotrebnadzorTest\.venv\lib\site-packages\selenium\webdriver\remote\webdriver.py", line 770, in find_element
    return self.execute(Command.FIND_ELEMENT, {"using": by, "value": value})["value"]
  File "C:\Users\KIND\rospotrebnadzorTest\.venv\lib\site-packages\selenium\webdriver\remote\webdriver.py", line 384, in execute
    self.error_handler.check_response(response)
  File "C:\Users\KIND\rospotrebnadzorTest\.venv\lib\site-packages\selenium\webdriver\remote\errorhandler.py", line 232, in check_response
    raise exception_class(message, screen, stacktrace)
selenium.common.exceptions.InvalidSessionIdException: Message: invalid session id
Stacktrace:
	GetHandleVerifier [0x0120C7F3+24435]
	(No symbol) [0x01192074]
	(No symbol) [0x0106055E]
	(No symbol) [0x0109B9D8]
	(No symbol) [0x010CD676]
	(No symbol) [0x010C904C]
	(No symbol) [0x010C85C6]
	(No symbol) [0x01033245]
	(No symbol) [0x0103379E]
	(No symbol) [0x01033C1D]
	GetHandleVerifier [0x015170A3+3213347]
	GetHandleVerifier [0x0152B0C9+3295305]
	GetHandleVerifier [0x0152558C+3271948]
	GetHandleVerifier [0x012A7360+658144]
	(No symbol) [0x0119B27D]
	(No symbol) [0x01032F10]
	(No symbol) [0x01032ACA]
	GetHandleVerifier [0x0159E9AC+3768620]
	BaseThreadInitThunk [0x768CFCC9+25]
	RtlGetAppContainerNamedObjectPath [0x779780CE+286]
	RtlGetAppContainerNamedObjectPath [0x7797809E+238]

2025-03=29 14:1641 ERROR Exception while finding element ('xpath', "//nz-select-item[@title = 'Все']")
Traceback (most recent call last):
  File "C:\Users\KIND\rospotrebnadzorTest\base\BaseApp.py", line 16, in find_element
    element = WebDriverWait(self.driver, time).until(
  File "C:\Users\KIND\rospotrebnadzorTest\.venv\lib\site-packages\selenium\webdriver\support\wait.py", line 96, in until
    value = method(self._driver)
  File "C:\Users\KIND\rospotrebnadzorTest\.venv\lib\site-packages\selenium\webdriver\support\expected_conditions.py", line 363, in _predicate
    target = driver.find_element(*target)  # grab element at locator
  File "C:\Users\KIND\rospotrebnadzorTest\.venv\lib\site-packages\selenium\webdriver\remote\webdriver.py", line 770, in find_element
    return self.execute(Command.FIND_ELEMENT, {"using": by, "value": value})["value"]
  File "C:\Users\KIND\rospotrebnadzorTest\.venv\lib\site-packages\selenium\webdriver\remote\webdriver.py", line 384, in execute
    self.error_handler.check_response(response)
  File "C:\Users\KIND\rospotrebnadzorTest\.venv\lib\site-packages\selenium\webdriver\remote\errorhandler.py", line 232, in check_response
    raise exception_class(message, screen, stacktrace)
selenium.common.exceptions.InvalidSessionIdException: Message: invalid session id
Stacktrace:
	GetHandleVerifier [0x0120C7F3+24435]
	(No symbol) [0x01192074]
	(No symbol) [0x0106055E]
	(No symbol) [0x0109B9D8]
	(No symbol) [0x010CD676]
	(No symbol) [0x010C904C]
	(No symbol) [0x010C85C6]
	(No symbol) [0x01033245]
	(No symbol) [0x0103379E]
	(No symbol) [0x01033C1D]
	GetHandleVerifier [0x015170A3+3213347]
	GetHandleVerifier [0x0152B0C9+3295305]
	GetHandleVerifier [0x0152558C+3271948]
	GetHandleVerifier [0x012A7360+658144]
	(No symbol) [0x0119B27D]
	(No symbol) [0x01032F10]
	(No symbol) [0x01032ACA]
	GetHandleVerifier [0x0159E9AC+3768620]
	BaseThreadInitThunk [0x768CFCC9+25]
	RtlGetAppContainerNamedObjectPath [0x779780CE+286]
	RtlGetAppContainerNamedObjectPath [0x7797809E+238]

2025-03=29 14:1641 ERROR Button Поле "Состояние" в реестре отчетов not found or not clickable
2025-03=29 14:1641 ERROR Exception while finding element ('xpath', "//nz-option-item[@ng-reflect-value = 'es_signed']")
Traceback (most recent call last):
  File "C:\Users\KIND\rospotrebnadzorTest\base\BaseApp.py", line 16, in find_element
    element = WebDriverWait(self.driver, time).until(
  File "C:\Users\KIND\rospotrebnadzorTest\.venv\lib\site-packages\selenium\webdriver\support\wait.py", line 96, in until
    value = method(self._driver)
  File "C:\Users\KIND\rospotrebnadzorTest\.venv\lib\site-packages\selenium\webdriver\support\expected_conditions.py", line 363, in _predicate
    target = driver.find_element(*target)  # grab element at locator
  File "C:\Users\KIND\rospotrebnadzorTest\.venv\lib\site-packages\selenium\webdriver\remote\webdriver.py", line 770, in find_element
    return self.execute(Command.FIND_ELEMENT, {"using": by, "value": value})["value"]
  File "C:\Users\KIND\rospotrebnadzorTest\.venv\lib\site-packages\selenium\webdriver\remote\webdriver.py", line 384, in execute
    self.error_handler.check_response(response)
  File "C:\Users\KIND\rospotrebnadzorTest\.venv\lib\site-packages\selenium\webdriver\remote\errorhandler.py", line 232, in check_response
    raise exception_class(message, screen, stacktrace)
selenium.common.exceptions.InvalidSessionIdException: Message: invalid session id
Stacktrace:
	GetHandleVerifier [0x0120C7F3+24435]
	(No symbol) [0x01192074]
	(No symbol) [0x0106055E]
	(No symbol) [0x0109B9D8]
	(No symbol) [0x010CD676]
	(No symbol) [0x010C904C]
	(No symbol) [0x010C85C6]
	(No symbol) [0x01033245]
	(No symbol) [0x0103379E]
	(No symbol) [0x01033C1D]
	GetHandleVerifier [0x015170A3+3213347]
	GetHandleVerifier [0x0152B0C9+3295305]
	GetHandleVerifier [0x0152558C+3271948]
	GetHandleVerifier [0x012A7360+658144]
	(No symbol) [0x0119B27D]
	(No symbol) [0x01032F10]
	(No symbol) [0x01032ACA]
	GetHandleVerifier [0x0159E9AC+3768620]
	BaseThreadInitThunk [0x768CFCC9+25]
	RtlGetAppContainerNamedObjectPath [0x779780CE+286]
	RtlGetAppContainerNamedObjectPath [0x7797809E+238]

2025-03=29 14:1641 ERROR Button Статус 'Утверждён' not found or not clickable
2025-03=29 14:1641 ERROR Exception while finding element ('xpath', "//nz-select[@ng-reflect-is-disabled = 'false']")
Traceback (most recent call last):
  File "C:\Users\KIND\rospotrebnadzorTest\base\BaseApp.py", line 16, in find_element
    element = WebDriverWait(self.driver, time).until(
  File "C:\Users\KIND\rospotrebnadzorTest\.venv\lib\site-packages\selenium\webdriver\support\wait.py", line 96, in until
    value = method(self._driver)
  File "C:\Users\KIND\rospotrebnadzorTest\.venv\lib\site-packages\selenium\webdriver\support\expected_conditions.py", line 363, in _predicate
    target = driver.find_element(*target)  # grab element at locator
  File "C:\Users\KIND\rospotrebnadzorTest\.venv\lib\site-packages\selenium\webdriver\remote\webdriver.py", line 770, in find_element
    return self.execute(Command.FIND_ELEMENT, {"using": by, "value": value})["value"]
  File "C:\Users\KIND\rospotrebnadzorTest\.venv\lib\site-packages\selenium\webdriver\remote\webdriver.py", line 384, in execute
    self.error_handler.check_response(response)
  File "C:\Users\KIND\rospotrebnadzorTest\.venv\lib\site-packages\selenium\webdriver\remote\errorhandler.py", line 232, in check_response
    raise exception_class(message, screen, stacktrace)
selenium.common.exceptions.InvalidSessionIdException: Message: invalid session id
Stacktrace:
	GetHandleVerifier [0x0120C7F3+24435]
	(No symbol) [0x01192074]
	(No symbol) [0x0106055E]
	(No symbol) [0x0109B9D8]
	(No symbol) [0x010CD676]
	(No symbol) [0x010C904C]
	(No symbol) [0x010C85C6]
	(No symbol) [0x01033245]
	(No symbol) [0x0103379E]
	(No symbol) [0x01033C1D]
	GetHandleVerifier [0x015170A3+3213347]
	GetHandleVerifier [0x0152B0C9+3295305]
	GetHandleVerifier [0x0152558C+3271948]
	GetHandleVerifier [0x012A7360+658144]
	(No symbol) [0x0119B27D]
	(No symbol) [0x01032F10]
	(No symbol) [0x01032ACA]
	GetHandleVerifier [0x0159E9AC+3768620]
	BaseThreadInitThunk [0x768CFCC9+25]
	RtlGetAppContainerNamedObjectPath [0x779780CE+286]
	RtlGetAppContainerNamedObjectPath [0x7797809E+238]

2025-03=29 14:1641 ERROR Button Поле "Периодичность" в реестре отчетов not found or not clickable
2025-03=29 14:1641 ERROR Exception while finding element ('xpath', "//nz-option-item[@ng-reflect-value = 'monthly']")
Traceback (most recent call last):
  File "C:\Users\KIND\rospotrebnadzorTest\base\BaseApp.py", line 16, in find_element
    element = WebDriverWait(self.driver, time).until(
  File "C:\Users\KIND\rospotrebnadzorTest\.venv\lib\site-packages\selenium\webdriver\support\wait.py", line 96, in until
    value = method(self._driver)
  File "C:\Users\KIND\rospotrebnadzorTest\.venv\lib\site-packages\selenium\webdriver\support\expected_conditions.py", line 363, in _predicate
    target = driver.find_element(*target)  # grab element at locator
  File "C:\Users\KIND\rospotrebnadzorTest\.venv\lib\site-packages\selenium\webdriver\remote\webdriver.py", line 770, in find_element
    return self.execute(Command.FIND_ELEMENT, {"using": by, "value": value})["value"]
  File "C:\Users\KIND\rospotrebnadzorTest\.venv\lib\site-packages\selenium\webdriver\remote\webdriver.py", line 384, in execute
    self.error_handler.check_response(response)
  File "C:\Users\KIND\rospotrebnadzorTest\.venv\lib\site-packages\selenium\webdriver\remote\errorhandler.py", line 232, in check_response
    raise exception_class(message, screen, stacktrace)
selenium.common.exceptions.InvalidSessionIdException: Message: invalid session id
Stacktrace:
	GetHandleVerifier [0x0120C7F3+24435]
	(No symbol) [0x01192074]
	(No symbol) [0x0106055E]
	(No symbol) [0x0109B9D8]
	(No symbol) [0x010CD676]
	(No symbol) [0x010C904C]
	(No symbol) [0x010C85C6]
	(No symbol) [0x01033245]
	(No symbol) [0x0103379E]
	(No symbol) [0x01033C1D]
	GetHandleVerifier [0x015170A3+3213347]
	GetHandleVerifier [0x0152B0C9+3295305]
	GetHandleVerifier [0x0152558C+3271948]
	GetHandleVerifier [0x012A7360+658144]
	(No symbol) [0x0119B27D]
	(No symbol) [0x01032F10]
	(No symbol) [0x01032ACA]
	GetHandleVerifier [0x0159E9AC+3768620]
	BaseThreadInitThunk [0x768CFCC9+25]
	RtlGetAppContainerNamedObjectPath [0x779780CE+286]
	RtlGetAppContainerNamedObjectPath [0x7797809E+238]

2025-03=29 14:1641 ERROR Button Периодичность 'Ежемесячная' not found or not clickable
2025-03=29 14:1643 ERROR Exception while finding element ('xpath', "//input[@placeholder = 'Начальный год']")
Traceback (most recent call last):
  File "C:\Users\KIND\rospotrebnadzorTest\base\BaseApp.py", line 16, in find_element
    element = WebDriverWait(self.driver, time).until(
  File "C:\Users\KIND\rospotrebnadzorTest\.venv\lib\site-packages\selenium\webdriver\support\wait.py", line 96, in until
    value = method(self._driver)
  File "C:\Users\KIND\rospotrebnadzorTest\.venv\lib\site-packages\selenium\webdriver\support\expected_conditions.py", line 363, in _predicate
    target = driver.find_element(*target)  # grab element at locator
  File "C:\Users\KIND\rospotrebnadzorTest\.venv\lib\site-packages\selenium\webdriver\remote\webdriver.py", line 770, in find_element
    return self.execute(Command.FIND_ELEMENT, {"using": by, "value": value})["value"]
  File "C:\Users\KIND\rospotrebnadzorTest\.venv\lib\site-packages\selenium\webdriver\remote\webdriver.py", line 384, in execute
    self.error_handler.check_response(response)
  File "C:\Users\KIND\rospotrebnadzorTest\.venv\lib\site-packages\selenium\webdriver\remote\errorhandler.py", line 232, in check_response
    raise exception_class(message, screen, stacktrace)
selenium.common.exceptions.InvalidSessionIdException: Message: invalid session id
Stacktrace:
	GetHandleVerifier [0x0120C7F3+24435]
	(No symbol) [0x01192074]
	(No symbol) [0x0106055E]
	(No symbol) [0x0109B9D8]
	(No symbol) [0x010CD676]
	(No symbol) [0x010C904C]
	(No symbol) [0x010C85C6]
	(No symbol) [0x01033245]
	(No symbol) [0x0103379E]
	(No symbol) [0x01033C1D]
	GetHandleVerifier [0x015170A3+3213347]
	GetHandleVerifier [0x0152B0C9+3295305]
	GetHandleVerifier [0x0152558C+3271948]
	GetHandleVerifier [0x012A7360+658144]
	(No symbol) [0x0119B27D]
	(No symbol) [0x01032F10]
	(No symbol) [0x01032ACA]
	GetHandleVerifier [0x0159E9AC+3768620]
	BaseThreadInitThunk [0x768CFCC9+25]
	RtlGetAppContainerNamedObjectPath [0x779780CE+286]
	RtlGetAppContainerNamedObjectPath [0x7797809E+238]

2025-03=29 14:1643 ERROR Button Поле "Период" в реестре отчетов-год not found or not clickable
2025-03=29 14:1643 ERROR Exception while finding element ('xpath', "//label[@ng-reflect-nz-value = 'Года']")
Traceback (most recent call last):
  File "C:\Users\KIND\rospotrebnadzorTest\base\BaseApp.py", line 16, in find_element
    element = WebDriverWait(self.driver, time).until(
  File "C:\Users\KIND\rospotrebnadzorTest\.venv\lib\site-packages\selenium\webdriver\support\wait.py", line 96, in until
    value = method(self._driver)
  File "C:\Users\KIND\rospotrebnadzorTest\.venv\lib\site-packages\selenium\webdriver\support\expected_conditions.py", line 363, in _predicate
    target = driver.find_element(*target)  # grab element at locator
  File "C:\Users\KIND\rospotrebnadzorTest\.venv\lib\site-packages\selenium\webdriver\remote\webdriver.py", line 770, in find_element
    return self.execute(Command.FIND_ELEMENT, {"using": by, "value": value})["value"]
  File "C:\Users\KIND\rospotrebnadzorTest\.venv\lib\site-packages\selenium\webdriver\remote\webdriver.py", line 384, in execute
    self.error_handler.check_response(response)
  File "C:\Users\KIND\rospotrebnadzorTest\.venv\lib\site-packages\selenium\webdriver\remote\errorhandler.py", line 232, in check_response
    raise exception_class(message, screen, stacktrace)
selenium.common.exceptions.InvalidSessionIdException: Message: invalid session id
Stacktrace:
	GetHandleVerifier [0x0120C7F3+24435]
	(No symbol) [0x01192074]
	(No symbol) [0x0106055E]
	(No symbol) [0x0109B9D8]
	(No symbol) [0x010CD676]
	(No symbol) [0x010C904C]
	(No symbol) [0x010C85C6]
	(No symbol) [0x01033245]
	(No symbol) [0x0103379E]
	(No symbol) [0x01033C1D]
	GetHandleVerifier [0x015170A3+3213347]
	GetHandleVerifier [0x0152B0C9+3295305]
	GetHandleVerifier [0x0152558C+3271948]
	GetHandleVerifier [0x012A7360+658144]
	(No symbol) [0x0119B27D]
	(No symbol) [0x01032F10]
	(No symbol) [0x01032ACA]
	GetHandleVerifier [0x0159E9AC+3768620]
	BaseThreadInitThunk [0x768CFCC9+25]
	RtlGetAppContainerNamedObjectPath [0x779780CE+286]
	RtlGetAppContainerNamedObjectPath [0x7797809E+238]

2025-03=29 14:1643 ERROR Button Календарь фильтр "Год" not found or not clickable
2025-03=29 14:1643 INFO Send 2054 to element Поле 'Начальный год'
2025-03=29 14:1643 ERROR Exception while finding element ('xpath', "//input[@placeholder = 'Начальный год']")
Traceback (most recent call last):
  File "C:\Users\KIND\rospotrebnadzorTest\base\BaseApp.py", line 16, in find_element
    element = WebDriverWait(self.driver, time).until(
  File "C:\Users\KIND\rospotrebnadzorTest\.venv\lib\site-packages\selenium\webdriver\support\wait.py", line 96, in until
    value = method(self._driver)
  File "C:\Users\KIND\rospotrebnadzorTest\.venv\lib\site-packages\selenium\webdriver\support\expected_conditions.py", line 156, in _predicate
    return _element_if_visible(driver.find_element(*locator))
  File "C:\Users\KIND\rospotrebnadzorTest\.venv\lib\site-packages\selenium\webdriver\remote\webdriver.py", line 770, in find_element
    return self.execute(Command.FIND_ELEMENT, {"using": by, "value": value})["value"]
  File "C:\Users\KIND\rospotrebnadzorTest\.venv\lib\site-packages\selenium\webdriver\remote\webdriver.py", line 384, in execute
    self.error_handler.check_response(response)
  File "C:\Users\KIND\rospotrebnadzorTest\.venv\lib\site-packages\selenium\webdriver\remote\errorhandler.py", line 232, in check_response
    raise exception_class(message, screen, stacktrace)
selenium.common.exceptions.InvalidSessionIdException: Message: invalid session id
Stacktrace:
	GetHandleVerifier [0x0120C7F3+24435]
	(No symbol) [0x01192074]
	(No symbol) [0x0106055E]
	(No symbol) [0x0109B9D8]
	(No symbol) [0x010CD676]
	(No symbol) [0x010C904C]
	(No symbol) [0x010C85C6]
	(No symbol) [0x01033245]
	(No symbol) [0x0103379E]
	(No symbol) [0x01033C1D]
	GetHandleVerifier [0x015170A3+3213347]
	GetHandleVerifier [0x0152B0C9+3295305]
	GetHandleVerifier [0x0152558C+3271948]
	GetHandleVerifier [0x012A7360+658144]
	(No symbol) [0x0119B27D]
	(No symbol) [0x01032F10]
	(No symbol) [0x01032ACA]
	GetHandleVerifier [0x0159E9AC+3768620]
	BaseThreadInitThunk [0x768CFCC9+25]
	RtlGetAppContainerNamedObjectPath [0x779780CE+286]
	RtlGetAppContainerNamedObjectPath [0x7797809E+238]

2025-03=29 14:1643 ERROR Element ('xpath', "//input[@placeholder = 'Начальный год']") not found
2025-03=29 14:1643 INFO Send 2054 to element Поле 'Конечный год'
2025-03=29 14:1643 ERROR Exception while finding element ('xpath', "//input[@placeholder = 'Год окончания']")
Traceback (most recent call last):
  File "C:\Users\KIND\rospotrebnadzorTest\base\BaseApp.py", line 16, in find_element
    element = WebDriverWait(self.driver, time).until(
  File "C:\Users\KIND\rospotrebnadzorTest\.venv\lib\site-packages\selenium\webdriver\support\wait.py", line 96, in until
    value = method(self._driver)
  File "C:\Users\KIND\rospotrebnadzorTest\.venv\lib\site-packages\selenium\webdriver\support\expected_conditions.py", line 156, in _predicate
    return _element_if_visible(driver.find_element(*locator))
  File "C:\Users\KIND\rospotrebnadzorTest\.venv\lib\site-packages\selenium\webdriver\remote\webdriver.py", line 770, in find_element
    return self.execute(Command.FIND_ELEMENT, {"using": by, "value": value})["value"]
  File "C:\Users\KIND\rospotrebnadzorTest\.venv\lib\site-packages\selenium\webdriver\remote\webdriver.py", line 384, in execute
    self.error_handler.check_response(response)
  File "C:\Users\KIND\rospotrebnadzorTest\.venv\lib\site-packages\selenium\webdriver\remote\errorhandler.py", line 232, in check_response
    raise exception_class(message, screen, stacktrace)
selenium.common.exceptions.InvalidSessionIdException: Message: invalid session id
Stacktrace:
	GetHandleVerifier [0x0120C7F3+24435]
	(No symbol) [0x01192074]
	(No symbol) [0x0106055E]
	(No symbol) [0x0109B9D8]
	(No symbol) [0x010CD676]
	(No symbol) [0x010C904C]
	(No symbol) [0x010C85C6]
	(No symbol) [0x01033245]
	(No symbol) [0x0103379E]
	(No symbol) [0x01033C1D]
	GetHandleVerifier [0x015170A3+3213347]
	GetHandleVerifier [0x0152B0C9+3295305]
	GetHandleVerifier [0x0152558C+3271948]
	GetHandleVerifier [0x012A7360+658144]
	(No symbol) [0x0119B27D]
	(No symbol) [0x01032F10]
	(No symbol) [0x01032ACA]
	GetHandleVerifier [0x0159E9AC+3768620]
	BaseThreadInitThunk [0x768CFCC9+25]
	RtlGetAppContainerNamedObjectPath [0x779780CE+286]
	RtlGetAppContainerNamedObjectPath [0x7797809E+238]

2025-03=29 14:1643 ERROR Element ('xpath', "//input[@placeholder = 'Год окончания']") not found
2025-03=29 14:1644 ERROR Exception while finding element ('xpath', '(//a[@class = "invisible_link" and contains(text(), "Утвержден")])[1]')
Traceback (most recent call last):
  File "C:\Users\KIND\rospotrebnadzorTest\base\BaseApp.py", line 16, in find_element
    element = WebDriverWait(self.driver, time).until(
  File "C:\Users\KIND\rospotrebnadzorTest\.venv\lib\site-packages\selenium\webdriver\support\wait.py", line 96, in until
    value = method(self._driver)
  File "C:\Users\KIND\rospotrebnadzorTest\.venv\lib\site-packages\selenium\webdriver\support\expected_conditions.py", line 156, in _predicate
    return _element_if_visible(driver.find_element(*locator))
  File "C:\Users\KIND\rospotrebnadzorTest\.venv\lib\site-packages\selenium\webdriver\remote\webdriver.py", line 770, in find_element
    return self.execute(Command.FIND_ELEMENT, {"using": by, "value": value})["value"]
  File "C:\Users\KIND\rospotrebnadzorTest\.venv\lib\site-packages\selenium\webdriver\remote\webdriver.py", line 384, in execute
    self.error_handler.check_response(response)
  File "C:\Users\KIND\rospotrebnadzorTest\.venv\lib\site-packages\selenium\webdriver\remote\errorhandler.py", line 232, in check_response
    raise exception_class(message, screen, stacktrace)
selenium.common.exceptions.InvalidSessionIdException: Message: invalid session id
Stacktrace:
	GetHandleVerifier [0x0120C7F3+24435]
	(No symbol) [0x01192074]
	(No symbol) [0x0106055E]
	(No symbol) [0x0109B9D8]
	(No symbol) [0x010CD676]
	(No symbol) [0x010C904C]
	(No symbol) [0x010C85C6]
	(No symbol) [0x01033245]
	(No symbol) [0x0103379E]
	(No symbol) [0x01033C1D]
	GetHandleVerifier [0x015170A3+3213347]
	GetHandleVerifier [0x0152B0C9+3295305]
	GetHandleVerifier [0x0152558C+3271948]
	GetHandleVerifier [0x012A7360+658144]
	(No symbol) [0x0119B27D]
	(No symbol) [0x01032F10]
	(No symbol) [0x01032ACA]
	GetHandleVerifier [0x0159E9AC+3768620]
	BaseThreadInitThunk [0x768CFCC9+25]
	RtlGetAppContainerNamedObjectPath [0x779780CE+286]
	RtlGetAppContainerNamedObjectPath [0x7797809E+238]

2025-03=29 14:1644 ERROR Exception while finding element ('xpath', '(//a[@class = "invisible_link" and contains(text(), "2054")])[1]')
Traceback (most recent call last):
  File "C:\Users\KIND\rospotrebnadzorTest\base\BaseApp.py", line 16, in find_element
    element = WebDriverWait(self.driver, time).until(
  File "C:\Users\KIND\rospotrebnadzorTest\.venv\lib\site-packages\selenium\webdriver\support\wait.py", line 96, in until
    value = method(self._driver)
  File "C:\Users\KIND\rospotrebnadzorTest\.venv\lib\site-packages\selenium\webdriver\support\expected_conditions.py", line 156, in _predicate
    return _element_if_visible(driver.find_element(*locator))
  File "C:\Users\KIND\rospotrebnadzorTest\.venv\lib\site-packages\selenium\webdriver\remote\webdriver.py", line 770, in find_element
    return self.execute(Command.FIND_ELEMENT, {"using": by, "value": value})["value"]
  File "C:\Users\KIND\rospotrebnadzorTest\.venv\lib\site-packages\selenium\webdriver\remote\webdriver.py", line 384, in execute
    self.error_handler.check_response(response)
  File "C:\Users\KIND\rospotrebnadzorTest\.venv\lib\site-packages\selenium\webdriver\remote\errorhandler.py", line 232, in check_response
    raise exception_class(message, screen, stacktrace)
selenium.common.exceptions.InvalidSessionIdException: Message: invalid session id
Stacktrace:
	GetHandleVerifier [0x0120C7F3+24435]
	(No symbol) [0x01192074]
	(No symbol) [0x0106055E]
	(No symbol) [0x0109B9D8]
	(No symbol) [0x010CD676]
	(No symbol) [0x010C904C]
	(No symbol) [0x010C85C6]
	(No symbol) [0x01033245]
	(No symbol) [0x0103379E]
	(No symbol) [0x01033C1D]
	GetHandleVerifier [0x015170A3+3213347]
	GetHandleVerifier [0x0152B0C9+3295305]
	GetHandleVerifier [0x0152558C+3271948]
	GetHandleVerifier [0x012A7360+658144]
	(No symbol) [0x0119B27D]
	(No symbol) [0x01032F10]
	(No symbol) [0x01032ACA]
	GetHandleVerifier [0x0159E9AC+3768620]
	BaseThreadInitThunk [0x768CFCC9+25]
	RtlGetAppContainerNamedObjectPath [0x779780CE+286]
	RtlGetAppContainerNamedObjectPath [0x7797809E+238]

2025-03=29 14:1644 INFO Запустили фикстуру авторизации
2025-03=29 14:1644 ERROR Exception while open site
Traceback (most recent call last):
  File "C:\Users\KIND\rospotrebnadzorTest\base\BaseApp.py", line 35, in go_to_site
    start_browsing = self.driver.get(self.base_url)
  File "C:\Users\KIND\rospotrebnadzorTest\.venv\lib\site-packages\selenium\webdriver\remote\webdriver.py", line 393, in get
    self.execute(Command.GET, {"url": url})
  File "C:\Users\KIND\rospotrebnadzorTest\.venv\lib\site-packages\selenium\webdriver\remote\webdriver.py", line 384, in execute
    self.error_handler.check_response(response)
  File "C:\Users\KIND\rospotrebnadzorTest\.venv\lib\site-packages\selenium\webdriver\remote\errorhandler.py", line 232, in check_response
    raise exception_class(message, screen, stacktrace)
selenium.common.exceptions.InvalidSessionIdException: Message: invalid session id
Stacktrace:
	GetHandleVerifier [0x0120C7F3+24435]
	(No symbol) [0x01192074]
	(No symbol) [0x0106055E]
	(No symbol) [0x0109B9D8]
	(No symbol) [0x010CD676]
	(No symbol) [0x010C904C]
	(No symbol) [0x010C85C6]
	(No symbol) [0x01033245]
	(No symbol) [0x0103379E]
	(No symbol) [0x01033C1D]
	GetHandleVerifier [0x015170A3+3213347]
	GetHandleVerifier [0x0152B0C9+3295305]
	GetHandleVerifier [0x0152558C+3271948]
	GetHandleVerifier [0x012A7360+658144]
	(No symbol) [0x0119B27D]
	(No symbol) [0x01032F10]
	(No symbol) [0x01032ACA]
	GetHandleVerifier [0x0159E9AC+3768620]
	BaseThreadInitThunk [0x768CFCC9+25]
	RtlGetAppContainerNamedObjectPath [0x779780CE+286]
	RtlGetAppContainerNamedObjectPath [0x7797809E+238]

2025-03=29 14:1644 INFO Send 1test_np to element Поле 'Логин'
2025-03=29 14:1644 ERROR Exception while finding element ('id', 'login')
Traceback (most recent call last):
  File "C:\Users\KIND\rospotrebnadzorTest\base\BaseApp.py", line 16, in find_element
    element = WebDriverWait(self.driver, time).until(
  File "C:\Users\KIND\rospotrebnadzorTest\.venv\lib\site-packages\selenium\webdriver\support\wait.py", line 96, in until
    value = method(self._driver)
  File "C:\Users\KIND\rospotrebnadzorTest\.venv\lib\site-packages\selenium\webdriver\support\expected_conditions.py", line 156, in _predicate
    return _element_if_visible(driver.find_element(*locator))
  File "C:\Users\KIND\rospotrebnadzorTest\.venv\lib\site-packages\selenium\webdriver\remote\webdriver.py", line 770, in find_element
    return self.execute(Command.FIND_ELEMENT, {"using": by, "value": value})["value"]
  File "C:\Users\KIND\rospotrebnadzorTest\.venv\lib\site-packages\selenium\webdriver\remote\webdriver.py", line 384, in execute
    self.error_handler.check_response(response)
  File "C:\Users\KIND\rospotrebnadzorTest\.venv\lib\site-packages\selenium\webdriver\remote\errorhandler.py", line 232, in check_response
    raise exception_class(message, screen, stacktrace)
selenium.common.exceptions.InvalidSessionIdException: Message: invalid session id
Stacktrace:
	GetHandleVerifier [0x0120C7F3+24435]
	(No symbol) [0x01192074]
	(No symbol) [0x0106055E]
	(No symbol) [0x0109B9D8]
	(No symbol) [0x010CD676]
	(No symbol) [0x010C904C]
	(No symbol) [0x010C85C6]
	(No symbol) [0x01033245]
	(No symbol) [0x0103379E]
	(No symbol) [0x01033C1D]
	GetHandleVerifier [0x015170A3+3213347]
	GetHandleVerifier [0x0152B0C9+3295305]
	GetHandleVerifier [0x0152558C+3271948]
	GetHandleVerifier [0x012A7360+658144]
	(No symbol) [0x0119B27D]
	(No symbol) [0x01032F10]
	(No symbol) [0x01032ACA]
	GetHandleVerifier [0x0159E9AC+3768620]
	BaseThreadInitThunk [0x768CFCC9+25]
	RtlGetAppContainerNamedObjectPath [0x779780CE+286]
	RtlGetAppContainerNamedObjectPath [0x7797809E+238]

2025-03=29 14:1644 ERROR Element ('id', 'login') not found
2025-03=29 14:1644 INFO Send Test123$ to element Поле 'Пароль'
2025-03=29 14:1644 ERROR Exception while finding element ('id', 'password')
Traceback (most recent call last):
  File "C:\Users\KIND\rospotrebnadzorTest\base\BaseApp.py", line 16, in find_element
    element = WebDriverWait(self.driver, time).until(
  File "C:\Users\KIND\rospotrebnadzorTest\.venv\lib\site-packages\selenium\webdriver\support\wait.py", line 96, in until
    value = method(self._driver)
  File "C:\Users\KIND\rospotrebnadzorTest\.venv\lib\site-packages\selenium\webdriver\support\expected_conditions.py", line 156, in _predicate
    return _element_if_visible(driver.find_element(*locator))
  File "C:\Users\KIND\rospotrebnadzorTest\.venv\lib\site-packages\selenium\webdriver\remote\webdriver.py", line 770, in find_element
    return self.execute(Command.FIND_ELEMENT, {"using": by, "value": value})["value"]
  File "C:\Users\KIND\rospotrebnadzorTest\.venv\lib\site-packages\selenium\webdriver\remote\webdriver.py", line 384, in execute
    self.error_handler.check_response(response)
  File "C:\Users\KIND\rospotrebnadzorTest\.venv\lib\site-packages\selenium\webdriver\remote\errorhandler.py", line 232, in check_response
    raise exception_class(message, screen, stacktrace)
selenium.common.exceptions.InvalidSessionIdException: Message: invalid session id
Stacktrace:
	GetHandleVerifier [0x0120C7F3+24435]
	(No symbol) [0x01192074]
	(No symbol) [0x0106055E]
	(No symbol) [0x0109B9D8]
	(No symbol) [0x010CD676]
	(No symbol) [0x010C904C]
	(No symbol) [0x010C85C6]
	(No symbol) [0x01033245]
	(No symbol) [0x0103379E]
	(No symbol) [0x01033C1D]
	GetHandleVerifier [0x015170A3+3213347]
	GetHandleVerifier [0x0152B0C9+3295305]
	GetHandleVerifier [0x0152558C+3271948]
	GetHandleVerifier [0x012A7360+658144]
	(No symbol) [0x0119B27D]
	(No symbol) [0x01032F10]
	(No symbol) [0x01032ACA]
	GetHandleVerifier [0x0159E9AC+3768620]
	BaseThreadInitThunk [0x768CFCC9+25]
	RtlGetAppContainerNamedObjectPath [0x779780CE+286]
	RtlGetAppContainerNamedObjectPath [0x7797809E+238]

2025-03=29 14:1644 ERROR Element ('id', 'password') not found
2025-03=29 14:1644 ERROR Exception while finding element ('id', 'submit-button')
Traceback (most recent call last):
  File "C:\Users\KIND\rospotrebnadzorTest\base\BaseApp.py", line 16, in find_element
    element = WebDriverWait(self.driver, time).until(
  File "C:\Users\KIND\rospotrebnadzorTest\.venv\lib\site-packages\selenium\webdriver\support\wait.py", line 96, in until
    value = method(self._driver)
  File "C:\Users\KIND\rospotrebnadzorTest\.venv\lib\site-packages\selenium\webdriver\support\expected_conditions.py", line 363, in _predicate
    target = driver.find_element(*target)  # grab element at locator
  File "C:\Users\KIND\rospotrebnadzorTest\.venv\lib\site-packages\selenium\webdriver\remote\webdriver.py", line 770, in find_element
    return self.execute(Command.FIND_ELEMENT, {"using": by, "value": value})["value"]
  File "C:\Users\KIND\rospotrebnadzorTest\.venv\lib\site-packages\selenium\webdriver\remote\webdriver.py", line 384, in execute
    self.error_handler.check_response(response)
  File "C:\Users\KIND\rospotrebnadzorTest\.venv\lib\site-packages\selenium\webdriver\remote\errorhandler.py", line 232, in check_response
    raise exception_class(message, screen, stacktrace)
selenium.common.exceptions.InvalidSessionIdException: Message: invalid session id
Stacktrace:
	GetHandleVerifier [0x0120C7F3+24435]
	(No symbol) [0x01192074]
	(No symbol) [0x0106055E]
	(No symbol) [0x0109B9D8]
	(No symbol) [0x010CD676]
	(No symbol) [0x010C904C]
	(No symbol) [0x010C85C6]
	(No symbol) [0x01033245]
	(No symbol) [0x0103379E]
	(No symbol) [0x01033C1D]
	GetHandleVerifier [0x015170A3+3213347]
	GetHandleVerifier [0x0152B0C9+3295305]
	GetHandleVerifier [0x0152558C+3271948]
	GetHandleVerifier [0x012A7360+658144]
	(No symbol) [0x0119B27D]
	(No symbol) [0x01032F10]
	(No symbol) [0x01032ACA]
	GetHandleVerifier [0x0159E9AC+3768620]
	BaseThreadInitThunk [0x768CFCC9+25]
	RtlGetAppContainerNamedObjectPath [0x779780CE+286]
	RtlGetAppContainerNamedObjectPath [0x7797809E+238]

2025-03=29 14:1644 ERROR Button Кнопка 'Войти' not found or not clickable
2025-03=29 14:1644 ERROR Exception while finding element ('xpath', '//div[@class="heading"]/child::h2')
Traceback (most recent call last):
  File "C:\Users\KIND\rospotrebnadzorTest\base\BaseApp.py", line 16, in find_element
    element = WebDriverWait(self.driver, time).until(
  File "C:\Users\KIND\rospotrebnadzorTest\.venv\lib\site-packages\selenium\webdriver\support\wait.py", line 96, in until
    value = method(self._driver)
  File "C:\Users\KIND\rospotrebnadzorTest\.venv\lib\site-packages\selenium\webdriver\support\expected_conditions.py", line 156, in _predicate
    return _element_if_visible(driver.find_element(*locator))
  File "C:\Users\KIND\rospotrebnadzorTest\.venv\lib\site-packages\selenium\webdriver\remote\webdriver.py", line 770, in find_element
    return self.execute(Command.FIND_ELEMENT, {"using": by, "value": value})["value"]
  File "C:\Users\KIND\rospotrebnadzorTest\.venv\lib\site-packages\selenium\webdriver\remote\webdriver.py", line 384, in execute
    self.error_handler.check_response(response)
  File "C:\Users\KIND\rospotrebnadzorTest\.venv\lib\site-packages\selenium\webdriver\remote\errorhandler.py", line 232, in check_response
    raise exception_class(message, screen, stacktrace)
selenium.common.exceptions.InvalidSessionIdException: Message: invalid session id
Stacktrace:
	GetHandleVerifier [0x0120C7F3+24435]
	(No symbol) [0x01192074]
	(No symbol) [0x0106055E]
	(No symbol) [0x0109B9D8]
	(No symbol) [0x010CD676]
	(No symbol) [0x010C904C]
	(No symbol) [0x010C85C6]
	(No symbol) [0x01033245]
	(No symbol) [0x0103379E]
	(No symbol) [0x01033C1D]
	GetHandleVerifier [0x015170A3+3213347]
	GetHandleVerifier [0x0152B0C9+3295305]
	GetHandleVerifier [0x0152558C+3271948]
	GetHandleVerifier [0x012A7360+658144]
	(No symbol) [0x0119B27D]
	(No symbol) [0x01032F10]
	(No symbol) [0x01032ACA]
	GetHandleVerifier [0x0159E9AC+3768620]
	BaseThreadInitThunk [0x768CFCC9+25]
	RtlGetAppContainerNamedObjectPath [0x779780CE+286]
	RtlGetAppContainerNamedObjectPath [0x7797809E+238]

2025-03=29 14:1644 INFO Пользователь ввел логин и пароль. Нажал кнопку входа
2025-03=29 14:1644 INFO Запустили тест проверки фильтрации на региональном уровне
2025-03=29 14:1644 ERROR Exception while finding element ('id', 'level')
Traceback (most recent call last):
  File "C:\Users\KIND\rospotrebnadzorTest\base\BaseApp.py", line 16, in find_element
    element = WebDriverWait(self.driver, time).until(
  File "C:\Users\KIND\rospotrebnadzorTest\.venv\lib\site-packages\selenium\webdriver\support\wait.py", line 96, in until
    value = method(self._driver)
  File "C:\Users\KIND\rospotrebnadzorTest\.venv\lib\site-packages\selenium\webdriver\support\expected_conditions.py", line 363, in _predicate
    target = driver.find_element(*target)  # grab element at locator
  File "C:\Users\KIND\rospotrebnadzorTest\.venv\lib\site-packages\selenium\webdriver\remote\webdriver.py", line 770, in find_element
    return self.execute(Command.FIND_ELEMENT, {"using": by, "value": value})["value"]
  File "C:\Users\KIND\rospotrebnadzorTest\.venv\lib\site-packages\selenium\webdriver\remote\webdriver.py", line 384, in execute
    self.error_handler.check_response(response)
  File "C:\Users\KIND\rospotrebnadzorTest\.venv\lib\site-packages\selenium\webdriver\remote\errorhandler.py", line 232, in check_response
    raise exception_class(message, screen, stacktrace)
selenium.common.exceptions.InvalidSessionIdException: Message: invalid session id
Stacktrace:
	GetHandleVerifier [0x0120C7F3+24435]
	(No symbol) [0x01192074]
	(No symbol) [0x0106055E]
	(No symbol) [0x0109B9D8]
	(No symbol) [0x010CD676]
	(No symbol) [0x010C904C]
	(No symbol) [0x010C85C6]
	(No symbol) [0x01033245]
	(No symbol) [0x0103379E]
	(No symbol) [0x01033C1D]
	GetHandleVerifier [0x015170A3+3213347]
	GetHandleVerifier [0x0152B0C9+3295305]
	GetHandleVerifier [0x0152558C+3271948]
	GetHandleVerifier [0x012A7360+658144]
	(No symbol) [0x0119B27D]
	(No symbol) [0x01032F10]
	(No symbol) [0x01032ACA]
	GetHandleVerifier [0x0159E9AC+3768620]
	BaseThreadInitThunk [0x768CFCC9+25]
	RtlGetAppContainerNamedObjectPath [0x779780CE+286]
	RtlGetAppContainerNamedObjectPath [0x7797809E+238]

2025-03=29 14:1644 ERROR Button Выпадающий список уровней видимости not found or not clickable
2025-03=29 14:1644 ERROR Exception while finding element ('id', 'formLevel_regional')
Traceback (most recent call last):
  File "C:\Users\KIND\rospotrebnadzorTest\base\BaseApp.py", line 16, in find_element
    element = WebDriverWait(self.driver, time).until(
  File "C:\Users\KIND\rospotrebnadzorTest\.venv\lib\site-packages\selenium\webdriver\support\wait.py", line 96, in until
    value = method(self._driver)
  File "C:\Users\KIND\rospotrebnadzorTest\.venv\lib\site-packages\selenium\webdriver\support\expected_conditions.py", line 363, in _predicate
    target = driver.find_element(*target)  # grab element at locator
  File "C:\Users\KIND\rospotrebnadzorTest\.venv\lib\site-packages\selenium\webdriver\remote\webdriver.py", line 770, in find_element
    return self.execute(Command.FIND_ELEMENT, {"using": by, "value": value})["value"]
  File "C:\Users\KIND\rospotrebnadzorTest\.venv\lib\site-packages\selenium\webdriver\remote\webdriver.py", line 384, in execute
    self.error_handler.check_response(response)
  File "C:\Users\KIND\rospotrebnadzorTest\.venv\lib\site-packages\selenium\webdriver\remote\errorhandler.py", line 232, in check_response
    raise exception_class(message, screen, stacktrace)
selenium.common.exceptions.InvalidSessionIdException: Message: invalid session id
Stacktrace:
	GetHandleVerifier [0x0120C7F3+24435]
	(No symbol) [0x01192074]
	(No symbol) [0x0106055E]
	(No symbol) [0x0109B9D8]
	(No symbol) [0x010CD676]
	(No symbol) [0x010C904C]
	(No symbol) [0x010C85C6]
	(No symbol) [0x01033245]
	(No symbol) [0x0103379E]
	(No symbol) [0x01033C1D]
	GetHandleVerifier [0x015170A3+3213347]
	GetHandleVerifier [0x0152B0C9+3295305]
	GetHandleVerifier [0x0152558C+3271948]
	GetHandleVerifier [0x012A7360+658144]
	(No symbol) [0x0119B27D]
	(No symbol) [0x01032F10]
	(No symbol) [0x01032ACA]
	GetHandleVerifier [0x0159E9AC+3768620]
	BaseThreadInitThunk [0x768CFCC9+25]
	RtlGetAppContainerNamedObjectPath [0x779780CE+286]
	RtlGetAppContainerNamedObjectPath [0x7797809E+238]

2025-03=29 14:1644 ERROR Button Выбор уровня 'Региональный' not found or not clickable
2025-03=29 14:1644 ERROR Exception while finding element ('xpath', '//th[@ng-reflect-nz-column-key = "region"]')
Traceback (most recent call last):
  File "C:\Users\KIND\rospotrebnadzorTest\base\BaseApp.py", line 16, in find_element
    element = WebDriverWait(self.driver, time).until(
  File "C:\Users\KIND\rospotrebnadzorTest\.venv\lib\site-packages\selenium\webdriver\support\wait.py", line 96, in until
    value = method(self._driver)
  File "C:\Users\KIND\rospotrebnadzorTest\.venv\lib\site-packages\selenium\webdriver\support\expected_conditions.py", line 156, in _predicate
    return _element_if_visible(driver.find_element(*locator))
  File "C:\Users\KIND\rospotrebnadzorTest\.venv\lib\site-packages\selenium\webdriver\remote\webdriver.py", line 770, in find_element
    return self.execute(Command.FIND_ELEMENT, {"using": by, "value": value})["value"]
  File "C:\Users\KIND\rospotrebnadzorTest\.venv\lib\site-packages\selenium\webdriver\remote\webdriver.py", line 384, in execute
    self.error_handler.check_response(response)
  File "C:\Users\KIND\rospotrebnadzorTest\.venv\lib\site-packages\selenium\webdriver\remote\errorhandler.py", line 232, in check_response
    raise exception_class(message, screen, stacktrace)
selenium.common.exceptions.InvalidSessionIdException: Message: invalid session id
Stacktrace:
	GetHandleVerifier [0x0120C7F3+24435]
	(No symbol) [0x01192074]
	(No symbol) [0x0106055E]
	(No symbol) [0x0109B9D8]
	(No symbol) [0x010CD676]
	(No symbol) [0x010C904C]
	(No symbol) [0x010C85C6]
	(No symbol) [0x01033245]
	(No symbol) [0x0103379E]
	(No symbol) [0x01033C1D]
	GetHandleVerifier [0x015170A3+3213347]
	GetHandleVerifier [0x0152B0C9+3295305]
	GetHandleVerifier [0x0152558C+3271948]
	GetHandleVerifier [0x012A7360+658144]
	(No symbol) [0x0119B27D]
	(No symbol) [0x01032F10]
	(No symbol) [0x01032ACA]
	GetHandleVerifier [0x0159E9AC+3768620]
	BaseThreadInitThunk [0x768CFCC9+25]
	RtlGetAppContainerNamedObjectPath [0x779780CE+286]
	RtlGetAppContainerNamedObjectPath [0x7797809E+238]

2025-03=29 14:1646 ERROR Exception while finding element ('xpath', '(//nz-select//input[contains(@class, "ant-select-selection-search-input")])[1]')
Traceback (most recent call last):
  File "C:\Users\KIND\rospotrebnadzorTest\base\BaseApp.py", line 16, in find_element
    element = WebDriverWait(self.driver, time).until(
  File "C:\Users\KIND\rospotrebnadzorTest\.venv\lib\site-packages\selenium\webdriver\support\wait.py", line 96, in until
    value = method(self._driver)
  File "C:\Users\KIND\rospotrebnadzorTest\.venv\lib\site-packages\selenium\webdriver\support\expected_conditions.py", line 363, in _predicate
    target = driver.find_element(*target)  # grab element at locator
  File "C:\Users\KIND\rospotrebnadzorTest\.venv\lib\site-packages\selenium\webdriver\remote\webdriver.py", line 770, in find_element
    return self.execute(Command.FIND_ELEMENT, {"using": by, "value": value})["value"]
  File "C:\Users\KIND\rospotrebnadzorTest\.venv\lib\site-packages\selenium\webdriver\remote\webdriver.py", line 384, in execute
    self.error_handler.check_response(response)
  File "C:\Users\KIND\rospotrebnadzorTest\.venv\lib\site-packages\selenium\webdriver\remote\errorhandler.py", line 232, in check_response
    raise exception_class(message, screen, stacktrace)
selenium.common.exceptions.InvalidSessionIdException: Message: invalid session id
Stacktrace:
	GetHandleVerifier [0x0120C7F3+24435]
	(No symbol) [0x01192074]
	(No symbol) [0x0106055E]
	(No symbol) [0x0109B9D8]
	(No symbol) [0x010CD676]
	(No symbol) [0x010C904C]
	(No symbol) [0x010C85C6]
	(No symbol) [0x01033245]
	(No symbol) [0x0103379E]
	(No symbol) [0x01033C1D]
	GetHandleVerifier [0x015170A3+3213347]
	GetHandleVerifier [0x0152B0C9+3295305]
	GetHandleVerifier [0x0152558C+3271948]
	GetHandleVerifier [0x012A7360+658144]
	(No symbol) [0x0119B27D]
	(No symbol) [0x01032F10]
	(No symbol) [0x01032ACA]
	GetHandleVerifier [0x0159E9AC+3768620]
	BaseThreadInitThunk [0x768CFCC9+25]
	RtlGetAppContainerNamedObjectPath [0x779780CE+286]
	RtlGetAppContainerNamedObjectPath [0x7797809E+238]

2025-03=29 14:1646 ERROR Button Территория (выпадающий список) not found or not clickable
2025-03=29 14:1646 ERROR Exception while finding element ('xpath', '//nz-option-item[@title="РФ"]')
Traceback (most recent call last):
  File "C:\Users\KIND\rospotrebnadzorTest\base\BaseApp.py", line 16, in find_element
    element = WebDriverWait(self.driver, time).until(
  File "C:\Users\KIND\rospotrebnadzorTest\.venv\lib\site-packages\selenium\webdriver\support\wait.py", line 96, in until
    value = method(self._driver)
  File "C:\Users\KIND\rospotrebnadzorTest\.venv\lib\site-packages\selenium\webdriver\support\expected_conditions.py", line 363, in _predicate
    target = driver.find_element(*target)  # grab element at locator
  File "C:\Users\KIND\rospotrebnadzorTest\.venv\lib\site-packages\selenium\webdriver\remote\webdriver.py", line 770, in find_element
    return self.execute(Command.FIND_ELEMENT, {"using": by, "value": value})["value"]
  File "C:\Users\KIND\rospotrebnadzorTest\.venv\lib\site-packages\selenium\webdriver\remote\webdriver.py", line 384, in execute
    self.error_handler.check_response(response)
  File "C:\Users\KIND\rospotrebnadzorTest\.venv\lib\site-packages\selenium\webdriver\remote\errorhandler.py", line 232, in check_response
    raise exception_class(message, screen, stacktrace)
selenium.common.exceptions.InvalidSessionIdException: Message: invalid session id
Stacktrace:
	GetHandleVerifier [0x0120C7F3+24435]
	(No symbol) [0x01192074]
	(No symbol) [0x0106055E]
	(No symbol) [0x0109B9D8]
	(No symbol) [0x010CD676]
	(No symbol) [0x010C904C]
	(No symbol) [0x010C85C6]
	(No symbol) [0x01033245]
	(No symbol) [0x0103379E]
	(No symbol) [0x01033C1D]
	GetHandleVerifier [0x015170A3+3213347]
	GetHandleVerifier [0x0152B0C9+3295305]
	GetHandleVerifier [0x0152558C+3271948]
	GetHandleVerifier [0x012A7360+658144]
	(No symbol) [0x0119B27D]
	(No symbol) [0x01032F10]
	(No symbol) [0x01032ACA]
	GetHandleVerifier [0x0159E9AC+3768620]
	BaseThreadInitThunk [0x768CFCC9+25]
	RtlGetAppContainerNamedObjectPath [0x779780CE+286]
	RtlGetAppContainerNamedObjectPath [0x7797809E+238]

2025-03=29 14:1646 ERROR Button РФ из выпадающего списка not found or not clickable
2025-03=29 14:1648 ERROR Exception while finding element ('xpath', '(//nz-select//input[contains(@class, "ant-select-selection-search-input")])[2]')
Traceback (most recent call last):
  File "C:\Users\KIND\rospotrebnadzorTest\base\BaseApp.py", line 16, in find_element
    element = WebDriverWait(self.driver, time).until(
  File "C:\Users\KIND\rospotrebnadzorTest\.venv\lib\site-packages\selenium\webdriver\support\wait.py", line 96, in until
    value = method(self._driver)
  File "C:\Users\KIND\rospotrebnadzorTest\.venv\lib\site-packages\selenium\webdriver\support\expected_conditions.py", line 363, in _predicate
    target = driver.find_element(*target)  # grab element at locator
  File "C:\Users\KIND\rospotrebnadzorTest\.venv\lib\site-packages\selenium\webdriver\remote\webdriver.py", line 770, in find_element
    return self.execute(Command.FIND_ELEMENT, {"using": by, "value": value})["value"]
  File "C:\Users\KIND\rospotrebnadzorTest\.venv\lib\site-packages\selenium\webdriver\remote\webdriver.py", line 384, in execute
    self.error_handler.check_response(response)
  File "C:\Users\KIND\rospotrebnadzorTest\.venv\lib\site-packages\selenium\webdriver\remote\errorhandler.py", line 232, in check_response
    raise exception_class(message, screen, stacktrace)
selenium.common.exceptions.InvalidSessionIdException: Message: invalid session id
Stacktrace:
	GetHandleVerifier [0x0120C7F3+24435]
	(No symbol) [0x01192074]
	(No symbol) [0x0106055E]
	(No symbol) [0x0109B9D8]
	(No symbol) [0x010CD676]
	(No symbol) [0x010C904C]
	(No symbol) [0x010C85C6]
	(No symbol) [0x01033245]
	(No symbol) [0x0103379E]
	(No symbol) [0x01033C1D]
	GetHandleVerifier [0x015170A3+3213347]
	GetHandleVerifier [0x0152B0C9+3295305]
	GetHandleVerifier [0x0152558C+3271948]
	GetHandleVerifier [0x012A7360+658144]
	(No symbol) [0x0119B27D]
	(No symbol) [0x01032F10]
	(No symbol) [0x01032ACA]
	GetHandleVerifier [0x0159E9AC+3768620]
	BaseThreadInitThunk [0x768CFCC9+25]
	RtlGetAppContainerNamedObjectPath [0x779780CE+286]
	RtlGetAppContainerNamedObjectPath [0x7797809E+238]

2025-03=29 14:1648 ERROR Button Регион (выпадающий список) not found or not clickable
2025-03=29 14:1649 ERROR Exception while finding element ('xpath', '//nz-option-item[@title="г. Москва"]')
Traceback (most recent call last):
  File "C:\Users\KIND\rospotrebnadzorTest\base\BaseApp.py", line 16, in find_element
    element = WebDriverWait(self.driver, time).until(
  File "C:\Users\KIND\rospotrebnadzorTest\.venv\lib\site-packages\selenium\webdriver\support\wait.py", line 96, in until
    value = method(self._driver)
  File "C:\Users\KIND\rospotrebnadzorTest\.venv\lib\site-packages\selenium\webdriver\support\expected_conditions.py", line 363, in _predicate
    target = driver.find_element(*target)  # grab element at locator
  File "C:\Users\KIND\rospotrebnadzorTest\.venv\lib\site-packages\selenium\webdriver\remote\webdriver.py", line 770, in find_element
    return self.execute(Command.FIND_ELEMENT, {"using": by, "value": value})["value"]
  File "C:\Users\KIND\rospotrebnadzorTest\.venv\lib\site-packages\selenium\webdriver\remote\webdriver.py", line 384, in execute
    self.error_handler.check_response(response)
  File "C:\Users\KIND\rospotrebnadzorTest\.venv\lib\site-packages\selenium\webdriver\remote\errorhandler.py", line 232, in check_response
    raise exception_class(message, screen, stacktrace)
selenium.common.exceptions.InvalidSessionIdException: Message: invalid session id
Stacktrace:
	GetHandleVerifier [0x0120C7F3+24435]
	(No symbol) [0x01192074]
	(No symbol) [0x0106055E]
	(No symbol) [0x0109B9D8]
	(No symbol) [0x010CD676]
	(No symbol) [0x010C904C]
	(No symbol) [0x010C85C6]
	(No symbol) [0x01033245]
	(No symbol) [0x0103379E]
	(No symbol) [0x01033C1D]
	GetHandleVerifier [0x015170A3+3213347]
	GetHandleVerifier [0x0152B0C9+3295305]
	GetHandleVerifier [0x0152558C+3271948]
	GetHandleVerifier [0x012A7360+658144]
	(No symbol) [0x0119B27D]
	(No symbol) [0x01032F10]
	(No symbol) [0x01032ACA]
	GetHandleVerifier [0x0159E9AC+3768620]
	BaseThreadInitThunk [0x768CFCC9+25]
	RtlGetAppContainerNamedObjectPath [0x779780CE+286]
	RtlGetAppContainerNamedObjectPath [0x7797809E+238]

2025-03=29 14:1649 ERROR Button Москва из выпадающего списка not found or not clickable
2025-03=29 14:1651 ERROR Exception while finding element ('xpath', '(//a[@class = "invisible_link" and contains(text(), "г. Москва")])[1]')
Traceback (most recent call last):
  File "C:\Users\KIND\rospotrebnadzorTest\base\BaseApp.py", line 16, in find_element
    element = WebDriverWait(self.driver, time).until(
  File "C:\Users\KIND\rospotrebnadzorTest\.venv\lib\site-packages\selenium\webdriver\support\wait.py", line 96, in until
    value = method(self._driver)
  File "C:\Users\KIND\rospotrebnadzorTest\.venv\lib\site-packages\selenium\webdriver\support\expected_conditions.py", line 156, in _predicate
    return _element_if_visible(driver.find_element(*locator))
  File "C:\Users\KIND\rospotrebnadzorTest\.venv\lib\site-packages\selenium\webdriver\remote\webdriver.py", line 770, in find_element
    return self.execute(Command.FIND_ELEMENT, {"using": by, "value": value})["value"]
  File "C:\Users\KIND\rospotrebnadzorTest\.venv\lib\site-packages\selenium\webdriver\remote\webdriver.py", line 384, in execute
    self.error_handler.check_response(response)
  File "C:\Users\KIND\rospotrebnadzorTest\.venv\lib\site-packages\selenium\webdriver\remote\errorhandler.py", line 232, in check_response
    raise exception_class(message, screen, stacktrace)
selenium.common.exceptions.InvalidSessionIdException: Message: invalid session id
Stacktrace:
	GetHandleVerifier [0x0120C7F3+24435]
	(No symbol) [0x01192074]
	(No symbol) [0x0106055E]
	(No symbol) [0x0109B9D8]
	(No symbol) [0x010CD676]
	(No symbol) [0x010C904C]
	(No symbol) [0x010C85C6]
	(No symbol) [0x01033245]
	(No symbol) [0x0103379E]
	(No symbol) [0x01033C1D]
	GetHandleVerifier [0x015170A3+3213347]
	GetHandleVerifier [0x0152B0C9+3295305]
	GetHandleVerifier [0x0152558C+3271948]
	GetHandleVerifier [0x012A7360+658144]
	(No symbol) [0x0119B27D]
	(No symbol) [0x01032F10]
	(No symbol) [0x01032ACA]
	GetHandleVerifier [0x0159E9AC+3768620]
	BaseThreadInitThunk [0x768CFCC9+25]
	RtlGetAppContainerNamedObjectPath [0x779780CE+286]
	RtlGetAppContainerNamedObjectPath [0x7797809E+238]

2025-03=29 14:1651 ERROR Exception while finding element ('xpath', '//label[contains(text(), "Состояние")]/following-sibling::*')
Traceback (most recent call last):
  File "C:\Users\KIND\rospotrebnadzorTest\base\BaseApp.py", line 16, in find_element
    element = WebDriverWait(self.driver, time).until(
  File "C:\Users\KIND\rospotrebnadzorTest\.venv\lib\site-packages\selenium\webdriver\support\wait.py", line 96, in until
    value = method(self._driver)
  File "C:\Users\KIND\rospotrebnadzorTest\.venv\lib\site-packages\selenium\webdriver\support\expected_conditions.py", line 363, in _predicate
    target = driver.find_element(*target)  # grab element at locator
  File "C:\Users\KIND\rospotrebnadzorTest\.venv\lib\site-packages\selenium\webdriver\remote\webdriver.py", line 770, in find_element
    return self.execute(Command.FIND_ELEMENT, {"using": by, "value": value})["value"]
  File "C:\Users\KIND\rospotrebnadzorTest\.venv\lib\site-packages\selenium\webdriver\remote\webdriver.py", line 384, in execute
    self.error_handler.check_response(response)
  File "C:\Users\KIND\rospotrebnadzorTest\.venv\lib\site-packages\selenium\webdriver\remote\errorhandler.py", line 232, in check_response
    raise exception_class(message, screen, stacktrace)
selenium.common.exceptions.InvalidSessionIdException: Message: invalid session id
Stacktrace:
	GetHandleVerifier [0x0120C7F3+24435]
	(No symbol) [0x01192074]
	(No symbol) [0x0106055E]
	(No symbol) [0x0109B9D8]
	(No symbol) [0x010CD676]
	(No symbol) [0x010C904C]
	(No symbol) [0x010C85C6]
	(No symbol) [0x01033245]
	(No symbol) [0x0103379E]
	(No symbol) [0x01033C1D]
	GetHandleVerifier [0x015170A3+3213347]
	GetHandleVerifier [0x0152B0C9+3295305]
	GetHandleVerifier [0x0152558C+3271948]
	GetHandleVerifier [0x012A7360+658144]
	(No symbol) [0x0119B27D]
	(No symbol) [0x01032F10]
	(No symbol) [0x01032ACA]
	GetHandleVerifier [0x0159E9AC+3768620]
	BaseThreadInitThunk [0x768CFCC9+25]
	RtlGetAppContainerNamedObjectPath [0x779780CE+286]
	RtlGetAppContainerNamedObjectPath [0x7797809E+238]

2025-03=29 14:1651 ERROR Button Поле "Состояние" в реестре отчетов not found or not clickable
2025-03=29 14:1651 ERROR Exception while finding element ('xpath', "//nz-option-item[@ng-reflect-value = 'es_signed']")
Traceback (most recent call last):
  File "C:\Users\KIND\rospotrebnadzorTest\base\BaseApp.py", line 16, in find_element
    element = WebDriverWait(self.driver, time).until(
  File "C:\Users\KIND\rospotrebnadzorTest\.venv\lib\site-packages\selenium\webdriver\support\wait.py", line 96, in until
    value = method(self._driver)
  File "C:\Users\KIND\rospotrebnadzorTest\.venv\lib\site-packages\selenium\webdriver\support\expected_conditions.py", line 363, in _predicate
    target = driver.find_element(*target)  # grab element at locator
  File "C:\Users\KIND\rospotrebnadzorTest\.venv\lib\site-packages\selenium\webdriver\remote\webdriver.py", line 770, in find_element
    return self.execute(Command.FIND_ELEMENT, {"using": by, "value": value})["value"]
  File "C:\Users\KIND\rospotrebnadzorTest\.venv\lib\site-packages\selenium\webdriver\remote\webdriver.py", line 384, in execute
    self.error_handler.check_response(response)
  File "C:\Users\KIND\rospotrebnadzorTest\.venv\lib\site-packages\selenium\webdriver\remote\errorhandler.py", line 232, in check_response
    raise exception_class(message, screen, stacktrace)
selenium.common.exceptions.InvalidSessionIdException: Message: invalid session id
Stacktrace:
	GetHandleVerifier [0x0120C7F3+24435]
	(No symbol) [0x01192074]
	(No symbol) [0x0106055E]
	(No symbol) [0x0109B9D8]
	(No symbol) [0x010CD676]
	(No symbol) [0x010C904C]
	(No symbol) [0x010C85C6]
	(No symbol) [0x01033245]
	(No symbol) [0x0103379E]
	(No symbol) [0x01033C1D]
	GetHandleVerifier [0x015170A3+3213347]
	GetHandleVerifier [0x0152B0C9+3295305]
	GetHandleVerifier [0x0152558C+3271948]
	GetHandleVerifier [0x012A7360+658144]
	(No symbol) [0x0119B27D]
	(No symbol) [0x01032F10]
	(No symbol) [0x01032ACA]
	GetHandleVerifier [0x0159E9AC+3768620]
	BaseThreadInitThunk [0x768CFCC9+25]
	RtlGetAppContainerNamedObjectPath [0x779780CE+286]
	RtlGetAppContainerNamedObjectPath [0x7797809E+238]

2025-03=29 14:1651 ERROR Button Статус 'Утверждён' not found or not clickable
2025-03=29 14:1651 ERROR Exception while finding element ('xpath', '//label[contains(text(), "Периодичность")]/following-sibling::*')
Traceback (most recent call last):
  File "C:\Users\KIND\rospotrebnadzorTest\base\BaseApp.py", line 16, in find_element
    element = WebDriverWait(self.driver, time).until(
  File "C:\Users\KIND\rospotrebnadzorTest\.venv\lib\site-packages\selenium\webdriver\support\wait.py", line 96, in until
    value = method(self._driver)
  File "C:\Users\KIND\rospotrebnadzorTest\.venv\lib\site-packages\selenium\webdriver\support\expected_conditions.py", line 363, in _predicate
    target = driver.find_element(*target)  # grab element at locator
  File "C:\Users\KIND\rospotrebnadzorTest\.venv\lib\site-packages\selenium\webdriver\remote\webdriver.py", line 770, in find_element
    return self.execute(Command.FIND_ELEMENT, {"using": by, "value": value})["value"]
  File "C:\Users\KIND\rospotrebnadzorTest\.venv\lib\site-packages\selenium\webdriver\remote\webdriver.py", line 384, in execute
    self.error_handler.check_response(response)
  File "C:\Users\KIND\rospotrebnadzorTest\.venv\lib\site-packages\selenium\webdriver\remote\errorhandler.py", line 232, in check_response
    raise exception_class(message, screen, stacktrace)
selenium.common.exceptions.InvalidSessionIdException: Message: invalid session id
Stacktrace:
	GetHandleVerifier [0x0120C7F3+24435]
	(No symbol) [0x01192074]
	(No symbol) [0x0106055E]
	(No symbol) [0x0109B9D8]
	(No symbol) [0x010CD676]
	(No symbol) [0x010C904C]
	(No symbol) [0x010C85C6]
	(No symbol) [0x01033245]
	(No symbol) [0x0103379E]
	(No symbol) [0x01033C1D]
	GetHandleVerifier [0x015170A3+3213347]
	GetHandleVerifier [0x0152B0C9+3295305]
	GetHandleVerifier [0x0152558C+3271948]
	GetHandleVerifier [0x012A7360+658144]
	(No symbol) [0x0119B27D]
	(No symbol) [0x01032F10]
	(No symbol) [0x01032ACA]
	GetHandleVerifier [0x0159E9AC+3768620]
	BaseThreadInitThunk [0x768CFCC9+25]
	RtlGetAppContainerNamedObjectPath [0x779780CE+286]
	RtlGetAppContainerNamedObjectPath [0x7797809E+238]

2025-03=29 14:1651 ERROR Button Поле "Периодичность" в реестре отчетов not found or not clickable
2025-03=29 14:1651 ERROR Exception while finding element ('xpath', '//nz-option-item[@ng-reflect-value = "quarterly"]')
Traceback (most recent call last):
  File "C:\Users\KIND\rospotrebnadzorTest\base\BaseApp.py", line 16, in find_element
    element = WebDriverWait(self.driver, time).until(
  File "C:\Users\KIND\rospotrebnadzorTest\.venv\lib\site-packages\selenium\webdriver\support\wait.py", line 96, in until
    value = method(self._driver)
  File "C:\Users\KIND\rospotrebnadzorTest\.venv\lib\site-packages\selenium\webdriver\support\expected_conditions.py", line 363, in _predicate
    target = driver.find_element(*target)  # grab element at locator
  File "C:\Users\KIND\rospotrebnadzorTest\.venv\lib\site-packages\selenium\webdriver\remote\webdriver.py", line 770, in find_element
    return self.execute(Command.FIND_ELEMENT, {"using": by, "value": value})["value"]
  File "C:\Users\KIND\rospotrebnadzorTest\.venv\lib\site-packages\selenium\webdriver\remote\webdriver.py", line 384, in execute
    self.error_handler.check_response(response)
  File "C:\Users\KIND\rospotrebnadzorTest\.venv\lib\site-packages\selenium\webdriver\remote\errorhandler.py", line 232, in check_response
    raise exception_class(message, screen, stacktrace)
selenium.common.exceptions.InvalidSessionIdException: Message: invalid session id
Stacktrace:
	GetHandleVerifier [0x0120C7F3+24435]
	(No symbol) [0x01192074]
	(No symbol) [0x0106055E]
	(No symbol) [0x0109B9D8]
	(No symbol) [0x010CD676]
	(No symbol) [0x010C904C]
	(No symbol) [0x010C85C6]
	(No symbol) [0x01033245]
	(No symbol) [0x0103379E]
	(No symbol) [0x01033C1D]
	GetHandleVerifier [0x015170A3+3213347]
	GetHandleVerifier [0x0152B0C9+3295305]
	GetHandleVerifier [0x0152558C+3271948]
	GetHandleVerifier [0x012A7360+658144]
	(No symbol) [0x0119B27D]
	(No symbol) [0x01032F10]
	(No symbol) [0x01032ACA]
	GetHandleVerifier [0x0159E9AC+3768620]
	BaseThreadInitThunk [0x768CFCC9+25]
	RtlGetAppContainerNamedObjectPath [0x779780CE+286]
	RtlGetAppContainerNamedObjectPath [0x7797809E+238]

2025-03=29 14:1651 ERROR Button Периодичность 'Квартальная' not found or not clickable
2025-03=29 14:1653 ERROR Exception while finding element ('xpath', "//input[@placeholder = 'Начальная дата']")
Traceback (most recent call last):
  File "C:\Users\KIND\rospotrebnadzorTest\base\BaseApp.py", line 16, in find_element
    element = WebDriverWait(self.driver, time).until(
  File "C:\Users\KIND\rospotrebnadzorTest\.venv\lib\site-packages\selenium\webdriver\support\wait.py", line 96, in until
    value = method(self._driver)
  File "C:\Users\KIND\rospotrebnadzorTest\.venv\lib\site-packages\selenium\webdriver\support\expected_conditions.py", line 363, in _predicate
    target = driver.find_element(*target)  # grab element at locator
  File "C:\Users\KIND\rospotrebnadzorTest\.venv\lib\site-packages\selenium\webdriver\remote\webdriver.py", line 770, in find_element
    return self.execute(Command.FIND_ELEMENT, {"using": by, "value": value})["value"]
  File "C:\Users\KIND\rospotrebnadzorTest\.venv\lib\site-packages\selenium\webdriver\remote\webdriver.py", line 384, in execute
    self.error_handler.check_response(response)
  File "C:\Users\KIND\rospotrebnadzorTest\.venv\lib\site-packages\selenium\webdriver\remote\errorhandler.py", line 232, in check_response
    raise exception_class(message, screen, stacktrace)
selenium.common.exceptions.InvalidSessionIdException: Message: invalid session id
Stacktrace:
	GetHandleVerifier [0x0120C7F3+24435]
	(No symbol) [0x01192074]
	(No symbol) [0x0106055E]
	(No symbol) [0x0109B9D8]
	(No symbol) [0x010CD676]
	(No symbol) [0x010C904C]
	(No symbol) [0x010C85C6]
	(No symbol) [0x01033245]
	(No symbol) [0x0103379E]
	(No symbol) [0x01033C1D]
	GetHandleVerifier [0x015170A3+3213347]
	GetHandleVerifier [0x0152B0C9+3295305]
	GetHandleVerifier [0x0152558C+3271948]
	GetHandleVerifier [0x012A7360+658144]
	(No symbol) [0x0119B27D]
	(No symbol) [0x01032F10]
	(No symbol) [0x01032ACA]
	GetHandleVerifier [0x0159E9AC+3768620]
	BaseThreadInitThunk [0x768CFCC9+25]
	RtlGetAppContainerNamedObjectPath [0x779780CE+286]
	RtlGetAppContainerNamedObjectPath [0x7797809E+238]

2025-03=29 14:1653 ERROR Button Поле "Период" в реестре отчетов-год not found or not clickable
2025-03=29 14:1653 ERROR Exception while finding element ('xpath', "//label[@ng-reflect-nz-value = 'Года']")
Traceback (most recent call last):
  File "C:\Users\KIND\rospotrebnadzorTest\base\BaseApp.py", line 16, in find_element
    element = WebDriverWait(self.driver, time).until(
  File "C:\Users\KIND\rospotrebnadzorTest\.venv\lib\site-packages\selenium\webdriver\support\wait.py", line 96, in until
    value = method(self._driver)
  File "C:\Users\KIND\rospotrebnadzorTest\.venv\lib\site-packages\selenium\webdriver\support\expected_conditions.py", line 363, in _predicate
    target = driver.find_element(*target)  # grab element at locator
  File "C:\Users\KIND\rospotrebnadzorTest\.venv\lib\site-packages\selenium\webdriver\remote\webdriver.py", line 770, in find_element
    return self.execute(Command.FIND_ELEMENT, {"using": by, "value": value})["value"]
  File "C:\Users\KIND\rospotrebnadzorTest\.venv\lib\site-packages\selenium\webdriver\remote\webdriver.py", line 384, in execute
    self.error_handler.check_response(response)
  File "C:\Users\KIND\rospotrebnadzorTest\.venv\lib\site-packages\selenium\webdriver\remote\errorhandler.py", line 232, in check_response
    raise exception_class(message, screen, stacktrace)
selenium.common.exceptions.InvalidSessionIdException: Message: invalid session id
Stacktrace:
	GetHandleVerifier [0x0120C7F3+24435]
	(No symbol) [0x01192074]
	(No symbol) [0x0106055E]
	(No symbol) [0x0109B9D8]
	(No symbol) [0x010CD676]
	(No symbol) [0x010C904C]
	(No symbol) [0x010C85C6]
	(No symbol) [0x01033245]
	(No symbol) [0x0103379E]
	(No symbol) [0x01033C1D]
	GetHandleVerifier [0x015170A3+3213347]
	GetHandleVerifier [0x0152B0C9+3295305]
	GetHandleVerifier [0x0152558C+3271948]
	GetHandleVerifier [0x012A7360+658144]
	(No symbol) [0x0119B27D]
	(No symbol) [0x01032F10]
	(No symbol) [0x01032ACA]
	GetHandleVerifier [0x0159E9AC+3768620]
	BaseThreadInitThunk [0x768CFCC9+25]
	RtlGetAppContainerNamedObjectPath [0x779780CE+286]
	RtlGetAppContainerNamedObjectPath [0x7797809E+238]

2025-03=29 14:1653 ERROR Button Календарь фильтр "Год" not found or not clickable
2025-03=29 14:1653 INFO Send 2054 to element Поле 'Начальный год'
2025-03=29 14:1653 ERROR Exception while finding element ('xpath', "//input[@placeholder = 'Начальный год']")
Traceback (most recent call last):
  File "C:\Users\KIND\rospotrebnadzorTest\base\BaseApp.py", line 16, in find_element
    element = WebDriverWait(self.driver, time).until(
  File "C:\Users\KIND\rospotrebnadzorTest\.venv\lib\site-packages\selenium\webdriver\support\wait.py", line 96, in until
    value = method(self._driver)
  File "C:\Users\KIND\rospotrebnadzorTest\.venv\lib\site-packages\selenium\webdriver\support\expected_conditions.py", line 156, in _predicate
    return _element_if_visible(driver.find_element(*locator))
  File "C:\Users\KIND\rospotrebnadzorTest\.venv\lib\site-packages\selenium\webdriver\remote\webdriver.py", line 770, in find_element
    return self.execute(Command.FIND_ELEMENT, {"using": by, "value": value})["value"]
  File "C:\Users\KIND\rospotrebnadzorTest\.venv\lib\site-packages\selenium\webdriver\remote\webdriver.py", line 384, in execute
    self.error_handler.check_response(response)
  File "C:\Users\KIND\rospotrebnadzorTest\.venv\lib\site-packages\selenium\webdriver\remote\errorhandler.py", line 232, in check_response
    raise exception_class(message, screen, stacktrace)
selenium.common.exceptions.InvalidSessionIdException: Message: invalid session id
Stacktrace:
	GetHandleVerifier [0x0120C7F3+24435]
	(No symbol) [0x01192074]
	(No symbol) [0x0106055E]
	(No symbol) [0x0109B9D8]
	(No symbol) [0x010CD676]
	(No symbol) [0x010C904C]
	(No symbol) [0x010C85C6]
	(No symbol) [0x01033245]
	(No symbol) [0x0103379E]
	(No symbol) [0x01033C1D]
	GetHandleVerifier [0x015170A3+3213347]
	GetHandleVerifier [0x0152B0C9+3295305]
	GetHandleVerifier [0x0152558C+3271948]
	GetHandleVerifier [0x012A7360+658144]
	(No symbol) [0x0119B27D]
	(No symbol) [0x01032F10]
	(No symbol) [0x01032ACA]
	GetHandleVerifier [0x0159E9AC+3768620]
	BaseThreadInitThunk [0x768CFCC9+25]
	RtlGetAppContainerNamedObjectPath [0x779780CE+286]
	RtlGetAppContainerNamedObjectPath [0x7797809E+238]

2025-03=29 14:1653 ERROR Element ('xpath', "//input[@placeholder = 'Начальный год']") not found
2025-03=29 14:1653 INFO Send 2054 to element Поле 'Конечный год'
2025-03=29 14:1653 ERROR Exception while finding element ('xpath', "//input[@placeholder = 'Год окончания']")
Traceback (most recent call last):
  File "C:\Users\KIND\rospotrebnadzorTest\base\BaseApp.py", line 16, in find_element
    element = WebDriverWait(self.driver, time).until(
  File "C:\Users\KIND\rospotrebnadzorTest\.venv\lib\site-packages\selenium\webdriver\support\wait.py", line 96, in until
    value = method(self._driver)
  File "C:\Users\KIND\rospotrebnadzorTest\.venv\lib\site-packages\selenium\webdriver\support\expected_conditions.py", line 156, in _predicate
    return _element_if_visible(driver.find_element(*locator))
  File "C:\Users\KIND\rospotrebnadzorTest\.venv\lib\site-packages\selenium\webdriver\remote\webdriver.py", line 770, in find_element
    return self.execute(Command.FIND_ELEMENT, {"using": by, "value": value})["value"]
  File "C:\Users\KIND\rospotrebnadzorTest\.venv\lib\site-packages\selenium\webdriver\remote\webdriver.py", line 384, in execute
    self.error_handler.check_response(response)
  File "C:\Users\KIND\rospotrebnadzorTest\.venv\lib\site-packages\selenium\webdriver\remote\errorhandler.py", line 232, in check_response
    raise exception_class(message, screen, stacktrace)
selenium.common.exceptions.InvalidSessionIdException: Message: invalid session id
Stacktrace:
	GetHandleVerifier [0x0120C7F3+24435]
	(No symbol) [0x01192074]
	(No symbol) [0x0106055E]
	(No symbol) [0x0109B9D8]
	(No symbol) [0x010CD676]
	(No symbol) [0x010C904C]
	(No symbol) [0x010C85C6]
	(No symbol) [0x01033245]
	(No symbol) [0x0103379E]
	(No symbol) [0x01033C1D]
	GetHandleVerifier [0x015170A3+3213347]
	GetHandleVerifier [0x0152B0C9+3295305]
	GetHandleVerifier [0x0152558C+3271948]
	GetHandleVerifier [0x012A7360+658144]
	(No symbol) [0x0119B27D]
	(No symbol) [0x01032F10]
	(No symbol) [0x01032ACA]
	GetHandleVerifier [0x0159E9AC+3768620]
	BaseThreadInitThunk [0x768CFCC9+25]
	RtlGetAppContainerNamedObjectPath [0x779780CE+286]
	RtlGetAppContainerNamedObjectPath [0x7797809E+238]

2025-03=29 14:1653 ERROR Element ('xpath', "//input[@placeholder = 'Год окончания']") not found
2025-03=29 14:1653 ERROR Exception while finding element ('xpath', '(//a[@class = "invisible_link" and contains(text(), "Утвержден")])[1]')
Traceback (most recent call last):
  File "C:\Users\KIND\rospotrebnadzorTest\base\BaseApp.py", line 16, in find_element
    element = WebDriverWait(self.driver, time).until(
  File "C:\Users\KIND\rospotrebnadzorTest\.venv\lib\site-packages\selenium\webdriver\support\wait.py", line 96, in until
    value = method(self._driver)
  File "C:\Users\KIND\rospotrebnadzorTest\.venv\lib\site-packages\selenium\webdriver\support\expected_conditions.py", line 156, in _predicate
    return _element_if_visible(driver.find_element(*locator))
  File "C:\Users\KIND\rospotrebnadzorTest\.venv\lib\site-packages\selenium\webdriver\remote\webdriver.py", line 770, in find_element
    return self.execute(Command.FIND_ELEMENT, {"using": by, "value": value})["value"]
  File "C:\Users\KIND\rospotrebnadzorTest\.venv\lib\site-packages\selenium\webdriver\remote\webdriver.py", line 384, in execute
    self.error_handler.check_response(response)
  File "C:\Users\KIND\rospotrebnadzorTest\.venv\lib\site-packages\selenium\webdriver\remote\errorhandler.py", line 232, in check_response
    raise exception_class(message, screen, stacktrace)
selenium.common.exceptions.InvalidSessionIdException: Message: invalid session id
Stacktrace:
	GetHandleVerifier [0x0120C7F3+24435]
	(No symbol) [0x01192074]
	(No symbol) [0x0106055E]
	(No symbol) [0x0109B9D8]
	(No symbol) [0x010CD676]
	(No symbol) [0x010C904C]
	(No symbol) [0x010C85C6]
	(No symbol) [0x01033245]
	(No symbol) [0x0103379E]
	(No symbol) [0x01033C1D]
	GetHandleVerifier [0x015170A3+3213347]
	GetHandleVerifier [0x0152B0C9+3295305]
	GetHandleVerifier [0x0152558C+3271948]
	GetHandleVerifier [0x012A7360+658144]
	(No symbol) [0x0119B27D]
	(No symbol) [0x01032F10]
	(No symbol) [0x01032ACA]
	GetHandleVerifier [0x0159E9AC+3768620]
	BaseThreadInitThunk [0x768CFCC9+25]
	RtlGetAppContainerNamedObjectPath [0x779780CE+286]
	RtlGetAppContainerNamedObjectPath [0x7797809E+238]

2025-03=29 14:1653 ERROR Exception while finding element ('xpath', '(//a[@class = "invisible_link" and contains(text(), "2054")])[1]')
Traceback (most recent call last):
  File "C:\Users\KIND\rospotrebnadzorTest\base\BaseApp.py", line 16, in find_element
    element = WebDriverWait(self.driver, time).until(
  File "C:\Users\KIND\rospotrebnadzorTest\.venv\lib\site-packages\selenium\webdriver\support\wait.py", line 96, in until
    value = method(self._driver)
  File "C:\Users\KIND\rospotrebnadzorTest\.venv\lib\site-packages\selenium\webdriver\support\expected_conditions.py", line 156, in _predicate
    return _element_if_visible(driver.find_element(*locator))
  File "C:\Users\KIND\rospotrebnadzorTest\.venv\lib\site-packages\selenium\webdriver\remote\webdriver.py", line 770, in find_element
    return self.execute(Command.FIND_ELEMENT, {"using": by, "value": value})["value"]
  File "C:\Users\KIND\rospotrebnadzorTest\.venv\lib\site-packages\selenium\webdriver\remote\webdriver.py", line 384, in execute
    self.error_handler.check_response(response)
  File "C:\Users\KIND\rospotrebnadzorTest\.venv\lib\site-packages\selenium\webdriver\remote\errorhandler.py", line 232, in check_response
    raise exception_class(message, screen, stacktrace)
selenium.common.exceptions.InvalidSessionIdException: Message: invalid session id
Stacktrace:
	GetHandleVerifier [0x0120C7F3+24435]
	(No symbol) [0x01192074]
	(No symbol) [0x0106055E]
	(No symbol) [0x0109B9D8]
	(No symbol) [0x010CD676]
	(No symbol) [0x010C904C]
	(No symbol) [0x010C85C6]
	(No symbol) [0x01033245]
	(No symbol) [0x0103379E]
	(No symbol) [0x01033C1D]
	GetHandleVerifier [0x015170A3+3213347]
	GetHandleVerifier [0x0152B0C9+3295305]
	GetHandleVerifier [0x0152558C+3271948]
	GetHandleVerifier [0x012A7360+658144]
	(No symbol) [0x0119B27D]
	(No symbol) [0x01032F10]
	(No symbol) [0x01032ACA]
	GetHandleVerifier [0x0159E9AC+3768620]
	BaseThreadInitThunk [0x768CFCC9+25]
	RtlGetAppContainerNamedObjectPath [0x779780CE+286]
	RtlGetAppContainerNamedObjectPath [0x7797809E+238]

2025-03=29 14:1653 INFO Запустили тест проверки фильтрации на федерального уровне
2025-03=29 14:1653 ERROR Exception while finding element ('id', 'level')
Traceback (most recent call last):
  File "C:\Users\KIND\rospotrebnadzorTest\base\BaseApp.py", line 16, in find_element
    element = WebDriverWait(self.driver, time).until(
  File "C:\Users\KIND\rospotrebnadzorTest\.venv\lib\site-packages\selenium\webdriver\support\wait.py", line 96, in until
    value = method(self._driver)
  File "C:\Users\KIND\rospotrebnadzorTest\.venv\lib\site-packages\selenium\webdriver\support\expected_conditions.py", line 363, in _predicate
    target = driver.find_element(*target)  # grab element at locator
  File "C:\Users\KIND\rospotrebnadzorTest\.venv\lib\site-packages\selenium\webdriver\remote\webdriver.py", line 770, in find_element
    return self.execute(Command.FIND_ELEMENT, {"using": by, "value": value})["value"]
  File "C:\Users\KIND\rospotrebnadzorTest\.venv\lib\site-packages\selenium\webdriver\remote\webdriver.py", line 384, in execute
    self.error_handler.check_response(response)
  File "C:\Users\KIND\rospotrebnadzorTest\.venv\lib\site-packages\selenium\webdriver\remote\errorhandler.py", line 232, in check_response
    raise exception_class(message, screen, stacktrace)
selenium.common.exceptions.InvalidSessionIdException: Message: invalid session id
Stacktrace:
	GetHandleVerifier [0x0120C7F3+24435]
	(No symbol) [0x01192074]
	(No symbol) [0x0106055E]
	(No symbol) [0x0109B9D8]
	(No symbol) [0x010CD676]
	(No symbol) [0x010C904C]
	(No symbol) [0x010C85C6]
	(No symbol) [0x01033245]
	(No symbol) [0x0103379E]
	(No symbol) [0x01033C1D]
	GetHandleVerifier [0x015170A3+3213347]
	GetHandleVerifier [0x0152B0C9+3295305]
	GetHandleVerifier [0x0152558C+3271948]
	GetHandleVerifier [0x012A7360+658144]
	(No symbol) [0x0119B27D]
	(No symbol) [0x01032F10]
	(No symbol) [0x01032ACA]
	GetHandleVerifier [0x0159E9AC+3768620]
	BaseThreadInitThunk [0x768CFCC9+25]
	RtlGetAppContainerNamedObjectPath [0x779780CE+286]
	RtlGetAppContainerNamedObjectPath [0x7797809E+238]

2025-03=29 14:1653 ERROR Button Выпадающий список уровней видимости not found or not clickable
2025-03=29 14:1653 ERROR Exception while finding element ('id', 'formLevel_consolidated')
Traceback (most recent call last):
  File "C:\Users\KIND\rospotrebnadzorTest\base\BaseApp.py", line 16, in find_element
    element = WebDriverWait(self.driver, time).until(
  File "C:\Users\KIND\rospotrebnadzorTest\.venv\lib\site-packages\selenium\webdriver\support\wait.py", line 96, in until
    value = method(self._driver)
  File "C:\Users\KIND\rospotrebnadzorTest\.venv\lib\site-packages\selenium\webdriver\support\expected_conditions.py", line 363, in _predicate
    target = driver.find_element(*target)  # grab element at locator
  File "C:\Users\KIND\rospotrebnadzorTest\.venv\lib\site-packages\selenium\webdriver\remote\webdriver.py", line 770, in find_element
    return self.execute(Command.FIND_ELEMENT, {"using": by, "value": value})["value"]
  File "C:\Users\KIND\rospotrebnadzorTest\.venv\lib\site-packages\selenium\webdriver\remote\webdriver.py", line 384, in execute
    self.error_handler.check_response(response)
  File "C:\Users\KIND\rospotrebnadzorTest\.venv\lib\site-packages\selenium\webdriver\remote\errorhandler.py", line 232, in check_response
    raise exception_class(message, screen, stacktrace)
selenium.common.exceptions.InvalidSessionIdException: Message: invalid session id
Stacktrace:
	GetHandleVerifier [0x0120C7F3+24435]
	(No symbol) [0x01192074]
	(No symbol) [0x0106055E]
	(No symbol) [0x0109B9D8]
	(No symbol) [0x010CD676]
	(No symbol) [0x010C904C]
	(No symbol) [0x010C85C6]
	(No symbol) [0x01033245]
	(No symbol) [0x0103379E]
	(No symbol) [0x01033C1D]
	GetHandleVerifier [0x015170A3+3213347]
	GetHandleVerifier [0x0152B0C9+3295305]
	GetHandleVerifier [0x0152558C+3271948]
	GetHandleVerifier [0x012A7360+658144]
	(No symbol) [0x0119B27D]
	(No symbol) [0x01032F10]
	(No symbol) [0x01032ACA]
	GetHandleVerifier [0x0159E9AC+3768620]
	BaseThreadInitThunk [0x768CFCC9+25]
	RtlGetAppContainerNamedObjectPath [0x779780CE+286]
	RtlGetAppContainerNamedObjectPath [0x7797809E+238]

2025-03=29 14:1653 ERROR Button Выбор уровня 'Федеральный' not found or not clickable
2025-03=29 14:1653 ERROR Exception while finding element ('xpath', '//label[contains(text(), "Состояние")]/following-sibling::*')
Traceback (most recent call last):
  File "C:\Users\KIND\rospotrebnadzorTest\base\BaseApp.py", line 16, in find_element
    element = WebDriverWait(self.driver, time).until(
  File "C:\Users\KIND\rospotrebnadzorTest\.venv\lib\site-packages\selenium\webdriver\support\wait.py", line 96, in until
    value = method(self._driver)
  File "C:\Users\KIND\rospotrebnadzorTest\.venv\lib\site-packages\selenium\webdriver\support\expected_conditions.py", line 363, in _predicate
    target = driver.find_element(*target)  # grab element at locator
  File "C:\Users\KIND\rospotrebnadzorTest\.venv\lib\site-packages\selenium\webdriver\remote\webdriver.py", line 770, in find_element
    return self.execute(Command.FIND_ELEMENT, {"using": by, "value": value})["value"]
  File "C:\Users\KIND\rospotrebnadzorTest\.venv\lib\site-packages\selenium\webdriver\remote\webdriver.py", line 384, in execute
    self.error_handler.check_response(response)
  File "C:\Users\KIND\rospotrebnadzorTest\.venv\lib\site-packages\selenium\webdriver\remote\errorhandler.py", line 232, in check_response
    raise exception_class(message, screen, stacktrace)
selenium.common.exceptions.InvalidSessionIdException: Message: invalid session id
Stacktrace:
	GetHandleVerifier [0x0120C7F3+24435]
	(No symbol) [0x01192074]
	(No symbol) [0x0106055E]
	(No symbol) [0x0109B9D8]
	(No symbol) [0x010CD676]
	(No symbol) [0x010C904C]
	(No symbol) [0x010C85C6]
	(No symbol) [0x01033245]
	(No symbol) [0x0103379E]
	(No symbol) [0x01033C1D]
	GetHandleVerifier [0x015170A3+3213347]
	GetHandleVerifier [0x0152B0C9+3295305]
	GetHandleVerifier [0x0152558C+3271948]
	GetHandleVerifier [0x012A7360+658144]
	(No symbol) [0x0119B27D]
	(No symbol) [0x01032F10]
	(No symbol) [0x01032ACA]
	GetHandleVerifier [0x0159E9AC+3768620]
	BaseThreadInitThunk [0x768CFCC9+25]
	RtlGetAppContainerNamedObjectPath [0x779780CE+286]
	RtlGetAppContainerNamedObjectPath [0x7797809E+238]

2025-03=29 14:1653 ERROR Button Поле "Состояние" в реестре отчетов not found or not clickable
2025-03=29 14:1653 ERROR Exception while finding element ('xpath', "//nz-option-item[@ng-reflect-value = 'es_signed']")
Traceback (most recent call last):
  File "C:\Users\KIND\rospotrebnadzorTest\base\BaseApp.py", line 16, in find_element
    element = WebDriverWait(self.driver, time).until(
  File "C:\Users\KIND\rospotrebnadzorTest\.venv\lib\site-packages\selenium\webdriver\support\wait.py", line 96, in until
    value = method(self._driver)
  File "C:\Users\KIND\rospotrebnadzorTest\.venv\lib\site-packages\selenium\webdriver\support\expected_conditions.py", line 363, in _predicate
    target = driver.find_element(*target)  # grab element at locator
  File "C:\Users\KIND\rospotrebnadzorTest\.venv\lib\site-packages\selenium\webdriver\remote\webdriver.py", line 770, in find_element
    return self.execute(Command.FIND_ELEMENT, {"using": by, "value": value})["value"]
  File "C:\Users\KIND\rospotrebnadzorTest\.venv\lib\site-packages\selenium\webdriver\remote\webdriver.py", line 384, in execute
    self.error_handler.check_response(response)
  File "C:\Users\KIND\rospotrebnadzorTest\.venv\lib\site-packages\selenium\webdriver\remote\errorhandler.py", line 232, in check_response
    raise exception_class(message, screen, stacktrace)
selenium.common.exceptions.InvalidSessionIdException: Message: invalid session id
Stacktrace:
	GetHandleVerifier [0x0120C7F3+24435]
	(No symbol) [0x01192074]
	(No symbol) [0x0106055E]
	(No symbol) [0x0109B9D8]
	(No symbol) [0x010CD676]
	(No symbol) [0x010C904C]
	(No symbol) [0x010C85C6]
	(No symbol) [0x01033245]
	(No symbol) [0x0103379E]
	(No symbol) [0x01033C1D]
	GetHandleVerifier [0x015170A3+3213347]
	GetHandleVerifier [0x0152B0C9+3295305]
	GetHandleVerifier [0x0152558C+3271948]
	GetHandleVerifier [0x012A7360+658144]
	(No symbol) [0x0119B27D]
	(No symbol) [0x01032F10]
	(No symbol) [0x01032ACA]
	GetHandleVerifier [0x0159E9AC+3768620]
	BaseThreadInitThunk [0x768CFCC9+25]
	RtlGetAppContainerNamedObjectPath [0x779780CE+286]
	RtlGetAppContainerNamedObjectPath [0x7797809E+238]

2025-03=29 14:1653 ERROR Button Статус 'Утверждён' not found or not clickable
2025-03=29 14:1653 ERROR Exception while finding element ('xpath', '//label[contains(text(), "Периодичность")]/following-sibling::*')
Traceback (most recent call last):
  File "C:\Users\KIND\rospotrebnadzorTest\base\BaseApp.py", line 16, in find_element
    element = WebDriverWait(self.driver, time).until(
  File "C:\Users\KIND\rospotrebnadzorTest\.venv\lib\site-packages\selenium\webdriver\support\wait.py", line 96, in until
    value = method(self._driver)
  File "C:\Users\KIND\rospotrebnadzorTest\.venv\lib\site-packages\selenium\webdriver\support\expected_conditions.py", line 363, in _predicate
    target = driver.find_element(*target)  # grab element at locator
  File "C:\Users\KIND\rospotrebnadzorTest\.venv\lib\site-packages\selenium\webdriver\remote\webdriver.py", line 770, in find_element
    return self.execute(Command.FIND_ELEMENT, {"using": by, "value": value})["value"]
  File "C:\Users\KIND\rospotrebnadzorTest\.venv\lib\site-packages\selenium\webdriver\remote\webdriver.py", line 384, in execute
    self.error_handler.check_response(response)
  File "C:\Users\KIND\rospotrebnadzorTest\.venv\lib\site-packages\selenium\webdriver\remote\errorhandler.py", line 232, in check_response
    raise exception_class(message, screen, stacktrace)
selenium.common.exceptions.InvalidSessionIdException: Message: invalid session id
Stacktrace:
	GetHandleVerifier [0x0120C7F3+24435]
	(No symbol) [0x01192074]
	(No symbol) [0x0106055E]
	(No symbol) [0x0109B9D8]
	(No symbol) [0x010CD676]
	(No symbol) [0x010C904C]
	(No symbol) [0x010C85C6]
	(No symbol) [0x01033245]
	(No symbol) [0x0103379E]
	(No symbol) [0x01033C1D]
	GetHandleVerifier [0x015170A3+3213347]
	GetHandleVerifier [0x0152B0C9+3295305]
	GetHandleVerifier [0x0152558C+3271948]
	GetHandleVerifier [0x012A7360+658144]
	(No symbol) [0x0119B27D]
	(No symbol) [0x01032F10]
	(No symbol) [0x01032ACA]
	GetHandleVerifier [0x0159E9AC+3768620]
	BaseThreadInitThunk [0x768CFCC9+25]
	RtlGetAppContainerNamedObjectPath [0x779780CE+286]
	RtlGetAppContainerNamedObjectPath [0x7797809E+238]

2025-03=29 14:1653 ERROR Button Поле "Периодичность" в реестре отчетов not found or not clickable
2025-03=29 14:1653 ERROR Exception while finding element ('xpath', '//nz-option-item[@ng-reflect-value = "quarterly"]')
Traceback (most recent call last):
  File "C:\Users\KIND\rospotrebnadzorTest\base\BaseApp.py", line 16, in find_element
    element = WebDriverWait(self.driver, time).until(
  File "C:\Users\KIND\rospotrebnadzorTest\.venv\lib\site-packages\selenium\webdriver\support\wait.py", line 96, in until
    value = method(self._driver)
  File "C:\Users\KIND\rospotrebnadzorTest\.venv\lib\site-packages\selenium\webdriver\support\expected_conditions.py", line 363, in _predicate
    target = driver.find_element(*target)  # grab element at locator
  File "C:\Users\KIND\rospotrebnadzorTest\.venv\lib\site-packages\selenium\webdriver\remote\webdriver.py", line 770, in find_element
    return self.execute(Command.FIND_ELEMENT, {"using": by, "value": value})["value"]
  File "C:\Users\KIND\rospotrebnadzorTest\.venv\lib\site-packages\selenium\webdriver\remote\webdriver.py", line 384, in execute
    self.error_handler.check_response(response)
  File "C:\Users\KIND\rospotrebnadzorTest\.venv\lib\site-packages\selenium\webdriver\remote\errorhandler.py", line 232, in check_response
    raise exception_class(message, screen, stacktrace)
selenium.common.exceptions.InvalidSessionIdException: Message: invalid session id
Stacktrace:
	GetHandleVerifier [0x0120C7F3+24435]
	(No symbol) [0x01192074]
	(No symbol) [0x0106055E]
	(No symbol) [0x0109B9D8]
	(No symbol) [0x010CD676]
	(No symbol) [0x010C904C]
	(No symbol) [0x010C85C6]
	(No symbol) [0x01033245]
	(No symbol) [0x0103379E]
	(No symbol) [0x01033C1D]
	GetHandleVerifier [0x015170A3+3213347]
	GetHandleVerifier [0x0152B0C9+3295305]
	GetHandleVerifier [0x0152558C+3271948]
	GetHandleVerifier [0x012A7360+658144]
	(No symbol) [0x0119B27D]
	(No symbol) [0x01032F10]
	(No symbol) [0x01032ACA]
	GetHandleVerifier [0x0159E9AC+3768620]
	BaseThreadInitThunk [0x768CFCC9+25]
	RtlGetAppContainerNamedObjectPath [0x779780CE+286]
	RtlGetAppContainerNamedObjectPath [0x7797809E+238]

2025-03=29 14:1653 ERROR Button Периодичность 'Квартальная' not found or not clickable
2025-03=29 14:1655 ERROR Exception while finding element ('xpath', "//input[@placeholder = 'Начальная дата']")
Traceback (most recent call last):
  File "C:\Users\KIND\rospotrebnadzorTest\base\BaseApp.py", line 16, in find_element
    element = WebDriverWait(self.driver, time).until(
  File "C:\Users\KIND\rospotrebnadzorTest\.venv\lib\site-packages\selenium\webdriver\support\wait.py", line 96, in until
    value = method(self._driver)
  File "C:\Users\KIND\rospotrebnadzorTest\.venv\lib\site-packages\selenium\webdriver\support\expected_conditions.py", line 363, in _predicate
    target = driver.find_element(*target)  # grab element at locator
  File "C:\Users\KIND\rospotrebnadzorTest\.venv\lib\site-packages\selenium\webdriver\remote\webdriver.py", line 770, in find_element
    return self.execute(Command.FIND_ELEMENT, {"using": by, "value": value})["value"]
  File "C:\Users\KIND\rospotrebnadzorTest\.venv\lib\site-packages\selenium\webdriver\remote\webdriver.py", line 384, in execute
    self.error_handler.check_response(response)
  File "C:\Users\KIND\rospotrebnadzorTest\.venv\lib\site-packages\selenium\webdriver\remote\errorhandler.py", line 232, in check_response
    raise exception_class(message, screen, stacktrace)
selenium.common.exceptions.InvalidSessionIdException: Message: invalid session id
Stacktrace:
	GetHandleVerifier [0x0120C7F3+24435]
	(No symbol) [0x01192074]
	(No symbol) [0x0106055E]
	(No symbol) [0x0109B9D8]
	(No symbol) [0x010CD676]
	(No symbol) [0x010C904C]
	(No symbol) [0x010C85C6]
	(No symbol) [0x01033245]
	(No symbol) [0x0103379E]
	(No symbol) [0x01033C1D]
	GetHandleVerifier [0x015170A3+3213347]
	GetHandleVerifier [0x0152B0C9+3295305]
	GetHandleVerifier [0x0152558C+3271948]
	GetHandleVerifier [0x012A7360+658144]
	(No symbol) [0x0119B27D]
	(No symbol) [0x01032F10]
	(No symbol) [0x01032ACA]
	GetHandleVerifier [0x0159E9AC+3768620]
	BaseThreadInitThunk [0x768CFCC9+25]
	RtlGetAppContainerNamedObjectPath [0x779780CE+286]
	RtlGetAppContainerNamedObjectPath [0x7797809E+238]

2025-03=29 14:1655 ERROR Button Поле "Период" в реестре отчетов-год not found or not clickable
2025-03=29 14:1655 ERROR Exception while finding element ('xpath', "//label[@ng-reflect-nz-value = 'Года']")
Traceback (most recent call last):
  File "C:\Users\KIND\rospotrebnadzorTest\base\BaseApp.py", line 16, in find_element
    element = WebDriverWait(self.driver, time).until(
  File "C:\Users\KIND\rospotrebnadzorTest\.venv\lib\site-packages\selenium\webdriver\support\wait.py", line 96, in until
    value = method(self._driver)
  File "C:\Users\KIND\rospotrebnadzorTest\.venv\lib\site-packages\selenium\webdriver\support\expected_conditions.py", line 363, in _predicate
    target = driver.find_element(*target)  # grab element at locator
  File "C:\Users\KIND\rospotrebnadzorTest\.venv\lib\site-packages\selenium\webdriver\remote\webdriver.py", line 770, in find_element
    return self.execute(Command.FIND_ELEMENT, {"using": by, "value": value})["value"]
  File "C:\Users\KIND\rospotrebnadzorTest\.venv\lib\site-packages\selenium\webdriver\remote\webdriver.py", line 384, in execute
    self.error_handler.check_response(response)
  File "C:\Users\KIND\rospotrebnadzorTest\.venv\lib\site-packages\selenium\webdriver\remote\errorhandler.py", line 232, in check_response
    raise exception_class(message, screen, stacktrace)
selenium.common.exceptions.InvalidSessionIdException: Message: invalid session id
Stacktrace:
	GetHandleVerifier [0x0120C7F3+24435]
	(No symbol) [0x01192074]
	(No symbol) [0x0106055E]
	(No symbol) [0x0109B9D8]
	(No symbol) [0x010CD676]
	(No symbol) [0x010C904C]
	(No symbol) [0x010C85C6]
	(No symbol) [0x01033245]
	(No symbol) [0x0103379E]
	(No symbol) [0x01033C1D]
	GetHandleVerifier [0x015170A3+3213347]
	GetHandleVerifier [0x0152B0C9+3295305]
	GetHandleVerifier [0x0152558C+3271948]
	GetHandleVerifier [0x012A7360+658144]
	(No symbol) [0x0119B27D]
	(No symbol) [0x01032F10]
	(No symbol) [0x01032ACA]
	GetHandleVerifier [0x0159E9AC+3768620]
	BaseThreadInitThunk [0x768CFCC9+25]
	RtlGetAppContainerNamedObjectPath [0x779780CE+286]
	RtlGetAppContainerNamedObjectPath [0x7797809E+238]

2025-03=29 14:1655 ERROR Button Календарь фильтр "Год" not found or not clickable
2025-03=29 14:1655 INFO Send 2054 to element Поле 'Начальный год'
2025-03=29 14:1655 ERROR Exception while finding element ('xpath', "//input[@placeholder = 'Начальный год']")
Traceback (most recent call last):
  File "C:\Users\KIND\rospotrebnadzorTest\base\BaseApp.py", line 16, in find_element
    element = WebDriverWait(self.driver, time).until(
  File "C:\Users\KIND\rospotrebnadzorTest\.venv\lib\site-packages\selenium\webdriver\support\wait.py", line 96, in until
    value = method(self._driver)
  File "C:\Users\KIND\rospotrebnadzorTest\.venv\lib\site-packages\selenium\webdriver\support\expected_conditions.py", line 156, in _predicate
    return _element_if_visible(driver.find_element(*locator))
  File "C:\Users\KIND\rospotrebnadzorTest\.venv\lib\site-packages\selenium\webdriver\remote\webdriver.py", line 770, in find_element
    return self.execute(Command.FIND_ELEMENT, {"using": by, "value": value})["value"]
  File "C:\Users\KIND\rospotrebnadzorTest\.venv\lib\site-packages\selenium\webdriver\remote\webdriver.py", line 384, in execute
    self.error_handler.check_response(response)
  File "C:\Users\KIND\rospotrebnadzorTest\.venv\lib\site-packages\selenium\webdriver\remote\errorhandler.py", line 232, in check_response
    raise exception_class(message, screen, stacktrace)
selenium.common.exceptions.InvalidSessionIdException: Message: invalid session id
Stacktrace:
	GetHandleVerifier [0x0120C7F3+24435]
	(No symbol) [0x01192074]
	(No symbol) [0x0106055E]
	(No symbol) [0x0109B9D8]
	(No symbol) [0x010CD676]
	(No symbol) [0x010C904C]
	(No symbol) [0x010C85C6]
	(No symbol) [0x01033245]
	(No symbol) [0x0103379E]
	(No symbol) [0x01033C1D]
	GetHandleVerifier [0x015170A3+3213347]
	GetHandleVerifier [0x0152B0C9+3295305]
	GetHandleVerifier [0x0152558C+3271948]
	GetHandleVerifier [0x012A7360+658144]
	(No symbol) [0x0119B27D]
	(No symbol) [0x01032F10]
	(No symbol) [0x01032ACA]
	GetHandleVerifier [0x0159E9AC+3768620]
	BaseThreadInitThunk [0x768CFCC9+25]
	RtlGetAppContainerNamedObjectPath [0x779780CE+286]
	RtlGetAppContainerNamedObjectPath [0x7797809E+238]

2025-03=29 14:1655 ERROR Element ('xpath', "//input[@placeholder = 'Начальный год']") not found
2025-03=29 14:1655 INFO Send 2054 to element Поле 'Конечный год'
2025-03=29 14:1655 ERROR Exception while finding element ('xpath', "//input[@placeholder = 'Год окончания']")
Traceback (most recent call last):
  File "C:\Users\KIND\rospotrebnadzorTest\base\BaseApp.py", line 16, in find_element
    element = WebDriverWait(self.driver, time).until(
  File "C:\Users\KIND\rospotrebnadzorTest\.venv\lib\site-packages\selenium\webdriver\support\wait.py", line 96, in until
    value = method(self._driver)
  File "C:\Users\KIND\rospotrebnadzorTest\.venv\lib\site-packages\selenium\webdriver\support\expected_conditions.py", line 156, in _predicate
    return _element_if_visible(driver.find_element(*locator))
  File "C:\Users\KIND\rospotrebnadzorTest\.venv\lib\site-packages\selenium\webdriver\remote\webdriver.py", line 770, in find_element
    return self.execute(Command.FIND_ELEMENT, {"using": by, "value": value})["value"]
  File "C:\Users\KIND\rospotrebnadzorTest\.venv\lib\site-packages\selenium\webdriver\remote\webdriver.py", line 384, in execute
    self.error_handler.check_response(response)
  File "C:\Users\KIND\rospotrebnadzorTest\.venv\lib\site-packages\selenium\webdriver\remote\errorhandler.py", line 232, in check_response
    raise exception_class(message, screen, stacktrace)
selenium.common.exceptions.InvalidSessionIdException: Message: invalid session id
Stacktrace:
	GetHandleVerifier [0x0120C7F3+24435]
	(No symbol) [0x01192074]
	(No symbol) [0x0106055E]
	(No symbol) [0x0109B9D8]
	(No symbol) [0x010CD676]
	(No symbol) [0x010C904C]
	(No symbol) [0x010C85C6]
	(No symbol) [0x01033245]
	(No symbol) [0x0103379E]
	(No symbol) [0x01033C1D]
	GetHandleVerifier [0x015170A3+3213347]
	GetHandleVerifier [0x0152B0C9+3295305]
	GetHandleVerifier [0x0152558C+3271948]
	GetHandleVerifier [0x012A7360+658144]
	(No symbol) [0x0119B27D]
	(No symbol) [0x01032F10]
	(No symbol) [0x01032ACA]
	GetHandleVerifier [0x0159E9AC+3768620]
	BaseThreadInitThunk [0x768CFCC9+25]
	RtlGetAppContainerNamedObjectPath [0x779780CE+286]
	RtlGetAppContainerNamedObjectPath [0x7797809E+238]

2025-03=29 14:1655 ERROR Element ('xpath', "//input[@placeholder = 'Год окончания']") not found
2025-03=29 14:1655 ERROR Exception while finding element ('xpath', '(//a[@class = "invisible_link" and contains(text(), "Утвержден")])[1]')
Traceback (most recent call last):
  File "C:\Users\KIND\rospotrebnadzorTest\base\BaseApp.py", line 16, in find_element
    element = WebDriverWait(self.driver, time).until(
  File "C:\Users\KIND\rospotrebnadzorTest\.venv\lib\site-packages\selenium\webdriver\support\wait.py", line 96, in until
    value = method(self._driver)
  File "C:\Users\KIND\rospotrebnadzorTest\.venv\lib\site-packages\selenium\webdriver\support\expected_conditions.py", line 156, in _predicate
    return _element_if_visible(driver.find_element(*locator))
  File "C:\Users\KIND\rospotrebnadzorTest\.venv\lib\site-packages\selenium\webdriver\remote\webdriver.py", line 770, in find_element
    return self.execute(Command.FIND_ELEMENT, {"using": by, "value": value})["value"]
  File "C:\Users\KIND\rospotrebnadzorTest\.venv\lib\site-packages\selenium\webdriver\remote\webdriver.py", line 384, in execute
    self.error_handler.check_response(response)
  File "C:\Users\KIND\rospotrebnadzorTest\.venv\lib\site-packages\selenium\webdriver\remote\errorhandler.py", line 232, in check_response
    raise exception_class(message, screen, stacktrace)
selenium.common.exceptions.InvalidSessionIdException: Message: invalid session id
Stacktrace:
	GetHandleVerifier [0x0120C7F3+24435]
	(No symbol) [0x01192074]
	(No symbol) [0x0106055E]
	(No symbol) [0x0109B9D8]
	(No symbol) [0x010CD676]
	(No symbol) [0x010C904C]
	(No symbol) [0x010C85C6]
	(No symbol) [0x01033245]
	(No symbol) [0x0103379E]
	(No symbol) [0x01033C1D]
	GetHandleVerifier [0x015170A3+3213347]
	GetHandleVerifier [0x0152B0C9+3295305]
	GetHandleVerifier [0x0152558C+3271948]
	GetHandleVerifier [0x012A7360+658144]
	(No symbol) [0x0119B27D]
	(No symbol) [0x01032F10]
	(No symbol) [0x01032ACA]
	GetHandleVerifier [0x0159E9AC+3768620]
	BaseThreadInitThunk [0x768CFCC9+25]
	RtlGetAppContainerNamedObjectPath [0x779780CE+286]
	RtlGetAppContainerNamedObjectPath [0x7797809E+238]

2025-03=29 14:1655 ERROR Exception while finding element ('xpath', '(//a[@class = "invisible_link" and contains(text(), "2054")])[1]')
Traceback (most recent call last):
  File "C:\Users\KIND\rospotrebnadzorTest\base\BaseApp.py", line 16, in find_element
    element = WebDriverWait(self.driver, time).until(
  File "C:\Users\KIND\rospotrebnadzorTest\.venv\lib\site-packages\selenium\webdriver\support\wait.py", line 96, in until
    value = method(self._driver)
  File "C:\Users\KIND\rospotrebnadzorTest\.venv\lib\site-packages\selenium\webdriver\support\expected_conditions.py", line 156, in _predicate
    return _element_if_visible(driver.find_element(*locator))
  File "C:\Users\KIND\rospotrebnadzorTest\.venv\lib\site-packages\selenium\webdriver\remote\webdriver.py", line 770, in find_element
    return self.execute(Command.FIND_ELEMENT, {"using": by, "value": value})["value"]
  File "C:\Users\KIND\rospotrebnadzorTest\.venv\lib\site-packages\selenium\webdriver\remote\webdriver.py", line 384, in execute
    self.error_handler.check_response(response)
  File "C:\Users\KIND\rospotrebnadzorTest\.venv\lib\site-packages\selenium\webdriver\remote\errorhandler.py", line 232, in check_response
    raise exception_class(message, screen, stacktrace)
selenium.common.exceptions.InvalidSessionIdException: Message: invalid session id
Stacktrace:
	GetHandleVerifier [0x0120C7F3+24435]
	(No symbol) [0x01192074]
	(No symbol) [0x0106055E]
	(No symbol) [0x0109B9D8]
	(No symbol) [0x010CD676]
	(No symbol) [0x010C904C]
	(No symbol) [0x010C85C6]
	(No symbol) [0x01033245]
	(No symbol) [0x0103379E]
	(No symbol) [0x01033C1D]
	GetHandleVerifier [0x015170A3+3213347]
	GetHandleVerifier [0x0152B0C9+3295305]
	GetHandleVerifier [0x0152558C+3271948]
	GetHandleVerifier [0x012A7360+658144]
	(No symbol) [0x0119B27D]
	(No symbol) [0x01032F10]
	(No symbol) [0x01032ACA]
	GetHandleVerifier [0x0159E9AC+3768620]
	BaseThreadInitThunk [0x768CFCC9+25]
	RtlGetAppContainerNamedObjectPath [0x779780CE+286]
	RtlGetAppContainerNamedObjectPath [0x7797809E+238]

