[32mINFO    [0m WDM:logger.py:11 ====== WebDriver manager ======
[32mINFO    [0m WDM:logger.py:11 Get LATEST chromedriver version for google-chrome
[32mINFO    [0m WDM:logger.py:11 Get LATEST chromedriver version for google-chrome
[32mINFO    [0m WDM:logger.py:11 Driver [C:\Users\KIND\.wdm\drivers\chromedriver\win64\134.0.6998.165\chromedriver-win32/chromedriver.exe] found in cache
[32mINFO    [0m root:conftest.py:77 –ó–∞–ø—É—Å—Ç–∏–ª–∏ —Ñ–∏–∫—Å—Ç—É—Ä—É –∞–≤—Ç–æ—Ä–∏–∑–∞—Ü–∏–∏
[32mINFO    [0m root:BaseApp.py:66 Send 1test_np to element –ü–æ–ª–µ '–õ–æ–≥–∏–Ω'
[32mINFO    [0m root:BaseApp.py:66 Send Test123$ to element –ü–æ–ª–µ '–ü–∞—Ä–æ–ª—å'
[32mINFO    [0m root:BaseApp.py:97 Clicked –ö–Ω–æ–ø–∫–∞ '–í–æ–π—Ç–∏' button
[32mINFO    [0m root:BaseApp.py:114 We find text –î–æ—Å—Ç—É–ø–Ω—ã–µ –¥–ª—è —Ä–∞–±–æ—Ç—ã –º–æ–¥—É–ª–∏: in field –¢–µ–∫—Å—Ç –º–µ–Ω—é –ø–æ—Å–ª–µ –∞–≤—Ç–æ—Ä–∏–∑–∞—Ü–∏–∏
[32mINFO    [0m root:conftest.py:86 –ü–æ–ª—å–∑–æ–≤–∞—Ç–µ–ª—å –≤–≤–µ–ª –ª–æ–≥–∏–Ω –∏ –ø–∞—Ä–æ–ª—å. –ù–∞–∂–∞–ª –∫–Ω–æ–ø–∫—É –≤—Ö–æ–¥–∞
[32mINFO    [0m root:test_new_filter_reports.py:16 –ó–∞–ø—É—Å—Ç–∏–ª–∏ —Ç–µ—Å—Ç –ø—Ä–æ–≤–µ—Ä–∫–∏ —Ñ–∏–ª—å—Ç—Ä–∞—Ü–∏–∏ –Ω–∞ —Ä–∞–π–æ–Ω–Ω–æ–º —É—Ä–æ–≤–Ω–µ
[32mINFO    [0m root:BaseApp.py:97 Clicked –ò–∫–æ–Ω–∫–∞ '–°–¢–ê–¢ –æ—Ç—á–µ—Ç–Ω–æ—Å—Ç—å' button
[32mINFO    [0m root:BaseApp.py:97 Clicked –†–∞–∑–¥–µ–ª '–û—Ç—á—ë—Ç—ã –æ—Ä–≥–∞–Ω–∏–∑–∞—Ü–∏–π –†–æ—Å–ø–æ—Ç—Ä–µ–±–Ω–∞–¥–∑–æ—Ä–∞' button
[32mINFO    [0m root:BaseApp.py:97 Clicked –ö–Ω–æ–ø–∫–∞ '–§–æ—Ä–º–∞ ‚Ññ12-23' button
[32mINFO    [0m root:BaseApp.py:97 Clicked –í—ã–ø–∞–¥–∞—é—â–∏–π —Å–ø–∏—Å–æ–∫ —É—Ä–æ–≤–Ω–µ–π –≤–∏–¥–∏–º–æ—Å—Ç–∏ button
[32mINFO    [0m root:BaseApp.py:97 Clicked –í—ã–±–æ—Ä —É—Ä–æ–≤–Ω—è '–†–∞–π–æ–Ω–Ω—ã–π' button
[32mINFO    [0m root:BaseApp.py:114 We find text –†–∞–π–æ–Ω in field –ü–æ–¥—Ç–≤–µ—Ä–∂–¥–µ–Ω–∏–µ —É—Ä–æ–≤–Ω—è '–†–∞–π–æ–Ω–Ω—ã–π'
[1m[31mERROR   [0m root:BaseApp.py:95 Exception with click
Traceback (most recent call last):
  File "C:\Users\KIND\rospotrebnadzorTest\base\BaseApp.py", line 93, in click_button
    button.click()
  File "C:\Users\KIND\rospotrebnadzorTest\.venv\lib\site-packages\selenium\webdriver\remote\webelement.py", line 94, in click
    self._execute(Command.CLICK_ELEMENT)
  File "C:\Users\KIND\rospotrebnadzorTest\.venv\lib\site-packages\selenium\webdriver\remote\webelement.py", line 395, in _execute
    return self._parent.execute(command, params)
  File "C:\Users\KIND\rospotrebnadzorTest\.venv\lib\site-packages\selenium\webdriver\remote\webdriver.py", line 384, in execute
    self.error_handler.check_response(response)
  File "C:\Users\KIND\rospotrebnadzorTest\.venv\lib\site-packages\selenium\webdriver\remote\errorhandler.py", line 232, in check_response
    raise exception_class(message, screen, stacktrace)
selenium.common.exceptions.ElementClickInterceptedException: Message: element click intercepted: Element <input autocomplete="off" class="ant-select-selection-search-input ng-untouched ng-pristine ng-valid" ng-reflect-is-disabled="false"> is not clickable at point (267, 154). Other element would receive the click: <div _ngcontent-ng-c4159471128="" class="spinner-panel">...</div>
  (Session info: chrome=134.0.6998.178)
Stacktrace:
	GetHandleVerifier [0x0120C7F3+24435]
	(No symbol) [0x01192074]
	(No symbol) [0x010606E3]
	(No symbol) [0x010AEDD0]
	(No symbol) [0x010AD174]
	(No symbol) [0x010AAD17]
	(No symbol) [0x010AA001]
	(No symbol) [0x0109E685]
	(No symbol) [0x010CD7BC]
	(No symbol) [0x0109E114]
	(No symbol) [0x010CDA34]
	(No symbol) [0x010EF20A]
	(No symbol) [0x010CD5B6]
	(No symbol) [0x0109C54F]
	(No symbol) [0x0109D894]
	GetHandleVerifier [0x015170A3+3213347]
	GetHandleVerifier [0x0152B0C9+3295305]
	GetHandleVerifier [0x0152558C+3271948]
	GetHandleVerifier [0x012A7360+658144]
	(No symbol) [0x0119B27D]
	(No symbol) [0x01198208]
	(No symbol) [0x011983A9]
	(No symbol) [0x0118AAC0]
	BaseThreadInitThunk [0x768CFCC9+25]
	RtlGetAppContainerNamedObjectPath [0x779780CE+286]
	RtlGetAppContainerNamedObjectPath [0x7797809E+238]

[1m[31mERROR   [0m root:BaseApp.py:22 Exception while finding element ('xpath', '//nz-option-item[@title="–†–§"]')
Traceback (most recent call last):
  File "C:\Users\KIND\rospotrebnadzorTest\base\BaseApp.py", line 16, in find_element
    element = WebDriverWait(self.driver, time).until(
  File "C:\Users\KIND\rospotrebnadzorTest\.venv\lib\site-packages\selenium\webdriver\support\wait.py", line 105, in until
    raise TimeoutException(message, screen, stacktrace)
selenium.common.exceptions.TimeoutException: Message: Can't find element by locator ('xpath', '//nz-option-item[@title="–†–§"]')
Stacktrace:
	GetHandleVerifier [0x0120C7F3+24435]
	(No symbol) [0x01192074]
	(No symbol) [0x010606E3]
	(No symbol) [0x010A8B39]
	(No symbol) [0x010A8E8B]
	(No symbol) [0x010F1AC2]
	(No symbol) [0x010CD804]
	(No symbol) [0x010EF20A]
	(No symbol) [0x010CD5B6]
	(No symbol) [0x0109C54F]
	(No symbol) [0x0109D894]
	GetHandleVerifier [0x015170A3+3213347]
	GetHandleVerifier [0x0152B0C9+3295305]
	GetHandleVerifier [0x0152558C+3271948]
	GetHandleVerifier [0x012A7360+658144]
	(No symbol) [0x0119B27D]
	(No symbol) [0x01198208]
	(No symbol) [0x011983A9]
	(No symbol) [0x0118AAC0]
	BaseThreadInitThunk [0x768CFCC9+25]
	RtlGetAppContainerNamedObjectPath [0x779780CE+286]
	RtlGetAppContainerNamedObjectPath [0x7797809E+238]

[1m[31mERROR   [0m root:BaseApp.py:90 Button –†–§ –∏–∑ –≤—ã–ø–∞–¥–∞—é—â–µ–≥–æ —Å–ø–∏—Å–∫–∞ not found or not clickable
[32mINFO    [0m root:BaseApp.py:97 Clicked –†–µ–≥–∏–æ–Ω (–≤—ã–ø–∞–¥–∞—é—â–∏–π —Å–ø–∏—Å–æ–∫) button
[32mINFO    [0m root:BaseApp.py:97 Clicked –ú–æ—Å–∫–≤–∞ –∏–∑ –≤—ã–ø–∞–¥–∞—é—â–µ–≥–æ —Å–ø–∏—Å–∫–∞ button
[32mINFO    [0m root:BaseApp.py:97 Clicked –†–∞–π–æ–Ω (–≤—ã–ø–∞–¥–∞—é—â–∏–π —Å–ø–∏—Å–æ–∫) button
[32mINFO    [0m root:BaseApp.py:97 Clicked –í–æ—Å—Ç–æ—á–Ω—ã–π —Ä–∞–π–æ–Ω –ú–æ—Å–∫–≤–∞ button
[32mINFO    [0m root:BaseApp.py:114 We find text –í–æ—Å—Ç–æ—á–Ω—ã–π in field –£—Å–ø–µ—à–Ω–∞—è –ø—Ä–æ–≤–µ—Ä–∫–∞ —Ñ–∏–ª—å—Ç—Ä–∞—Ü–∏–∏ –ø–æ —Ä–∞–π–æ–Ω—É
[32mINFO    [0m root:BaseApp.py:97 Clicked –ü–æ–ª–µ "–°–æ—Å—Ç–æ—è–Ω–∏–µ" –≤ —Ä–µ–µ—Å—Ç—Ä–µ –æ—Ç—á–µ—Ç–æ–≤ button
[32mINFO    [0m root:BaseApp.py:97 Clicked –°—Ç–∞—Ç—É—Å '–£—Ç–≤–µ—Ä–∂–¥—ë–Ω' button
[32mINFO    [0m root:BaseApp.py:97 Clicked –ü–æ–ª–µ "–ü–µ—Ä–∏–æ–¥–∏—á–Ω–æ—Å—Ç—å" –≤ —Ä–µ–µ—Å—Ç—Ä–µ –æ—Ç—á–µ—Ç–æ–≤ button
[32mINFO    [0m root:BaseApp.py:97 Clicked –ü–µ—Ä–∏–æ–¥–∏—á–Ω–æ—Å—Ç—å '–ö–≤–∞—Ä—Ç–∞–ª—å–Ω–∞—è' button
[32mINFO    [0m root:BaseApp.py:97 Clicked –ü–æ–ª–µ "–ü–µ—Ä–∏–æ–¥" –≤ —Ä–µ–µ—Å—Ç—Ä–µ –æ—Ç—á–µ—Ç–æ–≤-–≥–æ–¥ button
[32mINFO    [0m root:BaseApp.py:97 Clicked –ö–∞–ª–µ–Ω–¥–∞—Ä—å —Ñ–∏–ª—å—Ç—Ä "–ì–æ–¥" button
[32mINFO    [0m root:BaseApp.py:66 Send 2054 to element –ü–æ–ª–µ '–ù–∞—á–∞–ª—å–Ω—ã–π –≥–æ–¥'
[32mINFO    [0m root:BaseApp.py:76 Pressed ENTER after entering '2054' into –ü–æ–ª–µ '–ù–∞—á–∞–ª—å–Ω—ã–π –≥–æ–¥'
[32mINFO    [0m root:BaseApp.py:66 Send 2054 to element –ü–æ–ª–µ '–ö–æ–Ω–µ—á–Ω—ã–π –≥–æ–¥'
[32mINFO    [0m root:BaseApp.py:76 Pressed ENTER after entering '2054' into –ü–æ–ª–µ '–ö–æ–Ω–µ—á–Ω—ã–π –≥–æ–¥'
[32mINFO    [0m root:BaseApp.py:114 We find text –£—Ç–≤–µ—Ä–∂–¥–µ–Ω in field –£—Å–ø–µ—à–Ω–∞—è –ø—Ä–æ–≤–µ—Ä–∫–∞ —Ñ–∏–ª—å—Ç—Ä–∞—Ü–∏–∏ –ø–æ —Å–æ—Å—Ç–æ—è–Ω–∏—é
[32mINFO    [0m root:BaseApp.py:114 We find text 1 –∫–≤–∞—Ä—Ç–∞–ª 2054 –≥–æ–¥–∞ (–Ω–∞—Ä–∞—Å—Ç–∞—é—â–∏–π –∏—Ç–æ–≥) in field –£—Å–ø–µ—à–Ω–∞—è –ø—Ä–æ–≤–µ—Ä–∫–∞ —Ñ–∏–ª—å—Ç—Ä–∞—Ü–∏–∏ –ø–æ –ø–µ—Ä–∏–æ–¥—É
[32mINFO    [0m root:test_new_filter_reports.py:59 –ó–∞–∫–æ–Ω—á–∏–ª–∏ —Ç–µ—Å—Ç –ø—Ä–æ–≤–µ—Ä–∫–∏ —Ñ–∏–ª—å—Ç—Ä–∞—Ü–∏–∏ –Ω–∞ —Ä–∞–π–æ–Ω–Ω–æ–º —É—Ä–æ–≤–Ω–µ
[32mINFO    [0m root:BaseApp.py:139 –°—Ç—Ä–∞–Ω–∏—Ü–∞ —É—Å–ø–µ—à–Ω–æ –ø–µ—Ä–µ–∑–∞–≥—Ä—É–∂–µ–Ω–∞